"../../../../../../Rad_Racers_New/Content/Art/Checkpoints/AlternateStart+Finish/Textures/New_folder/Checkpoint_1_V3initialShadingGroup_BaseColor.uasset" 0
"../../../../../../Rad_Racers_New/Content/Art/Extra_Buildings/BaseColor.uasset" 1
"../../../../../../Rad_Racers_New/Content/Art/Master_Material/Base_Metal_BaseColor.uasset" 2
"../../../../../../Rad_Racers_New/Content/Art/Master_Material/Base_Metal_BD_12_07_19_initialShadingGroup_Normal.uasset" 3
"../../../../../../Rad_Racers_New/Content/Art/Master_Material/Base_Metal_BD_12_07_19_ORM.uasset" 4
"../../../../../../Rad_Racers_New/Content/Art/Powerup/Boost/Base/Neon1_Boost_Powerup_1_Low_V1_BD_23_07_19_initialShadingGroup_BaseColor.uasset" 5
"../../../../../../Rad_Racers_New/Content/Art/Tracks/Newtracks/Base/Roughness_Track_r.uasset" 6
"../../../../../../Rad_Racers_New/Content/Art/Tracks/Track1/Track_Base/Neon1_Track_2_Base.uasset" 7
"../../../../../../Rad_Racers_New/Content/Art/Master_Material/Master_Material.uasset" 8
"../../../../../../Rad_Racers_New/Content/Art/High_poly/Building_5_lambert2_Emissive.uasset" 9
"../../../../../../Rad_Racers_New/Content/Art/High_poly/Building_5_lambert2_Normal.uasset" 10
"../../../../../../Rad_Racers_New/Content/Art/High_poly/Building_5_lambert2_ORM.uasset" 11
"../../../../../../Rad_Racers_New/Content/Art/High_poly/Building_5BaseColor.uasset" 12
"../../../../../../Rad_Racers_New/Content/Art/High_poly/High_Poly_5_Blue.uasset" 13
"../../../../../../Rad_Racers_New/Content/Art/High_poly/Building_4_BaseColor.uasset" 14
"../../../../../../Rad_Racers_New/Content/Art/High_poly/Building_4_lambert1_Emissive.uasset" 15
"../../../../../../Rad_Racers_New/Content/Art/High_poly/Building_4_lambert1_Normal.uasset" 16
"../../../../../../Rad_Racers_New/Content/Art/High_poly/Building_4_ORM.uasset" 17
"../../../../../../Rad_Racers_New/Content/Art/High_poly/High_Poly_4_Red.uasset" 18
"../../../../../../Rad_Racers_New/Content/Art/Extra_Buildings/BUILDING_4Normal.uasset" 19
"../../../../../../Rad_Racers_New/Content/Art/Extra_Buildings/Emissive.uasset" 20
"../../../../../../Rad_Racers_New/Content/Art/High_poly/Building_61_Emissive.uasset" 21
"../../../../../../Rad_Racers_New/Content/Art/High_poly/Building_6_1_Metallic.uasset" 22
"../../../../../../Rad_Racers_New/Content/Art/High_poly/Building_6_BaseColor.uasset" 23
"../../../../../../Rad_Racers_New/Content/Art/Extra_Buildings/Extra_4_Blue.uasset" 24
"../../../../../../Rad_Racers_New/Content/Art/Extra_Buildings/BUILDING_4.uasset" 25
"../../../../../../Rad_Racers_New/Content/Art/Extra_Buildings/LOW__BUILDING_3.uasset" 26
"../../../../../../Rad_Racers_New/Content/Art/Extra_Buildings/LOW_BUILDING_3_Normal.uasset" 27
"../../../../../../Rad_Racers_New/Content/Art/Extra_Buildings/Extra_5_Blue.uasset" 28
"../../../../../../Rad_Racers_New/Content/Art/Extra_Buildings/ENVIRONMENT_BUILDING_3.uasset" 29
"../../../../../../Rad_Racers_New/Content/Art/Extra_Buildings/ENVIRONMENT_BUILDING_3ORM.uasset" 30
"../../../../../../Rad_Racers_New/Content/Art/High_poly/Building_6_1_Normal.uasset" 31
"../../../../../../Rad_Racers_New/Content/Art/Extra_Buildings/Extra_2_Red.uasset" 32
"../../../../../../Rad_Racers_New/Content/Art/Extra_Buildings/Envrio_Low.uasset" 33
"../../../../../../Rad_Racers_New/Content/Art/Extra_Buildings/Extra_1_Red.uasset" 34
"../../../../../../Rad_Racers_New/Content/Art/Extra_Buildings/Envrio_Low_Building1.uasset" 35
"../../../../../../Rad_Racers_New/Content/Art/Extra_Buildings/Envrio_Low_Building1_.uasset" 36
"../../../../../../Rad_Racers_New/Content/Art/Extra_Buildings/Envrio_Low_Building2_Base.uasset" 37
"../../../../../../Rad_Racers_New/Content/Art/Extra_Buildings/Extra_1_Green.uasset" 38
"../../../../../../Rad_Racers_New/Content/Art/Extra_Buildings/Extra_1_Purple.uasset" 39
"../../../../../../Rad_Racers_New/Content/Art/Extra_Buildings/Extra_1_Yellow.uasset" 40
"../../../../../../Rad_Racers_New/Content/Art/Extra_Buildings/Extra_2_Green.uasset" 41
"../../../../../../Rad_Racers_New/Content/Art/Extra_Buildings/Extra_2_Purple.uasset" 42
"../../../../../../Rad_Racers_New/Content/Art/Extra_Buildings/Extra_2_Yellow.uasset" 43
"../../../../../../Rad_Racers_New/Content/Art/Extra_Buildings/Neon1_Envrio_Low.uasset" 44
"../../../../../../Rad_Racers_New/Content/Art/Extra_Buildings/Extra_3_Green.uasset" 45
"../../../../../../Rad_Racers_New/Content/Art/Extra_Buildings/Extra_3_Purple.uasset" 46
"../../../../../../Rad_Racers_New/Content/Art/Extra_Buildings/Extra_4_Green.uasset" 47
"../../../../../../Rad_Racers_New/Content/Art/Extra_Buildings/Extra_4_Purple.uasset" 48
"../../../../../../Rad_Racers_New/Content/Art/Extra_Buildings/Extra_4_Red.uasset" 49
"../../../../../../Rad_Racers_New/Content/Art/Extra_Buildings/Extra_4_Yellow.uasset" 50
"../../../../../../Rad_Racers_New/Content/Art/Extra_Buildings/Extra_5_Green.uasset" 51
"../../../../../../Rad_Racers_New/Content/Art/Extra_Buildings/Extra_5_Purple.uasset" 52
"../../../../../../Rad_Racers_New/Content/Art/Extra_Buildings/Extra_5_Red.uasset" 53
"../../../../../../Rad_Racers_New/Content/Art/Extra_Buildings/Extra_5_Yellow.uasset" 54
"../../../../../../Rad_Racers_New/Content/Art/Extra_Buildings/Extra_3_Red.uasset" 55
"../../../../../../Rad_Racers_New/Content/Art/Extra_Buildings/GJ_Envrio_Low_.uasset" 56
"../../../../../../Rad_Racers_New/Content/Art/Extra_Buildings/LOW_BUILDING_3BaseColor.uasset" 57
"../../../../../../Rad_Racers_New/Content/Art/Extra_Buildings/M6_ORM.uasset" 58
"../../../../../../Rad_Racers_New/Content/Art/High_poly/Building_4Emissive.uasset" 59
"../../../../../../Rad_Racers_New/Content/Art/High_poly/Building_5_Emissive.uasset" 60
"../../../../../../Rad_Racers_New/Content/Art/High_poly/Building_6Emissive.uasset" 61
"../../../../../../Rad_Racers_New/Content/Art/High_poly/Building_6_1_Roughness.uasset" 62
"../../../../../../Rad_Racers_New/Content/Art/High_poly/Building_6_altNormal.uasset" 63
"../../../../../../Rad_Racers_New/Content/Art/High_poly/Building_6_alt_BaseColor.uasset" 64
"../../../../../../Rad_Racers_New/Content/Art/High_poly/Building_6_alt_lambert1_ORM.uasset" 65
"../../../../../../Rad_Racers_New/Content/Art/High_poly/Building_6_Height.uasset" 66
"../../../../../../Rad_Racers_New/Content/Art/High_poly/Building_7_1_Emissive.uasset" 67
"../../../../../../Rad_Racers_New/Content/Art/High_poly/Building_7_1_Emissive_Copy.uasset" 68
"../../../../../../Rad_Racers_New/Content/Art/High_poly/Building_7_1_Height.uasset" 69
"../../../../../../Rad_Racers_New/Content/Art/High_poly/Building_7_1_Roughness.uasset" 70
"../../../../../../Rad_Racers_New/Content/Art/High_poly/High_Poly_4_Green.uasset" 71
"../../../../../../Rad_Racers_New/Content/Art/High_poly/High_Poly_4_Purple.uasset" 72
"../../../../../../Rad_Racers_New/Content/Art/Idiot_s_buildings/GJ_Envrio_Kit_Buildings.uasset" 73
"../../../../../../Rad_Racers_New/Content/Art/Idiot_s_buildings/GJ_Envrio_Kit_Buildings_v6.uasset" 74
"../../../../../../Rad_Racers_New/Content/Art/Idiot_s_buildings/GJ_Envrio_Kit_Buildings_v7.uasset" 75
"../../../../../../Rad_Racers_New/Content/Art/Idiot_s_buildings/GJ_Envrio_Kit_Buildings_v7_.uasset" 76
"../../../../../../Rad_Racers_New/Content/Art/Idiot_s_buildings/GJ_Envrio_Kit_Buildings_v8.uasset" 77
"../../../../../../Rad_Racers_New/Content/Art/Idiot_s_buildings/GJ_Envrio_Kit_Buildings_v9.uasset" 78
"../../../../../../Rad_Racers_New/Content/Art/Idiot_s_buildings/Harrys_Buildings_Mat.uasset" 79
"../../../../../../Rad_Racers_New/Content/Art/Idiot_s_buildings/GJ_Kit_Buildings_v10.uasset" 80
"../../../../../../Rad_Racers_New/Content/Art/Idiot_s_buildings/GJ_Kit_Buildings_v11.uasset" 81
"../../../../../../Rad_Racers_New/Content/Art/Idiot_s_buildings/GJ_Kit_Buildings_v12.uasset" 82
"../../../../../../Rad_Racers_New/Content/Art/Idiot_s_buildings/GJ_Kit_Buildings_v4.uasset" 83
"../../../../../../Rad_Racers_New/Content/Art/Low_poly/Building_1_low_Emissive.uasset" 84
"../../../../../../Rad_Racers_New/Content/Art/Low_poly/Building_2__low_Emissive.uasset" 85
"../../../../../../Rad_Racers_New/Content/Art/Low_poly/Building_3_Emissive.uasset" 86
"../../../../../../Rad_Racers_New/Content/Art/Low_poly/lambert1.uasset" 87
"../../../../../../Rad_Racers_New/Content/Art/Low_poly/Building_1__low_poly__lambert1_Emissive.uasset" 88
"../../../../../../Rad_Racers_New/Content/Art/Low_poly/Building_1_low_ORM.uasset" 89
"../../../../../../Rad_Racers_New/Content/Art/Low_poly/Building_1_lowBaseColor.uasset" 90
"../../../../../../Rad_Racers_New/Content/Art/Low_poly/Building_1_Normal.uasset" 91
"../../../../../../Rad_Racers_New/Content/Art/Low_poly/Low_Poly_1_Blue.uasset" 92
"../../../../../../Rad_Racers_New/Content/Art/Low_poly/Building_2__low_poly__lambert1_Emissive.uasset" 93
"../../../../../../Rad_Racers_New/Content/Art/Low_poly/Building_2__low_poly__lambert1_Normal.uasset" 94
"../../../../../../Rad_Racers_New/Content/Art/Low_poly/Building_2_low_BaseColor.uasset" 95
"../../../../../../Rad_Racers_New/Content/Art/Low_poly/Building_2_low_ORM.uasset" 96
"../../../../../../Rad_Racers_New/Content/Art/Low_poly/Low_Poly_2_Purple.uasset" 97
"../../../../../../Rad_Racers_New/Content/Art/Low_poly/Building_3_BaseColor.uasset" 98
"../../../../../../Rad_Racers_New/Content/Art/Low_poly/Building_3_lambert1_Emissive.uasset" 99
"../../../../../../Rad_Racers_New/Content/Art/Low_poly/Building_3_ORM.uasset" 100
"../../../../../../Rad_Racers_New/Content/Art/Low_poly/Building_3Normal.uasset" 101
"../../../../../../Rad_Racers_New/Content/Art/Low_poly/Low_Poly_3_Green.uasset" 102
"../../../../../../Rad_Racers_New/Content/Art/Main_Menu_Art/Level_Select_V1.uasset" 103
"../../../../../../Rad_Racers_New/Content/Art/Main_Menu_Art/Main_Menu_V1.uasset" 104
"../../../../../../Rad_Racers_New/Content/Art/Main_Menu_Art/Options_V1.uasset" 105
"../../../../../../Rad_Racers_New/Content/Art/Main_Menu_Art/Pause_Screen_1.uasset" 106
"../../../../../../Rad_Racers_New/Content/Art/Main_Menu_Art/Pause_screen_2.uasset" 107
"../../../../../../Rad_Racers_New/Content/Art/Main_Menu_Art/Pause_Screen_3.uasset" 108
"../../../Engine/Content/Functions/Engine_MaterialFunctions01/Density/ExponentialDensity.uasset" 109
"../../../Engine/Content/Functions/Engine_MaterialFunctions01/Gradient/RadialGradientExponential.uasset" 110
"../../../../../../Rad_Racers_New/Content/Art/Particles/NewMaterial.uasset" 111
"../../../../../../Rad_Racers_New/Content/Art/Particles/NewParticleSystem2.uasset" 112
"../../../../../../Rad_Racers_New/Content/Art/Powerup/Boost/Holo/Boost_1_Low_V1_Normal.uasset" 113
"../../../../../../Rad_Racers_New/Content/Art/Powerup/Boost/Holo/Boost_1_Low_V1_ORM.uasset" 114
"../../../../../../Rad_Racers_New/Content/Art/Powerup/Boost/Holo/Boost_Powerup_BaseColor.uasset" 115
"../../../../../../Rad_Racers_New/Content/Art/Terrain/Plane_lambert1_Base.uasset" 116
"../../../../../../Rad_Racers_New/Content/Art/Terrain/Plane_lambert1_Normal.uasset" 117
"../../../../../../Rad_Racers_New/Content/Art/Terrain/Plane_lambert1_ORM.uasset" 118
"../../../../../../Rad_Racers_New/Content/Art/Tracks/Newtracks/AlternateTrack/Opacity/Track_2_Base.uasset" 119
"../../../../../../Rad_Racers_New/Content/Art/Tracks/Newtracks/AlternateTrack/Opacity/Track_2_Low_ORM.uasset" 120
"../../../../../../Rad_Racers_New/Content/Art/Tracks/Newtracks/AlternateTrack/Opacity/Track_2_LowNormal.uasset" 121
"../../../../../../Rad_Racers_New/Content/Art/Tracks/AlternateTrack/AlternateTrack/Opacity/NewMaterial.uasset" 122
"../../../../../../Rad_Racers_New/Content/Art/Tracks/Newtracks/Base/Neon1_Track_Base.uasset" 123
"../../../../../../Rad_Racers_New/Content/Art/Tracks/Newtracks/Base/Neon2_Track_2Base.uasset" 124
"../../../../../../Rad_Racers_New/Content/Art/Tracks/Newtracks/Base/Neon3_Track_2Base.uasset" 125
"../../../../../../Rad_Racers_New/Content/Art/Tracks/Newtracks/Base/Roughness2_Track_Low.uasset" 126
"../../../../../../Rad_Racers_New/Content/Art/Tracks/Newtracks/Base/Track_2_Low_ORM.uasset" 127
"../../../../../../Rad_Racers_New/Content/Art/Tracks/AlternateTrack/AlternateTrack/Master_Material_Inst1.uasset" 128
"../../../../../../Rad_Racers_New/Content/Art/Tracks/AlternateTrack/AlternateTrack/Neon1_Track_LowBase.uasset" 129
"../../../../../../Rad_Racers_New/Content/Art/Tracks/AlternateTrack/AlternateTrack/Neon2_Track_2_Low.uasset" 130
"../../../../../../Rad_Racers_New/Content/Art/Tracks/AlternateTrack/AlternateTrack/Track_2_LowNormal.uasset" 131
"../../../../../../Rad_Racers_New/Content/Art/Tracks/AlternateTrack/AlternateTrack/Track_2_LowTest_BD.uasset" 132
"../../../../../../Rad_Racers_New/Content/Art/Tracks/AlternateTrack/AlternateTrack/Track_2_LowTest_ORM.uasset" 133
"../../../../../../Rad_Racers_New/Content/Art/Tracks/AlternateTrack/AlternateTrack/Master_Material_Track2Sides.uasset" 134
"../../../../../../Rad_Racers_New/Content/Art/Tracks/AlternateTrack/Track_2_LeftWallOnly_Low_BD_24_07_19.uasset" 135
"../../../../../../Rad_Racers_New/Content/Art/Tracks/AlternateTrack/Track_2_RightWallOnly_Low_BD_24_07_19.uasset" 136
"../../../../../../Rad_Racers_New/Content/Art/Tracks/AlternateTrack/AlternateTrack/Opacity/Track_2Normal.uasset" 137
"../../../../../../Rad_Racers_New/Content/Art/Tracks/AlternateTrack/AlternateTrack/Opacity/Track_2_LowBase.uasset" 138
"../../../../../../Rad_Racers_New/Content/Art/Tracks/AlternateTrack/AlternateTrack/Opacity/Track_2_Low_ORM.uasset" 139
"../../../../../../Rad_Racers_New/Content/Art/Tracks/Newtracks/NewMaterial.uasset" 140
"../../../../../../Rad_Racers_New/Content/Art/Tracks/Newtracks/mAT_Inst1.uasset" 141
"../../../../../../Rad_Racers_New/Content/Art/Tracks/Newtracks/AlternateTrack/Neon1_Track_2_Low_Base.uasset" 142
"../../../../../../Rad_Racers_New/Content/Art/Tracks/Newtracks/AlternateTrack/Neon2_Track_2_Low_Base.uasset" 143
"../../../../../../Rad_Racers_New/Content/Art/Tracks/Newtracks/AlternateTrack/Track_2_Low_Normal.uasset" 144
"../../../../../../Rad_Racers_New/Content/Art/Tracks/Newtracks/AlternateTrack/Track_2_LowBase.uasset" 145
"../../../../../../Rad_Racers_New/Content/Art/Tracks/Newtracks/AlternateTrack/Track_2_LowTest_ORM.uasset" 146
"../../../../../../Rad_Racers_New/Content/Art/Tracks/Newtracks/MAT_Track2Sides.uasset" 147
"../../../../../../Rad_Racers_New/Content/Art/Tracks/Newtracks/Track_2_LeftWallOnly_Low.uasset" 148
"../../../../../../Rad_Racers_New/Content/Art/Tracks/Newtracks/AlternateTrack/Track_2_Low.uasset" 149
"../../../../../../Rad_Racers_New/Content/Art/Tracks/Newtracks/Base/Track_2_Low_Base.uasset" 150
"../../../../../../Rad_Racers_New/Content/Art/Tracks/Newtracks/Base/Track_2_Low_Normal.uasset" 151
"../../../../../../Rad_Racers_New/Content/Art/Tracks/Newtracks/Sides/Neon2_Track_Low_Base.uasset" 152
"../../../../../../Rad_Racers_New/Content/Art/Tracks/Newtracks/Sides/Neon3_Track_LowBase.uasset" 153
"../../../../../../Rad_Racers_New/Content/Art/Tracks/Newtracks/Sides/Track_Low_Base.uasset" 154
"../../../../../../Rad_Racers_New/Content/Art/Tracks/Newtracks/Sides/Track_Low_Normal.uasset" 155
"../../../../../../Rad_Racers_New/Content/Art/Tracks/Newtracks/Sides/Track_Low_ORM.uasset" 156
"../../../../../../Rad_Racers_New/Content/Art/Tracks/Track3/Sides/Neon1_Track3_Low_.uasset" 157
"../../../../../../Rad_Racers_New/Content/Art/Tracks/Track3/Sides/Alternate/Opacity/Track2_LowAlternate_ORM.uasset" 158
"../../../../../../Rad_Racers_New/Content/Art/Tracks/Track3/Sides/Alternate/Opacity/Track2_LowAlternateBase.uasset" 159
"../../../../../../Rad_Racers_New/Content/Art/Tracks/Track3/Sides/Alternate/Opacity/Track2_LowAlternateNormal.uasset" 160
"../../../../../../Rad_Racers_New/Content/Art/Tracks/Track3/MAT_Track2_Opacity.uasset" 161
"../../../Engine/Content/EngineMaterials/DefaultDiffuse.uasset" 162
"../../../../../../Rad_Racers_New/Content/Art/Tracks/Track3/Textures/CustomRoughness_.uasset" 163
"../../../../../../Rad_Racers_New/Content/Art/Tracks/Track3/Textures/CustomRoughnessInvert.uasset" 164
"../../../../../../Rad_Racers_New/Content/Art/Tracks/Track3/Textures/Neon1_Track3_Low.uasset" 165
"../../../../../../Rad_Racers_New/Content/Art/Tracks/Track3/Textures/Neon2_Track3_Low.uasset" 166
"../../../../../../Rad_Racers_New/Content/Art/Tracks/Track3/Textures/Track2_Low_Base.uasset" 167
"../../../../../../Rad_Racers_New/Content/Art/Tracks/Track3/Mat_Base.uasset" 168
"../../../../../../Rad_Racers_New/Content/Art/Tracks/Track3/Sides/Alternate/Neon1_Track2_LowAlternate.uasset" 169
"../../../../../../Rad_Racers_New/Content/Art/Tracks/Track3/Sides/Alternate/Neon2_Track2_LowAlternate.uasset" 170
"../../../../../../Rad_Racers_New/Content/Art/Tracks/Track3/Sides/Alternate/Track2_LowAlternate_Normal.uasset" 171
"../../../../../../Rad_Racers_New/Content/Art/Tracks/Track3/Sides/Alternate/Track2_LowAlternate_ORM.uasset" 172
"../../../../../../Rad_Racers_New/Content/Art/Tracks/Track3/Sides/Alternate/Track2_LowAlternateBase.uasset" 173
"../../../../../../Rad_Racers_New/Content/Art/Tracks/Track3/Mat_Sides.uasset" 174
"../../../../../../Rad_Racers_New/Content/Art/Tracks/Track3/Sides/Alternate/Track2_LowAlternate.uasset" 175
"../../../../../../Rad_Racers_New/Content/Art/Tracks/Track3/Textures/CustomRoughness1.uasset" 176
"../../../../../../Rad_Racers_New/Content/Art/Tracks/Track3/Textures/Track2_Low_Normal.uasset" 177
"../../../../../../Rad_Racers_New/Content/Art/Tracks/Track3/Textures/Track2_Low_ORM.uasset" 178
"../../../../../../Rad_Racers_New/Content/Art/Tracks/Tunnels/Textures/Custom_Texture_Tunnel.uasset" 179
"../../../../../../Rad_Racers_New/Content/Art/Tracks/Tunnels/Textures/Tunnel_Normal.uasset" 180
"../../../../../../Rad_Racers_New/Content/Art/Tracks/Tunnel_Start/Neon1_Tunnel_Start_Low_V1.uasset" 181
"../../../../../../Rad_Racers_New/Content/Art/Tracks/Tunnel_Start/Neon2_Tunnel_Start_Low.uasset" 182
"../../../../../../Rad_Racers_New/Content/Art/Tracks/Tunnel_Start/Neon3_Tunnel_Start_Low.uasset" 183
"../../../../../../Rad_Racers_New/Content/Art/Tracks/Tunnel_Start/Tunnel_Start_Low_Base.uasset" 184
"../../../../../../Rad_Racers_New/Content/Art/Tracks/Tunnel_Start/Tunnel_Start_Low_Normal.uasset" 185
"../../../../../../Rad_Racers_New/Content/Art/Tracks/Tunnel_Start/Tunnel_Start_Low_ORM.uasset" 186
"../../../../../../Rad_Racers_New/Content/Art/Tracks/Tunnel_Start/Tunnel_Start.uasset" 187
"../../../../../../Rad_Racers_New/Content/Art/Tracks/Tunnel_Start/Tunnel_Start_Low.uasset" 188
"../../../../../../Rad_Racers_New/Content/Art/Vehicle/Cone/pCylinder1Mat.uasset" 189
"../../../../../../Rad_Racers_New/Content/Art/Vehicle/Vehicle1/Textures/GW_Ship_Design_Emissive.uasset" 190
"../../../../../../Rad_Racers_New/Content/Art/Vehicle/Vehicle2/Textures/Enemy_Vehicle_Emissive.uasset" 191
"../../../../../../Rad_Racers_New/Content/Art/Vehicle/Vehicle3/Textures/Vehicle_Num3_Emissive.uasset" 192
"../../../../../../Rad_Racers_New/Content/Art/Vehicle/Vehicle_Number_5/Vehicle_5_Emissive.uasset" 193
"../../../../../../Rad_Racers_New/Content/Blueprints/DeathZone/DeathZone.uasset" 194
"../../../../../../Rad_Racers_New/Content/Blueprints/Gravity_BP/NoGravityZone.uasset" 195
"../../../../../../Rad_Racers_New/Content/Blueprints/Main_Vehicle_BP/BP_HoverVehicleOld.uasset" 196
"../../../Engine/Content/BasicShapes/BasicShapeMaterial.uasset" 197
"../../../Engine/Content/Functions/Engine_MaterialFunctions01/Opacity/CameraDepthFade.uasset" 198
"../../../Engine/Content/EngineMaterials/T_Default_Material_Grid_M.uasset" 199
"../../../Engine/Content/EngineMaterials/T_Default_Material_Grid_N.uasset" 200
"../../../Engine/Content/EngineMaterials/WorldGridMaterial.uasset" 201
"../../../Engine/Content/BasicShapes/Cube.uasset" 202
"../../../../../../Rad_Racers_New/Content/Blueprints/Test_BP/Collision_Test.uasset" 203
"../../../Engine/Content/EditorBlueprintResources/StandardMacros.uasset" 204
"../../../../../../Rad_Racers_New/Content/Art/Tracks/Track3/Track2_Low.uasset" 205
"../../../../../../Rad_Racers_New/Content/Blueprints/Track_Splines/SplineActor_Second_Level.uasset" 206
"../../../../../../Rad_Racers_New/Content/Blueprints/Track_Splines/SplineRoad_Curvy.uasset" 207
"../../../../../../Rad_Racers_New/Content/Blueprints/Track_Splines/SplineRoad_Original.uasset" 208
"../../../../../../Rad_Racers_New/Content/GT_Free2019/GT_SHADE/Blueprints/BP_GT_decal.uasset" 209
"../../../Engine/Content/Functions/Engine_MaterialFunctions01/Gradient/LinearGradient.uasset" 210
"../../../Engine/Content/Functions/Engine_MaterialFunctions01/ImageAdjustment/CheapContrast.uasset" 211
"../../../Engine/Content/Functions/Engine_MaterialFunctions02/SafeNormalize.uasset" 212
"../../../Engine/Content/Functions/Engine_MaterialFunctions02/Math/CreateThirdOrthogonalVector.uasset" 213
"../../../Engine/Content/Functions/Engine_MaterialFunctions02/Math/InverseTransformMatrix.uasset" 214
"../../../Engine/Content/Functions/Engine_MaterialFunctions02/Math/TransformToZVector.uasset" 215
"../../../Engine/Content/Functions/Engine_MaterialFunctions02/Utility/CameraDirectionVector.uasset" 216
"../../../Engine/Content/Functions/Engine_MaterialFunctions02/Utility/VectorLength.uasset" 217
"../../../Engine/Content/EngineVolumetrics/Fogsheet/Materials/T_EV_BlankWhite_01.uasset" 218
"../../../Engine/Content/Functions/Engine_MaterialFunctions01/Texturing/ParallaxOcclusionMapping.uasset" 219
"../../../Engine/Content/Functions/Engine_MaterialFunctions02/Texturing/HeightLerp.uasset" 220
"../../../Engine/Content/Functions/Engine_MaterialFunctions02/Texturing/ScreenAlignedPixelToPixelUVs.uasset" 221
"../../../Engine/Content/EngineMaterials/Good64x64TilingNoiseHighFreq.uasset" 222
"../../../Engine/Content/Functions/Engine_MaterialFunctions02/Utility/DitherTemporalAA.uasset" 223
"../../../../../../Rad_Racers_New/Content/GT_Free2019/GT_SHADE/Textures/T_Baseline_bc.uasset" 224
"../../../../../../Rad_Racers_New/Content/GT_Free2019/GT_SHADE/Textures/T_Baseline_n.uasset" 225
"../../../../../../Rad_Racers_New/Content/GT_Free2019/GT_SHADE/Materials/M_GT_Blend.uasset" 226
"../../../Engine/Content/Functions/Engine_MaterialFunctions02/SmoothThreshold.uasset" 227
"../../../../../../Rad_Racers_New/Content/GT_Free2019/GT_SHADE/Materials/M_GT_Decal.uasset" 228
"../../../Engine/Content/Functions/Engine_MaterialFunctions02/SplitComponents.uasset" 229
"../../../Engine/Content/Functions/Engine_MaterialFunctions02/Utility/MakeFloat3.uasset" 230
"../../../../../../Rad_Racers_New/Content/GT_Free2019/GT_SHADE/Materials/M_GT_Landscape.uasset" 231
"../../../../../../Rad_Racers_New/Content/GT_Free2019/GT_SHADE/Textures/T_shade.uasset" 232
"../../../../../../Rad_Racers_New/Content/GT_Free2019/GT_SHADE/Materials/M_GT_Basic.uasset" 233
"../../../../../../Rad_Racers_New/Content/GT_Free2019/Materials/Bitmaps/Rock_CrumblingCliffShrubs/CrumblingCliffWallWithShrubs_basecolor.uasset" 234
"../../../../../../Rad_Racers_New/Content/GT_Free2019/Materials/Bitmaps/Rock_CrumblingCliffShrubs/CrumblingCliffWallWithShrubs_height.uasset" 235
"../../../../../../Rad_Racers_New/Content/GT_Free2019/Materials/Bitmaps/Rock_CrumblingCliffShrubs/CrumblingCliffWallWithShrubs_mrao.uasset" 236
"../../../../../../Rad_Racers_New/Content/GT_Free2019/Materials/Bitmaps/Rock_CrumblingCliffShrubs/CrumblingCliffWallWithShrubs_normal.uasset" 237
"../../../../../../Rad_Racers_New/Content/GT_Free2019/Materials/M_Rock_CrumblingCliffShrubs_Inst.uasset" 238
"../../../../../../Rad_Racers_New/Content/GT_Free2019/Materials/Bitmaps/Rock_CrumblingCliffShrubs/CrumblingCliffWallWithShrubs_emissive.uasset" 239
"../../../../../../Rad_Racers_New/Content/GT_Free2019/Materials/Bitmaps/Rock_CrumblingCliffShrubs/CrumblingCliffWallWithShrubs_opacity.uasset" 240
"../../../../../../Rad_Racers_New/Content/Music/SFX.uasset" 241
"../../../../../../Rad_Racers_New/Content/Music/Sounds.uasset" 242
"../../../../../../Rad_Racers_New/Content/Music/Music.uasset" 243
"../../../../../../Rad_Racers_New/Content/Music/DANCE_WITH_THE_DEAD_-_Riot-youtube-W_5unoZTpoQ-251.uasset" 244
"../../../../../../Rad_Racers_New/Content/Music/Lvl1.uasset" 245
"../../../../../../Rad_Racers_New/Content/Music/Lvl1_Intro.uasset" 246
"../../../../../../Rad_Racers_New/Content/Music/Wasteland_Mix_1.uasset" 247
"../../../../../../Rad_Racers_New/Content/StarterContent/Textures/T_Dust_Particle_D.uasset" 248
"../../../../../../Rad_Racers_New/Content/StarterContent/Particles/Materials/M_Dust_Particle.uasset" 249
"../../../../../../Rad_Racers_New/Content/Particles/P_Ambient_Dust.uasset" 250
"../../../../../../Rad_Racers_New/Content/StarterContent/Textures/T_Fire_SubUV.uasset" 251
"../../../../../../Rad_Racers_New/Content/StarterContent/Textures/T_Fire_Tiled_D.uasset" 252
"../../../../../../Rad_Racers_New/Content/StarterContent/Particles/Materials/M_Fire_SubUV.uasset" 253
"../../../../../../Rad_Racers_New/Content/StarterContent/Textures/T_Water_N.uasset" 254
"../../../../../../Rad_Racers_New/Content/StarterContent/Particles/Materials/M_Heat_Distortion.uasset" 255
"../../../Engine/Content/Functions/Engine_MaterialFunctions01/Gradient/RadialGradient.uasset" 256
"../../../../../../Rad_Racers_New/Content/StarterContent/Particles/Materials/M_Radial_Gradient.uasset" 257
"../../../../../../Rad_Racers_New/Content/StarterContent/Textures/T_Smoke_SubUV.uasset" 258
"../../../../../../Rad_Racers_New/Content/StarterContent/Textures/T_Smoke_Tiled_D.uasset" 259
"../../../../../../Rad_Racers_New/Content/StarterContent/Particles/Materials/M_smoke_subUV.uasset" 260
"../../../../../../Rad_Racers_New/Content/Particles/P_Fire.uasset" 261
"../../../../../../Rad_Racers_New/Content/Particles/P_Smoke.uasset" 262
"../../../../../../Rad_Racers_New/Content/StarterContent/Textures/T_Spark_Core.uasset" 263
"../../../../../../Rad_Racers_New/Content/StarterContent/Particles/Materials/M_Spark.uasset" 264
"../../../../../../Rad_Racers_New/Content/Particles/P_Sparks.uasset" 265
"../../../../../../Rad_Racers_New/Content/Particles/P_Steam_Lit.uasset" 266
"../../../../../../Rad_Racers_New/Content/Particles/Materials/PMat.uasset" 267
"../../../../../../Rad_Racers_New/Content/Particles/Thruster_Ai.uasset" 268
"../../../../../../Rad_Racers_New/Content/StarterContent/Textures/T_Burst_M.uasset" 269
"../../../../../../Rad_Racers_New/Content/Particles/Materials/M_Burst.uasset" 270
"../../../../../../Rad_Racers_New/Content/Particles/Materials/M_Dust_Particle.uasset" 271
"../../../../../../Rad_Racers_New/Content/StarterContent/Textures/T_Explosion_SubUV.uasset" 272
"../../../../../../Rad_Racers_New/Content/Particles/Materials/M_explosion_subUV.uasset" 273
"../../../../../../Rad_Racers_New/Content/Particles/Materials/M_Fire_SubUV.uasset" 274
"../../../../../../Rad_Racers_New/Content/Particles/Materials/m_flare_01.uasset" 275
"../../../../../../Rad_Racers_New/Content/Particles/Materials/M_Heat_Distortion.uasset" 276
"../../../../../../Rad_Racers_New/Content/Particles/Materials/M_Radial_Gradient.uasset" 277
"../../../../../../Rad_Racers_New/Content/Particles/Materials/M_radial_ramp.uasset" 278
"../../../../../../Rad_Racers_New/Content/Particles/Materials/M_smoke_subUV.uasset" 279
"../../../../../../Rad_Racers_New/Content/Particles/Materials/M_Spark.uasset" 280
"../../../../../../Rad_Racers_New/Content/Sound/Break.uasset" 281
"../../../../../../Rad_Racers_New/Content/Sound/Contact.uasset" 282
"../../../../../../Rad_Racers_New/Content/Sound/TestEngine.uasset" 283
"../../../../../../Rad_Racers_New/Content/StarterContent/Materials/M_Basic_Wall.uasset" 284
"../../../../../../Rad_Racers_New/Content/StarterContent/Architecture/Pillar_50x500.uasset" 285
"../../../../../../Rad_Racers_New/Content/StarterContent/Architecture/Wall_400x300.uasset" 286
"../../../../../../Rad_Racers_New/Content/StarterContent/Architecture/Wall_400x400.uasset" 287
"../../../../../../Rad_Racers_New/Content/StarterContent/Architecture/Wall_500x500.uasset" 288
"../../../../../../Rad_Racers_New/Content/StarterContent/Architecture/Wall_Door_400x400.uasset" 289
"../../../../../../Rad_Racers_New/Content/StarterContent/Architecture/Wall_Window_400x400.uasset" 290
"../../../../../../Rad_Racers_New/Content/StarterContent/Audio/Collapse01.uasset" 291
"../../../../../../Rad_Racers_New/Content/StarterContent/Audio/Collapse02.uasset" 292
"../../../../../../Rad_Racers_New/Content/StarterContent/Audio/Explosion01.uasset" 293
"../../../../../../Rad_Racers_New/Content/StarterContent/Audio/Explosion02.uasset" 294
"../../../../../../Rad_Racers_New/Content/StarterContent/Audio/Fire01.uasset" 295
"../../../../../../Rad_Racers_New/Content/StarterContent/Audio/Fire_Sparks01.uasset" 296
"../../../../../../Rad_Racers_New/Content/StarterContent/Audio/Light01.uasset" 297
"../../../../../../Rad_Racers_New/Content/StarterContent/Audio/Light01_Cue.uasset" 298
"../../../../../../Rad_Racers_New/Content/StarterContent/Audio/Light02.uasset" 299
"../../../../../../Rad_Racers_New/Content/StarterContent/Audio/Light02_Cue.uasset" 300
"../../../../../../Rad_Racers_New/Content/StarterContent/Audio/Smoke01.uasset" 301
"../../../../../../Rad_Racers_New/Content/StarterContent/Audio/Starter_Birds01.uasset" 302
"../../../../../../Rad_Racers_New/Content/StarterContent/Audio/Starter_Music01.uasset" 303
"../../../../../../Rad_Racers_New/Content/StarterContent/Audio/Starter_Wind05.uasset" 304
"../../../../../../Rad_Racers_New/Content/StarterContent/Audio/Starter_Wind06.uasset" 305
"../../../../../../Rad_Racers_New/Content/StarterContent/Audio/Steam01.uasset" 306
"../../../../../../Rad_Racers_New/Content/StarterContent/Audio/Explosion_Cue.uasset" 307
"../../../../../../Rad_Racers_New/Content/StarterContent/Particles/Materials/M_Burst.uasset" 308
"../../../../../../Rad_Racers_New/Content/StarterContent/Particles/Materials/M_explosion_subUV.uasset" 309
"../../../../../../Rad_Racers_New/Content/StarterContent/Particles/Materials/m_flare_01.uasset" 310
"../../../../../../Rad_Racers_New/Content/StarterContent/Particles/Materials/M_radial_ramp.uasset" 311
"../../../../../../Rad_Racers_New/Content/StarterContent/Particles/P_Explosion.uasset" 312
"../../../../../../Rad_Racers_New/Content/StarterContent/Blueprints/Blueprint_Effect_Explosion.uasset" 313
"../../../Engine/Content/EditorMeshes/ColorCalibrator/T_ColorGrid.uasset" 314
"../../../../../../Rad_Racers_New/Content/StarterContent/Materials/M_ColorGrid_LowSpec.uasset" 315
"../../../../../../Rad_Racers_New/Content/StarterContent/Textures/T_Bush_D.uasset" 316
"../../../../../../Rad_Racers_New/Content/StarterContent/Textures/T_Bush_N.uasset" 317
"../../../../../../Rad_Racers_New/Content/StarterContent/Props/Materials/M_Bush.uasset" 318
"../../../../../../Rad_Racers_New/Content/StarterContent/Props/SM_Bush.uasset" 319
"../../../../../../Rad_Racers_New/Content/StarterContent/Textures/T_Chair_M.uasset" 320
"../../../../../../Rad_Racers_New/Content/StarterContent/Textures/T_Chair_N.uasset" 321
"../../../../../../Rad_Racers_New/Content/StarterContent/Props/Materials/M_Chair.uasset" 322
"../../../../../../Rad_Racers_New/Content/StarterContent/Props/SM_Couch.uasset" 323
"../../../../../../Rad_Racers_New/Content/StarterContent/Materials/M_Glass.uasset" 324
"../../../../../../Rad_Racers_New/Content/StarterContent/Textures/T_Door_M.uasset" 325
"../../../../../../Rad_Racers_New/Content/StarterContent/Textures/T_Door_N.uasset" 326
"../../../../../../Rad_Racers_New/Content/StarterContent/Props/Materials/M_Door.uasset" 327
"../../../../../../Rad_Racers_New/Content/StarterContent/Props/SM_Door.uasset" 328
"../../../../../../Rad_Racers_New/Content/StarterContent/Props/Materials/M_MaterialSphere.uasset" 329
"../../../../../../Rad_Racers_New/Content/StarterContent/Props/Materials/M_MaterialSphere_Plain.uasset" 330
"../../../../../../Rad_Racers_New/Content/StarterContent/Props/SM_MatPreviewMesh_02.uasset" 331
"../../../Engine/Content/Functions/Engine_MaterialFunctions02/Utility/BlendAngleCorrectedNormals.uasset" 332
"../../../../../../Rad_Racers_New/Content/StarterContent/Textures/T_Detail_Rocky_N.uasset" 333
"../../../../../../Rad_Racers_New/Content/StarterContent/Textures/T_Rock_Basalt_D.uasset" 334
"../../../../../../Rad_Racers_New/Content/StarterContent/Textures/T_RockMesh_M.uasset" 335
"../../../../../../Rad_Racers_New/Content/StarterContent/Textures/T_RockMesh_N.uasset" 336
"../../../../../../Rad_Racers_New/Content/StarterContent/Props/Materials/M_Rock.uasset" 337
"../../../../../../Rad_Racers_New/Content/StarterContent/Props/SM_Rock.uasset" 338
"../../../../../../Rad_Racers_New/Content/StarterContent/Textures/T_Shelf_M.uasset" 339
"../../../../../../Rad_Racers_New/Content/StarterContent/Textures/T_Shelf_N.uasset" 340
"../../../../../../Rad_Racers_New/Content/StarterContent/Props/Materials/M_Shelf.uasset" 341
"../../../../../../Rad_Racers_New/Content/StarterContent/Props/SM_Shelf.uasset" 342
"../../../../../../Rad_Racers_New/Content/StarterContent/Materials/M_Basic_Floor.uasset" 343
"../../../../../../Rad_Racers_New/Content/StarterContent/Props/SM_Stairs.uasset" 344
"../../../../../../Rad_Racers_New/Content/StarterContent/Shapes/Shape_Cone.uasset" 345
"../../../../../../Rad_Racers_New/Content/StarterContent/Shapes/Shape_Cylinder.uasset" 346
"../../../../../../Rad_Racers_New/Content/StarterContent/Shapes/Shape_NarrowCapsule.uasset" 347
"../../../../../../Rad_Racers_New/Content/StarterContent/Shapes/Shape_Pipe.uasset" 348
"../../../../../../Rad_Racers_New/Content/StarterContent/Shapes/Shape_Pipe_180.uasset" 349
"../../../../../../Rad_Racers_New/Content/StarterContent/Shapes/Shape_Pipe_90.uasset" 350
"../../../../../../Rad_Racers_New/Content/StarterContent/Shapes/Shape_Plane.uasset" 351
"../../../../../../Rad_Racers_New/Content/StarterContent/Shapes/Shape_Torus.uasset" 352
"../../../../../../Rad_Racers_New/Content/StarterContent/Shapes/Shape_Trim.uasset" 353
"../../../../../../Rad_Racers_New/Content/StarterContent/Shapes/Shape_Trim_90_In.uasset" 354
"../../../../../../Rad_Racers_New/Content/StarterContent/Shapes/Shape_Trim_90_Out.uasset" 355
"../../../../../../Rad_Racers_New/Content/StarterContent/Shapes/Shape_TriPyramid.uasset" 356
"../../../../../../Rad_Racers_New/Content/StarterContent/Shapes/Shape_Tube.uasset" 357
"../../../../../../Rad_Racers_New/Content/StarterContent/Shapes/Shape_Wedge_A.uasset" 358
"../../../../../../Rad_Racers_New/Content/StarterContent/Shapes/Shape_Wedge_B.uasset" 359
"../../../../../../Rad_Racers_New/Content/StarterContent/Shapes/Shape_WideCapsule.uasset" 360
"../../../../../../Rad_Racers_New/Content/UI/HUD_Widget/Assets/nasalization-rg.uasset" 361
"../../../../../../Rad_Racers_New/Content/UI/HUD_Widget/Assets/NewFont.uasset" 362
"../../../../../../Rad_Racers_New/Content/UI/HUD_Widget/BoostText.uasset" 363
"../../../../../../Rad_Racers_New/Content/UI/HUD_Widget/HealthText.uasset" 364
"../../../../../../Rad_Racers_New/Content/Art/Tracks/AlternateTrack/Track_2_LowTest_BD_24_07_19.uasset" 365
"../../../../../../Rad_Racers_New/Content/Art/Tracks/Newtracks/SplineActor.uasset" 366
"../../../../../../Rad_Racers_New/Content/Art/Tracks/Track3/Track2_NoWalls_Low.uasset" 367
"../../../../../../Rad_Racers_New/Content/Art/Tracks/Track3/SplineActor_Child.uasset" 368
"../../../../../../Rad_Racers_New/Content/Art/Tracks/Tunnels/Textures/Custom_Roughness1_Tunnel.uasset" 369
"../../../../../../Rad_Racers_New/Content/Art/Tracks/Tunnels/Textures/Custom_Roughness_Tunnel.uasset" 370
"../../../../../../Rad_Racers_New/Content/Art/Tracks/Tunnels/Textures/Neon1_Tunnel.uasset" 371
"../../../../../../Rad_Racers_New/Content/Art/Tracks/Tunnels/Textures/Neon2_Tunnel.uasset" 372
"../../../../../../Rad_Racers_New/Content/Art/Tracks/Tunnels/Textures/Tunnel_Base.uasset" 373
"../../../../../../Rad_Racers_New/Content/Art/Tracks/Tunnels/Textures/Tunnel_ORM.uasset" 374
"../../../../../../Rad_Racers_New/Content/Art/Tracks/Tunnels/Tunnel_Base.uasset" 375
"../../../../../../Rad_Racers_New/Content/Art/Tracks/Tunnels/Tunnel_Textures/Custom_Roughness.uasset" 376
"../../../../../../Rad_Racers_New/Content/Art/Tracks/Tunnels/Tunnel_Textures/Neon1_Track_Tunnel_.uasset" 377
"../../../../../../Rad_Racers_New/Content/Art/Tracks/Tunnels/Tunnel_Textures/Neon2_Track_TunneL.uasset" 378
"../../../../../../Rad_Racers_New/Content/Art/Tracks/Tunnels/Tunnel_Textures/Neon3_Tunnel.uasset" 379
"../../../../../../Rad_Racers_New/Content/Art/Tracks/Tunnels/Tunnel_Textures/Neon4_Tunne.uasset" 380
"../../../../../../Rad_Racers_New/Content/Art/Tracks/Tunnels/Tunnel_Textures/Tunnel_Base.uasset" 381
"../../../../../../Rad_Racers_New/Content/Art/Tracks/Tunnels/Tunnel_Textures/Tunnel_Normal.uasset" 382
"../../../../../../Rad_Racers_New/Content/Art/Tracks/Tunnels/Tunnel_Textures/Tunnel_ORM.uasset" 383
"../../../../../../Rad_Racers_New/Content/Art/Tracks/Tunnels/Tunnel_Walls.uasset" 384
"../../../../../../Rad_Racers_New/Content/Art/Tracks/Tunnels/Track_Tunnel_Low.uasset" 385
"../../../../../../Rad_Racers_New/Content/Art/Tracks/Tunnels/SplineActor_Tunnel.uasset" 386
"../../../../../../Rad_Racers_New/Content/Blueprints/AIFollow_Spline/Track.uasset" 387
"../../../../../../Rad_Racers_New/Content/Blueprints/Main_Vehicle_BP/HoverInterface.uasset" 388
"../../../../../../Rad_Racers_New/Content/Art/Powerup/Boost/Base/Boost_Powerup_1_Low_V1_BD_23_07_19_initialShadingGroup_BaseColor.uasset" 389
"../../../../../../Rad_Racers_New/Content/Art/Powerup/Boost/Base/Boost_Powerup_1_Low_V1_BD_23_07_19_initialShadingGroup_Normal.uasset" 390
"../../../../../../Rad_Racers_New/Content/Art/Powerup/Boost/Base/Boost_Powerup_1_Low_V1_BD_23_07_19_initialShadingGroup_OcclusionRoughnessMetallic.uasset" 391
"../../../../../../Rad_Racers_New/Content/Art/Powerup/Boost/Base/Neon2_Boost_Powerup_1_Low_V1_BD_23_07_19_initialShadingGroup_BaseColor.uasset" 392
"../../../../../../Rad_Racers_New/Content/Art/Powerup/Boost/Base/Neon3_Boost_Powerup_1_Low_V1_BD_23_07_19_initialShadingGroup_BaseColor.uasset" 393
"../../../../../../Rad_Racers_New/Content/Art/Powerup/Boost/Base/Neon4_Health_Powerup_1_Low_V1_BD_23_07_19_initialShadingGroup_BaseColor.uasset" 394
"../../../../../../Rad_Racers_New/Content/Art/Powerup/Boost/Base/Master_Material_BoostBase.uasset" 395
"../../../../../../Rad_Racers_New/Content/Art/Powerup/Health/Holo_Textures/Health_Low_Base.uasset" 396
"../../../../../../Rad_Racers_New/Content/Art/Powerup/Health/Holo_Textures/Health_Low_ORM.uasset" 397
"../../../../../../Rad_Racers_New/Content/Art/Powerup/Health/Holo_Textures/Health_Normal.uasset" 398
"../../../../../../Rad_Racers_New/Content/Art/Powerup/Health/Holo_Textures/Neon1_Holo_Health_Low_Base.uasset" 399
"../../../../../../Rad_Racers_New/Content/Art/Powerup/Health/Holo_Textures/Mat_Holo_Health.uasset" 400
"../../../../../../Rad_Racers_New/Content/Art/Powerup/Boost/Holo/Neon1_Boost_BaseColor.uasset" 401
"../../../../../../Rad_Racers_New/Content/Art/Powerup/Boost/Holo/Mat_Holo_Boost.uasset" 402
"../../../../../../Rad_Racers_New/Content/Art/Powerup/Boost/Boost_1_Low_V1.uasset" 403
"../../../../../../Rad_Racers_New/Content/Blueprints/Power_Up_BP/BoostPad.uasset" 404
"../../../../../../Rad_Racers_New/Content/Art/Powerup/Health/Holo_Textures/Mat_Holo_Health_1.uasset" 405
"../../../../../../Rad_Racers_New/Content/Art/Powerup/Health/Texture/Alpha3_Health_1_Low_Base.uasset" 406
"../../../../../../Rad_Racers_New/Content/Art/Powerup/Health/Texture/Health_1_Low_Base.uasset" 407
"../../../../../../Rad_Racers_New/Content/Art/Powerup/Health/Texture/Health_1_Low_ORM.uasset" 408
"../../../../../../Rad_Racers_New/Content/Art/Powerup/Health/Texture/Health_1_Low_V1_Normal.uasset" 409
"../../../../../../Rad_Racers_New/Content/Art/Powerup/Health/Texture/Neon1_Health_1_Low_Base.uasset" 410
"../../../../../../Rad_Racers_New/Content/Art/Powerup/Health/Texture/Neon2_Health_Low_Base.uasset" 411
"../../../../../../Rad_Racers_New/Content/Art/Powerup/Health/Texture/Neon3_Health_Low_Base.uasset" 412
"../../../../../../Rad_Racers_New/Content/Art/Powerup/Health/MAT_Health_Pickup.uasset" 413
"../../../../../../Rad_Racers_New/Content/Art/Powerup/Health/Health_1_Low.uasset" 414
"../../../../../../Rad_Racers_New/Content/Blueprints/Power_Up_BP/HealthPad.uasset" 415
"../../../../../../Rad_Racers_New/Content/Art/Tracks/Newtracks/Track_2_Low.uasset" 416
"../../../../../../Rad_Racers_New/Content/Blueprints/Track_Splines/SplineActor.uasset" 417
"../../../../../../Rad_Racers_New/Content/Blueprints/Track_Splines/SplineActor_First_Level.uasset" 418
"../../../../../../Rad_Racers_New/Content/Art/Vehicle/Vehicle_Number_5/Neon_Vehicle_5.uasset" 419
"../../../../../../Rad_Racers_New/Content/Art/Vehicle/Vehicle_Number_5/Pink_Vehicle5.uasset" 420
"../../../../../../Rad_Racers_New/Content/Art/Vehicle/Vehicle_Number_5/Vehicle_5_Normal.uasset" 421
"../../../../../../Rad_Racers_New/Content/Art/Vehicle/Vehicle_Number_5/Vehicle_5_ORM.uasset" 422
"../../../../../../Rad_Racers_New/Content/Art/Vehicle/Vehicle_Number_5/Vehicle_5r.uasset" 423
"../../../../../../Rad_Racers_New/Content/Art/Vehicle/Vehicle_Number_5/Yellow_Vehicle5.uasset" 424
"../../../../../../Rad_Racers_New/Content/Art/Vehicle/Vehicle_Number_5/Master_Material_Inst.uasset" 425
"../../../../../../Rad_Racers_New/Content/Art/Vehicle/Vehicle_Number_5/Vehicle_5.uasset" 426
"../../../../../../Rad_Racers_New/Content/Particles/P_Explosion.uasset" 427
"../../../../../../Rad_Racers_New/Content/Sound/Explosion.uasset" 428
"../../../../../../Rad_Racers_New/Content/Blueprints/AI_BP/AI.uasset" 429
"../../../../../../Rad_Racers_New/Content/Blueprints/Time_Conversion_BP/TimeConversion.uasset" 430
"../../../../../../Rad_Racers_New/Content/Blueprints/Game_Save_BP/MySaveGame.uasset" 431
"../../../../../../Rad_Racers_New/Content/Blueprints/Game_Master_BP/GameMaster.uasset" 432
"../../../../../../Rad_Racers_New/Content/UI/HUD_Widget/Assets/Speed.uasset" 433
"../../../../../../Rad_Racers_New/Content/UI/HUD_Widget/SpeedHUD.uasset" 434
"../../../../../../Rad_Racers_New/Content/UI/Rafttel_Script_DEMO.uasset" 435
"../../../../../../Rad_Racers_New/Content/UI/Rafttel_Script_DEMO_Font.uasset" 436
"../../../../../../Rad_Racers_New/Content/UI/Main_Menu_Widget/Level_Select_Text.uasset" 437
"../../../../../../Rad_Racers_New/Content/UI/Main_Menu_Widget/Main_Menu_BG.uasset" 438
"../../../../../../Rad_Racers_New/Content/UI/Main_Menu_Widget/ThumbnailLevel1.uasset" 439
"../../../../../../Rad_Racers_New/Content/UI/Main_Menu_Widget/ThumbnailLevel2.uasset" 440
"../../../../../../Rad_Racers_New/Content/UI/Main_Menu_Widget/Title_Rad_Racer.uasset" 441
"../../../../../../Rad_Racers_New/Content/UI/Level_Selection_Widget/Level_Selection.uasset" 442
"../../../../../../Rad_Racers_New/Content/UI/Main_Menu_Widget/Buttons/ControlsBTNHover.uasset" 443
"../../../../../../Rad_Racers_New/Content/UI/Main_Menu_Widget/Buttons/ControlsBTNNormal.uasset" 444
"../../../../../../Rad_Racers_New/Content/UI/Main_Menu_Widget/Buttons/ControlsBTNPressed.uasset" 445
"../../../../../../Rad_Racers_New/Content/UI/Main_Menu_Widget/Buttons/ExitBTNHover.uasset" 446
"../../../../../../Rad_Racers_New/Content/UI/Main_Menu_Widget/Buttons/ExitBTNNormal.uasset" 447
"../../../../../../Rad_Racers_New/Content/UI/Main_Menu_Widget/Buttons/ExitBTNPressed.uasset" 448
"../../../../../../Rad_Racers_New/Content/UI/Main_Menu_Widget/Buttons/OptionsBTNHover.uasset" 449
"../../../../../../Rad_Racers_New/Content/UI/Main_Menu_Widget/Buttons/OptionsBTNNormal.uasset" 450
"../../../../../../Rad_Racers_New/Content/UI/Main_Menu_Widget/Buttons/OptionsBTNPressed.uasset" 451
"../../../../../../Rad_Racers_New/Content/UI/Main_Menu_Widget/Buttons/PlayBTNHover.uasset" 452
"../../../../../../Rad_Racers_New/Content/UI/Main_Menu_Widget/Buttons/PlayBTNNormal.uasset" 453
"../../../../../../Rad_Racers_New/Content/UI/Main_Menu_Widget/Buttons/PlayBTNPressed.uasset" 454
"../../../../../../Rad_Racers_New/Content/UI/Main_Menu_Widget/Buttons/BackBTNHover.uasset" 455
"../../../../../../Rad_Racers_New/Content/UI/Main_Menu_Widget/Buttons/BackBTNNormal.uasset" 456
"../../../../../../Rad_Racers_New/Content/UI/Main_Menu_Widget/Buttons/BackBTNPressed.uasset" 457
"../../../../../../Rad_Racers_New/Content/UI/Main_Menu_Widget/Controll_Screen.uasset" 458
"../../../../../../Rad_Racers_New/Content/UI/Main_Menu_Widget/Controls.uasset" 459
"../../../../../../Rad_Racers_New/Content/Music/Sound_Mixer.uasset" 460
"../../../../../../Rad_Racers_New/Content/UI/Main_Menu_Widget/Buttons/Master_Volume.uasset" 461
"../../../../../../Rad_Racers_New/Content/UI/Main_Menu_Widget/Buttons/MusicVolume.uasset" 462
"../../../../../../Rad_Racers_New/Content/UI/Main_Menu_Widget/Buttons/SFXVolume.uasset" 463
"../../../../../../Rad_Racers_New/Content/UI/Main_Menu_Widget/Options.uasset" 464
"../../../../../../Rad_Racers_New/Content/UI/Main_Menu_Widget/MainMenu.uasset" 465
"../../../../../../Rad_Racers_New/Content/UI/Splash_Screen_Widget/MainMenuBTNHover.uasset" 466
"../../../../../../Rad_Racers_New/Content/UI/Splash_Screen_Widget/MainMenuBTNNormal.uasset" 467
"../../../../../../Rad_Racers_New/Content/UI/Splash_Screen_Widget/MainMenuBTNPressed.uasset" 468
"../../../../../../Rad_Racers_New/Content/UI/Splash_Screen_Widget/NextLevelBTNHover.uasset" 469
"../../../../../../Rad_Racers_New/Content/UI/Splash_Screen_Widget/NextLevelBTNNormal.uasset" 470
"../../../../../../Rad_Racers_New/Content/UI/Splash_Screen_Widget/NextLevelBTNPressed.uasset" 471
"../../../../../../Rad_Racers_New/Content/UI/Splash_Screen_Widget/SplashScreen.uasset" 472
"../../../../../../Rad_Racers_New/Content/Blueprints/My_Player_Controller_BP/MyPlayerController.uasset" 473
"../../../../../../Rad_Racers_New/Content/Blueprints/Track_Splines/Shorcut_Collision.uasset" 474
"../../../../../../Rad_Racers_New/Content/Blueprints/Track_Splines/SplineActor_Second_Level_2.uasset" 475
"../../../../../../Rad_Racers_New/Content/Blueprints/Track_Splines/SplineActor_SecondLevel.uasset" 476
"../../../../../../Rad_Racers_New/Content/Art/Vehicle/Vehicle4/Textures/GW_Vehicle_4_Base.uasset" 477
"../../../../../../Rad_Racers_New/Content/Art/Vehicle/Vehicle4/Textures/GW_Vehicle_4_Normal.uasset" 478
"../../../../../../Rad_Racers_New/Content/Art/Vehicle/Vehicle4/Textures/GW_Vehicle_4_ORM.uasset" 479
"../../../../../../Rad_Racers_New/Content/Art/Vehicle/Vehicle4/Textures/Neon3_GW_Vehicle_4.uasset" 480
"../../../../../../Rad_Racers_New/Content/Art/Vehicle/Vehicle4/Textures/Pink_.uasset" 481
"../../../../../../Rad_Racers_New/Content/Art/Vehicle/Vehicle4/Textures/Purple_.uasset" 482
"../../../../../../Rad_Racers_New/Content/Art/Vehicle/Vehicle4/Textures/Yellow_.uasset" 483
"../../../../../../Rad_Racers_New/Content/Art/Vehicle/Vehicle4/Master_Material_Vehicle4.uasset" 484
"../../../../../../Rad_Racers_New/Content/Art/Vehicle/Vehicle4/Vehicle_Number_4.uasset" 485
"../../../Engine/Content/EngineMaterials/EmissiveTexturedMaterial.uasset" 486
"../../../Engine/Content/EngineMeshes/ParticleCube.uasset" 487
"../../../../../../Rad_Racers_New/Content/Particles/Thruster.uasset" 488
"../../../../../../Rad_Racers_New/Content/Art/Vehicle/Cone/Cone_for_particle_initialShadingGroup_BaseColor.uasset" 489
"../../../../../../Rad_Racers_New/Content/Art/Vehicle/Cone/Cone_for_particle_initialShadingGroup_Normal.uasset" 490
"../../../../../../Rad_Racers_New/Content/Art/Vehicle/Cone/Cone_for_particle_initialShadingGroup_OcclusionRoughnessMetallic.uasset" 491
"../../../../../../Rad_Racers_New/Content/Particles/ThrusterMaterial.uasset" 492
"../../../../../../Rad_Racers_New/Content/Art/Vehicle/Cone/Cone_for_particle.uasset" 493
"../../../../../../Rad_Racers_New/Content/Particles/Trail.uasset" 494
"../../../../../../Rad_Racers_New/Content/Sound/Boosting.uasset" 495
"../../../../../../Rad_Racers_New/Content/Sound/Boostpad.uasset" 496
"../../../../../../Rad_Racers_New/Content/Sound/Collect.uasset" 497
"../../../../../../Rad_Racers_New/Content/Sound/Collision/Smash1.uasset" 498
"../../../../../../Rad_Racers_New/Content/Sound/Collision/Smash2.uasset" 499
"../../../../../../Rad_Racers_New/Content/Sound/Collision/Smash3.uasset" 500
"../../../../../../Rad_Racers_New/Content/Sound/Collision/Smash4.uasset" 501
"../../../../../../Rad_Racers_New/Content/Sound/Collision/Smash5.uasset" 502
"../../../../../../Rad_Racers_New/Content/Sound/Collision/Smash6.uasset" 503
"../../../../../../Rad_Racers_New/Content/Sound/Engine.uasset" 504
"../../../../../../Rad_Racers_New/Content/Sound/FrictionHits/Friciton1.uasset" 505
"../../../../../../Rad_Racers_New/Content/Sound/FrictionHits/Friction2.uasset" 506
"../../../../../../Rad_Racers_New/Content/Sound/FrictionHits/Friction3.uasset" 507
"../../../../../../Rad_Racers_New/Content/Sound/FrictionHits/Friction4.uasset" 508
"../../../../../../Rad_Racers_New/Content/Sound/FrictionHits/Friction5.uasset" 509
"../../../../../../Rad_Racers_New/Content/Sound/FrictionHits/Friction6.uasset" 510
"../../../../../../Rad_Racers_New/Content/Sound/FrictionHits/Friction7.uasset" 511
"../../../../../../Rad_Racers_New/Content/Sound/Overheating/Cooling.uasset" 512
"../../../../../../Rad_Racers_New/Content/Sound/Overheating/Overheated.uasset" 513
"../../../../../../Rad_Racers_New/Content/Sound/Shunt.uasset" 514
"../../../../../../Rad_Racers_New/Content/Sound/ShuntReady.uasset" 515
"../../../../../../Rad_Racers_New/Content/UI/HUD_Widget/Assets/Boost_Bar.uasset" 516
"../../../../../../Rad_Racers_New/Content/UI/HUD_Widget/Assets/Boost_Bar_Bar2.uasset" 517
"../../../../../../Rad_Racers_New/Content/UI/HUD_Widget/BoostHUD.uasset" 518
"../../../../../../Rad_Racers_New/Content/UI/HUD_Widget/Assets/Health_Bar.uasset" 519
"../../../../../../Rad_Racers_New/Content/UI/HUD_Widget/Assets/Health_Bar_bar2.uasset" 520
"../../../../../../Rad_Racers_New/Content/UI/HUD_Widget/HealthHUD.uasset" 521
"../../../../../../Rad_Racers_New/Content/UI/HUD_Widget/mphHUD.uasset" 522
"../../../../../../Rad_Racers_New/Content/UI/HUD_Widget/OverheatedHUD.uasset" 523
"../../../../../../Rad_Racers_New/Content/UI/HUD_Widget/ShuntReady.uasset" 524
"../../../../../../Rad_Racers_New/Content/UI/Pause_Menu/Pause_Widget.uasset" 525
"../../../../../../Rad_Racers_New/Content/Blueprints/Main_Vehicle_BP/HoverFriction.uasset" 526
"../../../../../../Rad_Racers_New/Content/UI/HUD_Widget/kmhHUD.uasset" 527
"../../../../../../Rad_Racers_New/Content/UI/HUD_Widget/Screenshot_10.uasset" 528
"../../../../../../Rad_Racers_New/Content/UI/HUD_Widget/Screenshot_11.uasset" 529
"../../../../../../Rad_Racers_New/Content/UI/HUD_Widget/Assets/Boost_Bar_Bar.uasset" 530
"../../../../../../Rad_Racers_New/Content/UI/HUD_Widget/Assets/Boost_Bar_Bar3.uasset" 531
"../../../../../../Rad_Racers_New/Content/UI/HUD_Widget/Assets/Health_Bar_bar.uasset" 532
"../../../../../../Rad_Racers_New/Content/UI/HUD_Widget/Assets/Speed2.uasset" 533
"../../../../../../Rad_Racers_New/Content/UI/Main_Menu_Widget/barraques_cat_purple-wallpaper-hd_386105.uasset" 534
"../../../../../../Rad_Racers_New/Content/UI/Main_Menu_Widget/Baksheesh_Regular.uasset" 535
"../../../../../../Rad_Racers_New/Content/UI/Main_Menu_Widget/Baksheesh_Regular_Font.uasset" 536
"../../../../../../Rad_Racers_New/Content/UI/Main_Menu_Widget/Button.uasset" 537
"../../../../../../Rad_Racers_New/Content/UI/Main_Menu_Widget/ButtonWidget.uasset" 538
"../../../../../../Rad_Racers_New/Content/UI/Main_Menu_Widget/f99bf40f6649c278951852519b530950.uasset" 539
"../../../../../../Rad_Racers_New/Content/UI/Main_Menu_Widget/synthpop-synth-retrowave-kholmy-muzyka-darkwave-gory-synth-1.uasset" 540
"../../../../../../Rad_Racers_New/Content/Art/Main_Menu_Art/Title_Screen_V1.uasset" 541
"../../../../../../Rad_Racers_New/Content/UI/Main_Menu_Widget/TitleScreen.uasset" 542
"../../../../../../Rad_Racers_New/Content/UI/Vehicle_Selection_Widget/Vehicle_Selection.uasset" 543
"../../../Engine/Content/Animation/DefaultAnimCurveCompressionSettings.uasset" 544
"../../../Engine/Content/ArtTools/RenderToTexture/Meshes/S_1_Unit_Plane.uasset" 545
"../../../Engine/Content/EngineMaterials/DefaultMaterial.uasset" 546
"../../../Engine/Content/BasicShapes/Cone.uasset" 547
"../../../Engine/Content/BasicShapes/Cylinder.uasset" 548
"../../../Engine/Content/BasicShapes/Plane.uasset" 549
"../../../Engine/Content/BasicShapes/Sphere.uasset" 550
"../../../Engine/Content/EditorMaterials/GizmoMaterial.uasset" 551
"../../../Engine/Content/EditorMaterials/MAT_Groups_Toggle.uasset" 552
"../../../Engine/Content/EditorMaterials/MAT_Groups_Visibility.uasset" 553
"../../../Engine/Content/EditorMaterials/PreviewShadowIndicator.uasset" 554
"../../../Engine/Content/EditorMaterials/PreviewShadowIndicatorMaterial.uasset" 555
"../../../Engine/Content/EditorMaterials/MatineeGroups/MAT_ColorTrack.uasset" 556
"../../../Engine/Content/EditorMaterials/MatineeGroups/MAT_Groups_Anim.uasset" 557
"../../../Engine/Content/EditorMaterials/MatineeGroups/MAT_Groups_AudioMaster.uasset" 558
"../../../Engine/Content/EditorMaterials/MatineeGroups/MAT_Groups_Director.uasset" 559
"../../../Engine/Content/EditorMaterials/MatineeGroups/MAT_Groups_Event.uasset" 560
"../../../Engine/Content/EditorMaterials/MatineeGroups/MAT_Groups_Fade.uasset" 561
"../../../Engine/Content/EditorMaterials/MatineeGroups/MAT_Groups_Float.uasset" 562
"../../../Engine/Content/EditorMaterials/MatineeGroups/MAT_Groups_Move.uasset" 563
"../../../Engine/Content/EditorMaterials/MatineeGroups/MAT_Groups_Slomo.uasset" 564
"../../../Engine/Content/EditorMaterials/MatineeGroups/MAT_Groups_Sound.uasset" 565
"../../../Engine/Content/EditorMaterials/MatineeGroups/MAT_Groups_Vector.uasset" 566
"../../../Engine/Content/EditorMaterials/ParticleSystems/PSysThumbnail_NoImage.uasset" 567
"../../../Engine/Content/EditorMaterials/ParticleSystems/PSysThumbnail_OOD.uasset" 568
"../../../Engine/Content/EditorMaterials/Camera/CineMat.uasset" 569
"../../../Engine/Content/EditorMaterials/Camera/MI_CineMat_Rig.uasset" 570
"../../../Engine/Content/EditorMeshes/Camera/SM_CraneRig_Arm.uasset" 571
"../../../Engine/Content/EditorMeshes/Camera/SM_CraneRig_Base.uasset" 572
"../../../Engine/Content/EditorMeshes/Camera/SM_CraneRig_Body.uasset" 573
"../../../Engine/Content/EditorMeshes/Camera/SM_CraneRig_Mount.uasset" 574
"../../../Engine/Content/EditorMeshes/Camera/SM_RailRig_Mount.uasset" 575
"../../../Engine/Content/EditorMeshes/Camera/SM_RailRig_Track.uasset" 576
"../../../Engine/Content/EditorResources/BSPVertex.uasset" 577
"../../../Engine/Content/EditorResources/EmptyActor.uasset" 578
"../../../Engine/Content/EditorResources/S_Actor.uasset" 579
"../../../Engine/Content/EditorResources/S_Note.uasset" 580
"../../../Engine/Content/EditorResources/S_Trigger.uasset" 581
"../../../Engine/Content/EditorResources/AudioIcons/S_AudioComponent.uasset" 582
"../../../Engine/Content/EditorResources/AudioIcons/S_AudioComponent_AutoActivate.uasset" 583
"../../../Engine/Content/EditorResources/LightIcons/S_LightError.uasset" 584
"../../../Engine/Content/EditorResources/SequenceRecorder/Countdown.uasset" 585
"../../../Engine/Content/EditorResources/SequenceRecorder/RecordingIndicator.uasset" 586
"../../../Engine/Content/EditorSounds/Notifications/CompileFailed.uasset" 587
"../../../Engine/Content/EditorSounds/Notifications/CompileFailed_Cue.uasset" 588
"../../../Engine/Content/EditorSounds/Notifications/CompileSuccess.uasset" 589
"../../../Engine/Content/EditorSounds/Notifications/CompileStart_Cue.uasset" 590
"../../../Engine/Content/EditorSounds/Notifications/CompileSuccess_Cue.uasset" 591
"../../../Engine/Content/EngineDamageTypes/DmgTypeBP_Environmental.uasset" 592
"../../../Engine/Content/EngineDebugMaterials/HeatmapGradient.uasset" 593
"../../../Engine/Content/EngineDebugMaterials/BoneWeightMaterial.uasset" 594
"../../../Engine/Content/EngineDebugMaterials/ClothMaterial.uasset" 595
"../../../Engine/Content/EngineDebugMaterials/ClothMaterial_WF.uasset" 596
"../../../Engine/Content/EngineDebugMaterials/DebugEditorMaterial.uasset" 597
"../../../Engine/Content/EngineDebugMaterials/DebugMeshMaterial.uasset" 598
"../../../Engine/Content/EngineDebugMaterials/GeomMaterial.uasset" 599
"../../../Engine/Content/EngineDebugMaterials/M_SimpleTranslucent.uasset" 600
"../../../Engine/Content/EngineFonts/Faces/RobotoBold.uasset" 601
"../../../Engine/Content/EngineFonts/Faces/RobotoBoldItalic.uasset" 602
"../../../Engine/Content/EngineFonts/Faces/RobotoItalic.uasset" 603
"../../../Engine/Content/EngineFonts/Faces/RobotoLight.uasset" 604
"../../../Engine/Content/EngineFonts/Faces/RobotoRegular.uasset" 605
"../../../Engine/Content/EngineFonts/Roboto.uasset" 606
"../../../Engine/Content/EngineFonts/Faces/RobotoTiny.uasset" 607
"../../../Engine/Content/EngineFonts/RobotoTiny.uasset" 608
"../../../Engine/Content/EngineMaterials/BaseFlattenDiffuseMap.uasset" 609
"../../../Engine/Content/EngineMaterials/BaseFlattenEmissiveMap.uasset" 610
"../../../Engine/Content/EngineMaterials/BaseFlattenGrayscaleMap.uasset" 611
"../../../Engine/Content/EngineMaterials/BaseFlattenNormalMap.uasset" 612
"../../../Engine/Content/EngineMaterials/BaseFlattenMaterial.uasset" 613
"../../../Engine/Content/EngineMaterials/DefaultBloomKernel.uasset" 614
"../../../Engine/Content/EngineMaterials/DefaultBokeh.uasset" 615
"../../../Engine/Content/EngineMaterials/DefaultDeferredDecalMaterial.uasset" 616
"../../../Engine/Content/EngineMaterials/DefaultLightFunctionMaterial.uasset" 617
"../../../Engine/Content/Functions/Engine_MaterialFunctions02/Utility/BreakOutFloat2Components.uasset" 618
"../../../Engine/Content/EngineMaterials/DefaultPostProcessMaterial.uasset" 619
"../../../Engine/Content/EngineFonts/RobotoDistanceField.uasset" 620
"../../../Engine/Content/EngineMaterials/DefaultTextMaterialOpaque.uasset" 621
"../../../Engine/Content/EngineMaterials/DefaultWhiteGrid.uasset" 622
"../../../Engine/Content/EngineMaterials/EditorBrushMaterial.uasset" 623
"../../../Engine/Content/EngineMaterials/MiniFont.uasset" 624
"../../../Engine/Content/EngineMaterials/InvalidLightmapSettings.uasset" 625
"../../../Engine/Content/EngineMaterials/M_InvalidLightmapSettings.uasset" 626
"../../../Engine/Content/Functions/Engine_MaterialFunctions02/WorldPositionOffset/CameraOffset.uasset" 627
"../../../Engine/Content/EngineMaterials/PhAT_JointLimitMaterial.uasset" 628
"../../../Engine/Content/EngineMaterials/PreintegratedSkinBRDF.uasset" 629
"../../../Engine/Content/EngineMaterials/RemoveSurfaceMaterial.uasset" 630
"../../../Engine/Content/EngineMaterials/WeightMapPlaceholderTexture.uasset" 631
"../../../Engine/Content/EngineResources/WhiteSquareTexture.uasset" 632
"../../../Engine/Content/EngineMaterials/Widget3DPassThrough.uasset" 633
"../../../Engine/Content/EngineMaterials/Widget3DPassThrough_Masked.uasset" 634
"../../../Engine/Content/EngineMaterials/Widget3DPassThrough_Opaque.uasset" 635
"../../../Engine/Content/EngineMaterials/Widget3DPassThrough_Masked_OneSided.uasset" 636
"../../../Engine/Content/EngineMaterials/Widget3DPassThrough_Opaque_OneSided.uasset" 637
"../../../Engine/Content/EngineMaterials/Widget3DPassThrough_Translucent.uasset" 638
"../../../Engine/Content/EngineMaterials/Widget3DPassThrough_Translucent_OneSided.uasset" 639
"../../../Engine/Content/EngineMeshes/Cylinder.uasset" 640
"../../../Engine/Content/EngineMeshes/Sphere.uasset" 641
"../../../Engine/Content/EngineResources/Black.uasset" 642
"../../../Engine/Content/EngineResources/DefaultTexture.uasset" 643
"../../../Engine/Content/EngineResources/DefaultTextureCube.uasset" 644
"../../../Engine/Content/EngineResources/DefaultVolumeTexture2D.uasset" 645
"../../../Engine/Content/EngineResources/DefaultVolumeTexture.uasset" 646
"../../../Engine/Content/EngineResources/GradientTexture0.uasset" 647
"../../../Engine/Content/EngineSounds/Master.uasset" 648
"../../../Engine/Content/Functions/Engine_MaterialFunctions01/Shading/ConvertFromDiffSpec.uasset" 649
"../../../Engine/Content/Functions/Engine_MaterialFunctions01/Shading/PowerToRoughness.uasset" 650
"../../../Engine/Content/Maps/Templates/Thumbnails/Default.uasset" 651
"../../../Engine/Content/Maps/Templates/Thumbnails/VR-Basic.uasset" 652
"../../../Engine/Content/MobileResources/T_MobileControls_texture.uasset" 653
"../../../Engine/Content/MobileResources/T_MobileMenu2.uasset" 654
"../../../Engine/Content/MobileResources/HUD/AnalogHat.uasset" 655
"../../../Engine/Content/MobileResources/HUD/VirtualJoystick_Background.uasset" 656
"../../../Engine/Content/MobileResources/HUD/VirtualJoystick_Thumb.uasset" 657
"../../../Engine/Content/MobileResources/HUD/DefaultVirtualJoysticks.uasset" 658
"../../../Engine/Content/MobileResources/HUD/LeftVirtualJoystickOnly.uasset" 659
"../../../Engine/Content/MobileResources/HUD/MobileHUDButton1_off.uasset" 660
"../../../Engine/Content/MobileResources/HUD/MobileHUDButton1_on.uasset" 661
"../../../Engine/Content/MobileResources/HUD/MobileHUDButton2_off.uasset" 662
"../../../Engine/Content/MobileResources/HUD/MobileHUDButton2_on.uasset" 663
"../../../Engine/Content/MobileResources/HUD/MobileHUDButton3.uasset" 664
"../../../Engine/Content/MobileResources/HUD/MobileHUDButtonFire.uasset" 665
"../../../Engine/Content/MobileResources/HUD/MobileHUDDirectionPad.uasset" 666
"../../../Engine/Content/MobileResources/HUD/MobileHUDDirectionPad2.uasset" 667
"../../../Engine/Content/MobileResources/HUD/MobileHUDDirectionPad3.uasset" 668
"../../../Engine/Content/MobileResources/HUD/MobileHUDDirectionStick.uasset" 669
"../../../Engine/Content/MobileResources/HUD/T_Castle_ThumbstickInner.uasset" 670
"../../../Engine/Content/MobileResources/HUD/T_Castle_ThumbstickOutter.uasset" 671
"../../../Engine/Content/Tutorial/ContentIntroCurve.uasset" 672
"../../../Engine/Content/Tutorial/Basics/LevelEditorAttract.uasset" 673
"../../../Engine/Content/Tutorial/BlueprintTutorials/TutorialAssets/Blueprint_64x.uasset" 674
"../../../Engine/Content/Tutorial/BlueprintTutorials/BlueprintEditorTutorial.uasset" 675
"../../../Engine/Content/Tutorial/Landscape/TutorialAssets/Landscape.uasset" 676
"../../../Engine/Content/Tutorial/Landscape/LandscapeWalkThrough.uasset" 677
"../../../Engine/Content/Tutorial/Landscape/Landscape_Manage_Mode.uasset" 678
"../../../Engine/Content/Tutorial/Landscape/Landscape_Painting_Mode.uasset" 679
"../../../Engine/Content/Tutorial/Landscape/Landscape_Sculpt_Mode.uasset" 680
"../../../Engine/Content/VREditor/LaserPointer/VR_LaserPower_01.uasset" 681
"../../../Engine/Content/VREditor/TransformGizmo/TransformGizmoMaterial.uasset" 682
"../../../Engine/Content/VREditor/TransformGizmo/TranslucentTransformGizmoMaterial.uasset" 683
"../../../Engine/Content/VREditor/TransformGizmo/BoundingBoxCorner.uasset" 684
"../../../Engine/Content/VREditor/TransformGizmo/BoundingBoxEdge.uasset" 685
"../../../Engine/Content/VREditor/TransformGizmo/PlaneTranslationHandle.uasset" 686
"../../../Engine/Content/VREditor/TransformGizmo/Main.uasset" 687
"../../../Engine/Content/VREditor/TransformGizmo/Xray.uasset" 688
"../../../Engine/Content/VREditor/TransformGizmo/SM_Sequencer_Key.uasset" 689
"../../../Engine/Content/VREditor/TransformGizmo/SM_Sequencer_Node.uasset" 690
"../../Plugins/2D/Paper2D/Content/PlaceholderTextures/DummySpriteTexture.uasset" 691
"../../Plugins/2D/Paper2D/Content/DummySprite.uasset" 692
"../../Plugins/2D/Paper2D/Content/DefaultPaperTerrainMaterial.uasset" 693
"../../Plugins/2D/Paper2D/Content/DummySpriteTexture.uasset" 694
"../../Plugins/2D/Paper2D/Content/DefaultSpriteMaterial.uasset" 695
"../../Plugins/2D/Paper2D/Content/MaskedUnlitSpriteMaterial.uasset" 696
"../../Plugins/2D/Paper2D/Content/OpaqueUnlitSpriteMaterial.uasset" 697
"../../Plugins/Runtime/Oculus/OculusVR/Content/OculusMR_RenderTarget.uasset" 698
"../../../Engine/Content/Functions/Engine_MaterialFunctions02/Utility/BreakOutFloat4Components.uasset" 699
"../../../Engine/Content/Functions/Engine_MaterialFunctions02/Utility/MakeFloat2.uasset" 700
"../../Plugins/Runtime/Oculus/OculusVR/Content/Materials/OculusMR_ChromaKey.uasset" 701
"../../Plugins/Runtime/Oculus/OculusVR/Content/Materials/OculusMR_ChromaKey_Lit.uasset" 702
"../../Plugins/Runtime/Oculus/OculusVR/Content/Materials/OculusMR_OpaqueColoredMaterial.uasset" 703
"../../Plugins/Runtime/Oculus/OculusVR/Content/Materials/OculusMR_WhiteMaterial.uasset" 704
"../../Plugins/Runtime/Oculus/OculusVR/Content/Materials/PokeAHoleMaterial.uasset" 705
"../../Plugins/Runtime/Oculus/OculusVR/Content/Textures/GearVRController_AO.uasset" 706
"../../Plugins/Runtime/Oculus/OculusVR/Content/Textures/GearVRController_Color.uasset" 707
"../../Plugins/Runtime/Oculus/OculusVR/Content/Textures/GearVRController_Normal.uasset" 708
"../../Plugins/Runtime/Oculus/OculusVR/Content/Materials/GearVRControllerMaterial.uasset" 709
"../../Plugins/Runtime/Oculus/OculusVR/Content/Meshes/GearVrController.uasset" 710
"../../Plugins/Runtime/Oculus/OculusVR/Content/Textures/touchController_albedo.uasset" 711
"../../Plugins/Runtime/Oculus/OculusVR/Content/Textures/touchController_controlmap.uasset" 712
"../../Plugins/Runtime/Oculus/OculusVR/Content/Materials/touchController_mat.uasset" 713
"../../Plugins/Runtime/Oculus/OculusVR/Content/Meshes/LeftTouchController.uasset" 714
"../../Plugins/Runtime/Oculus/OculusVR/Content/Meshes/RiftHMD.uasset" 715
"../../Plugins/Runtime/Oculus/OculusVR/Content/Meshes/RightTouchController.uasset" 716
"../../../../../../Rad_Racers_New/Content/Art/Checkpoints/Checkpoint_1/Textures/Alpha1_Checkpoint_2_V1_Low_BD_29_07_19_initialShadingGroup_BaseColor.uasset" 717
"../../../../../../Rad_Racers_New/Content/Art/Checkpoints/Checkpoint_1/Textures/Alpha2_Checkpoint_2_V1_Low_BD_29_07_19_initialShadingGroup_BaseColor.uasset" 718
"../../../../../../Rad_Racers_New/Content/Art/Checkpoints/Checkpoint_1/Textures/Checkpoint_2_V1_Low_initialShadingGroup_BaseColor.uasset" 719
"../../../../../../Rad_Racers_New/Content/Art/Checkpoints/Checkpoint_1/Textures/Checkpoint_2_V1_Low_initialShadingGroup_Normal.uasset" 720
"../../../../../../Rad_Racers_New/Content/Art/Checkpoints/Checkpoint_1/Textures/Checkpoint_2_V1_Low_initialShadingGroup_OcclusionRoughnessMetallic.uasset" 721
"../../../../../../Rad_Racers_New/Content/Art/Checkpoints/Checkpoint_1/Mat_Checkpoint.uasset" 722
"../../../../../../Rad_Racers_New/Content/Art/Checkpoints/Checkpoint_1/Checkpoint_2_V1.uasset" 723
"../../../../../../Rad_Racers_New/Content/Art/Checkpoints/Checkpoint_1/Checkpoint_Inner_Ring.uasset" 724
"../../../../../../Rad_Racers_New/Content/Blueprints/Checkpoints_BP/Checkpoint.uasset" 725
"../../../../../../Rad_Racers_New/Content/Blueprints/Checkpoints_BP/CheckpointTracker.uasset" 726
"../../../Engine/Content/EngineSky/T_Sky_Blue.uasset" 727
"../../../Engine/Content/EngineSky/T_Sky_Clouds_M.uasset" 728
"../../../Engine/Content/EngineSky/T_Sky_Stars.uasset" 729
"../../../Engine/Content/EngineSky/M_Sky_Panning_Clouds2.uasset" 730
"../../../Engine/Content/EngineSky/SM_SkySphere.uasset" 731
"../../../../../../Rad_Racers_New/Content/Art/Skybox/BP_Skybox.uasset" 732
"../../../../../../Rad_Racers_New/Content/Blueprints/PlayerFall_BP/PlayerFallOffMap_BP.uasset" 733
"../../../../../../Rad_Racers_New/Content/Blueprints/Time_Conversion_BP/CountdownTimer.uasset" 734
"../../../../../../Rad_Racers_New/Content/GameModes/Game_Mode_1.uasset" 735
"../../../../../../Rad_Racers_New/Content/Levels/Level_1_BuiltData.uasset" 736
"../../../../../../Rad_Racers_New/Content/Art/Skybox/Skybox.uasset" 737
"../../../../../../Rad_Racers_New/Content/Art/Skybox/Mat_Skybox.uasset" 738
"../../../../../../Rad_Racers_New/Content/Art/High_poly/High_Poly_4_Blue.uasset" 739
"../../../../../../Rad_Racers_New/Content/Art/High_poly/High_Poly_4_Yellow.uasset" 740
"../../../../../../Rad_Racers_New/Content/Art/High_poly/High_Poly_5_Green.uasset" 741
"../../../../../../Rad_Racers_New/Content/Art/High_poly/High_Poly_5_Purple.uasset" 742
"../../../../../../Rad_Racers_New/Content/Art/High_poly/High_Poly_5_Red.uasset" 743
"../../../../../../Rad_Racers_New/Content/Art/High_poly/High_Poly_5_Yellow.uasset" 744
"../../../../../../Rad_Racers_New/Content/Art/High_poly/Building_6_lambert1_Emissive.uasset" 745
"../../../../../../Rad_Racers_New/Content/Art/High_poly/High_Poly_6_Blue.uasset" 746
"../../../../../../Rad_Racers_New/Content/Art/High_poly/High_Poly_6_Green.uasset" 747
"../../../../../../Rad_Racers_New/Content/Art/High_poly/High_Poly_6_Purple.uasset" 748
"../../../../../../Rad_Racers_New/Content/Art/High_poly/High_Poly_6_Yellow.uasset" 749
"../../../../../../Rad_Racers_New/Content/Art/High_poly/Building_7_1_BaseColor.uasset" 750
"../../../../../../Rad_Racers_New/Content/Art/High_poly/Building_7_1_Metallic.uasset" 751
"../../../../../../Rad_Racers_New/Content/Art/High_poly/Building_7_1_Normal.uasset" 752
"../../../../../../Rad_Racers_New/Content/Art/High_poly/Building_7_lambert1_Emissive.uasset" 753
"../../../../../../Rad_Racers_New/Content/Art/High_poly/High_Poly_7_Blue.uasset" 754
"../../../../../../Rad_Racers_New/Content/Art/High_poly/High_Poly_7_Green.uasset" 755
"../../../../../../Rad_Racers_New/Content/Art/High_poly/High_Poly_7_Red.uasset" 756
"../../../../../../Rad_Racers_New/Content/Art/High_poly/High_Poly_7_Yellow.uasset" 757
"../../../../../../Rad_Racers_New/Content/Art/Low_poly/Low_Poly_1_Green.uasset" 758
"../../../../../../Rad_Racers_New/Content/Art/Low_poly/Low_Poly_1_Purple.uasset" 759
"../../../../../../Rad_Racers_New/Content/Art/Low_poly/Low_Poly_1_Red.uasset" 760
"../../../../../../Rad_Racers_New/Content/Art/Low_poly/Low_Poly_1_Yellow.uasset" 761
"../../../../../../Rad_Racers_New/Content/Art/Low_poly/Low_Poly_2_Green.uasset" 762
"../../../../../../Rad_Racers_New/Content/Art/Low_poly/Low_Poly_2_Red.uasset" 763
"../../../../../../Rad_Racers_New/Content/Art/Low_poly/Low_Poly_2_Yellow.uasset" 764
"../../../../../../Rad_Racers_New/Content/Art/Low_poly/Low_Poly_3_Blue.uasset" 765
"../../../../../../Rad_Racers_New/Content/Art/Low_poly/Low_Poly_3_Red.uasset" 766
"../../../../../../Rad_Racers_New/Content/Art/Low_poly/Low_Poly_3_Yellow.uasset" 767
"../../../../../../Rad_Racers_New/Content/Art/Vehicle/Vehicle1/Textures/GW_Ship_Design_Normal.uasset" 768
"../../../../../../Rad_Racers_New/Content/Art/Vehicle/Vehicle1/Textures/GW_Ship_Design_ORM.uasset" 769
"../../../../../../Rad_Racers_New/Content/Art/Vehicle/Vehicle1/Textures/Neon_Vehicle_Number_1.uasset" 770
"../../../../../../Rad_Racers_New/Content/Art/Vehicle/Vehicle1/Textures/Pink_.uasset" 771
"../../../../../../Rad_Racers_New/Content/Art/Vehicle/Vehicle1/Textures/Ship_Design_Base.uasset" 772
"../../../../../../Rad_Racers_New/Content/Art/Vehicle/Vehicle1/Textures/Yellow_.uasset" 773
"../../../../../../Rad_Racers_New/Content/Art/Vehicle/Vehicle1/Master_Material_Vehicle1.uasset" 774
"../../../../../../Rad_Racers_New/Content/Art/Vehicle/Vehicle2/Textures/Enemy_Vehicle_Base.uasset" 775
"../../../../../../Rad_Racers_New/Content/Art/Vehicle/Vehicle2/Textures/Enemy_Vehicle_Normal.uasset" 776
"../../../../../../Rad_Racers_New/Content/Art/Vehicle/Vehicle2/Textures/Enemy_Vehicle_ORM.uasset" 777
"../../../../../../Rad_Racers_New/Content/Art/Vehicle/Vehicle2/Textures/Neon_GW_ship_2.uasset" 778
"../../../../../../Rad_Racers_New/Content/Art/Vehicle/Vehicle2/Textures/Pink_Enemy_Vehicle.uasset" 779
"../../../../../../Rad_Racers_New/Content/Art/Vehicle/Vehicle2/Textures/Yellow_Enemy_Vehicle_.uasset" 780
"../../../../../../Rad_Racers_New/Content/Art/Vehicle/Vehicle2/Master_Material_Vehicle2.uasset" 781
"../../../../../../Rad_Racers_New/Content/Art/Vehicle/Vehicle3/Textures/Neon_Vehicle_Num3.uasset" 782
"../../../../../../Rad_Racers_New/Content/Art/Vehicle/Vehicle3/Textures/Pink_.uasset" 783
"../../../../../../Rad_Racers_New/Content/Art/Vehicle/Vehicle3/Textures/Purple_.uasset" 784
"../../../../../../Rad_Racers_New/Content/Art/Vehicle/Vehicle3/Textures/Vehicle_Num3_Base.uasset" 785
"../../../../../../Rad_Racers_New/Content/Art/Vehicle/Vehicle3/Textures/Vehicle_Num3_Normal.uasset" 786
"../../../../../../Rad_Racers_New/Content/Art/Vehicle/Vehicle3/Textures/Vehicle_Num3_ORM.uasset" 787
"../../../../../../Rad_Racers_New/Content/Art/Vehicle/Vehicle3/Textures/Yellow_.uasset" 788
"../../../../../../Rad_Racers_New/Content/Art/Vehicle/Vehicle3/Master_Material_Vehicle3.uasset" 789
"../../../../../../Rad_Racers_New/Content/Art/Checkpoints/AlternateStart+Finish/Textures/Checkpoint_1_V3_Low_initialShadingGroup_BaseColor.uasset" 790
"../../../../../../Rad_Racers_New/Content/Art/Checkpoints/AlternateStart+Finish/Textures/Checkpoint_1_V3initialShadingGroup_OcclusionRoughnessMetallic.uasset" 791
"../../../../../../Rad_Racers_New/Content/Art/Checkpoints/AlternateStart+Finish/Textures/Checkpoint_1initialShadingGroup_Normal.uasset" 792
"../../../../../../Rad_Racers_New/Content/Art/Checkpoints/AlternateStart+Finish/Textures/Neon1_Checkpoint_1_V3_Low_BD_27_07_19_initialShadingGroup_BaseColor.uasset" 793
"../../../../../../Rad_Racers_New/Content/Art/Checkpoints/AlternateStart+Finish/Textures/Neon2_Checkpoint_1_V3_Low_BD_27_07_19_initialShadingGroup_BaseColor.uasset" 794
"../../../../../../Rad_Racers_New/Content/Art/Checkpoints/AlternateStart+Finish/Mat_Start_Finish.uasset" 795
"../../../../../../Rad_Racers_New/Content/Art/Checkpoints/AlternateStart+Finish/Checkpoint_1_V3_Low.uasset" 796
"../../../../../../Rad_Racers_New/Content/Art/High_poly/Building_4.uasset" 797
"../../../../../../Rad_Racers_New/Content/Art/High_poly/Building_5.uasset" 798
"../../../../../../Rad_Racers_New/Content/Art/High_poly/High_Poly_6_Red.uasset" 799
"../../../../../../Rad_Racers_New/Content/Art/High_poly/Building_6.uasset" 800
"../../../../../../Rad_Racers_New/Content/Art/High_poly/High_Poly_7_Purple.uasset" 801
"../../../../../../Rad_Racers_New/Content/Art/High_poly/Building_7.uasset" 802
"../../../../../../Rad_Racers_New/Content/Art/Low_poly/Building_1_.uasset" 803
"../../../../../../Rad_Racers_New/Content/Art/Low_poly/Building_2_.uasset" 804
"../../../../../../Rad_Racers_New/Content/Art/Low_poly/Low_Poly_3_Purple.uasset" 805
"../../../../../../Rad_Racers_New/Content/Art/Low_poly/Building_3.uasset" 806
"../../../../../../Rad_Racers_New/Content/Art/Tracks/Newtracks/Track_2_NoWalls_Low.uasset" 807
"../../../../../../Rad_Racers_New/Content/Art/Tracks/Newtracks/Track_2_RightWallOnly_Low.uasset" 808
"../../../../../../Rad_Racers_New/Content/Art/Vehicle/Vehicle1/Vehicle_Updated.uasset" 809
"../../../../../../Rad_Racers_New/Content/Art/Vehicle/Vehicle2/Re_Export.uasset" 810
"../../../../../../Rad_Racers_New/Content/Art/Vehicle/Vehicle3/GW_Vehicle_Num3.uasset" 811
"../../../../../../Rad_Racers_New/Content/Music/Wasteland_Intro.uasset" 812
"../../../../../../Rad_Racers_New/Content/Music/Wasteland_Main.uasset" 813
"../../../../../../Rad_Racers_New/Content/Levels/Level_1.umap" 814
"../../../../../../Rad_Racers_New/Content/Art/Tracks/Tunnels/SplineActor_Child.uasset" 815
"../../../Engine/Content/EditorLandscapeResources/DataLayer.uasset" 816
"../../../../../../Rad_Racers_New/Content/Art/Aqua_E_LayerInfo.uasset" 817
"../../../../../../Rad_Racers_New/Content/Art/Aqua_E_LayerInfo_Land1.uasset" 818
"../../../../../../Rad_Racers_New/Content/Art/Blue_E_LayerInfo.uasset" 819
"../../../../../../Rad_Racers_New/Content/Art/Blue_E_LayerInfo_Land1.uasset" 820
"../../../../../../Rad_Racers_New/Content/Art/Green_E_LayerInfo.uasset" 821
"../../../../../../Rad_Racers_New/Content/Art/Green_E_LayerInfo_Land1.uasset" 822
"../../../../../../Rad_Racers_New/Content/Art/Pink_E_LayerInfo.uasset" 823
"../../../../../../Rad_Racers_New/Content/Art/Pink_E_LayerInfo_Land1.uasset" 824
"../../../../../../Rad_Racers_New/Content/Art/Red_E_LayerInfo.uasset" 825
"../../../../../../Rad_Racers_New/Content/Art/Red_E_LayerInfo_Land1.uasset" 826
"../../../../../../Rad_Racers_New/Content/Levels/Level_2_BuiltData.uasset" 827
"../../../../../../Rad_Racers_New/Content/Art/Terrain/Plane_lambert1_Emissive.uasset" 828
"../../../../../../Rad_Racers_New/Content/Art/Terrain/LandscapeMateria1.uasset" 829
"../../../../../../Rad_Racers_New/Content/Art/Extra_Buildings/Extra_1_Blue.uasset" 830
"../../../../../../Rad_Racers_New/Content/Art/Extra_Buildings/Extra_2_Blue.uasset" 831
"../../../../../../Rad_Racers_New/Content/Art/Extra_Buildings/Extra_3_Blue.uasset" 832
"../../../../../../Rad_Racers_New/Content/Art/High_poly/Building_8_1_BaseColor.uasset" 833
"../../../../../../Rad_Racers_New/Content/Art/High_poly/Building_8_1_Emissive.uasset" 834
"../../../../../../Rad_Racers_New/Content/Art/High_poly/Building_8_1_Normal.uasset" 835
"../../../../../../Rad_Racers_New/Content/Art/High_poly/Building_8_1_ORM.uasset" 836
"../../../../../../Rad_Racers_New/Content/Art/High_poly/High_Poly_8_Blue.uasset" 837
"../../../../../../Rad_Racers_New/Content/Art/High_poly/High_Poly_8_Green.uasset" 838
"../../../../../../Rad_Racers_New/Content/Art/High_poly/High_Poly_8_Purple.uasset" 839
"../../../../../../Rad_Racers_New/Content/Art/High_poly/High_Poly_8_Red.uasset" 840
"../../../../../../Rad_Racers_New/Content/Art/High_poly/High_Poly_8_Yellow.uasset" 841
"../../../Engine/Content/EngineMaterials/DefaultPhysicalMaterial.uasset" 842
"../../../../../../Rad_Racers_New/Content/Art/High_poly/Building_6_alt.uasset" 843
"../../../../../../Rad_Racers_New/Content/Art/High_poly/Building_8.uasset" 844
"../../../../../../Rad_Racers_New/Content/Art/Tracks/Track3/Track2_Left_Wall_Only_Low_.uasset" 845
"../../../../../../Rad_Racers_New/Content/Art/Tracks/Track3/Track2_Right_Wall_Only_Low.uasset" 846
"../../../../../../Rad_Racers_New/Content/Levels/Level_2.umap" 847
"../../../Engine/Content/EngineSky/C_Sky_Cloud_Color.uasset" 848
"../../../Engine/Content/EngineSky/C_Sky_Horizon_Color.uasset" 849
"../../../Engine/Content/EngineSky/C_Sky_Zenith_Color.uasset" 850
"../../../Engine/Content/EngineSky/BP_Sky_Sphere.uasset" 851
"../../../../../../Rad_Racers_New/Content/Levels/Level_2Old.umap" 852
"../../../../../../Rad_Racers_New/Content/Levels/Menu_BuiltData.uasset" 853
"../../../../../../Rad_Racers_New/Content/Music/Bush+Week.uasset" 854
"../../../../../../Rad_Racers_New/Content/Levels/Menu.umap" 855
"../../../../../../Rad_Racers_New/Content/StarterContent/Blueprints/Assets/FogBrightnessLUT.uasset" 856
"../../../../../../Rad_Racers_New/Content/StarterContent/Blueprints/Assets/SunlightColorLUT.uasset" 857
"../../../../../../Rad_Racers_New/Content/StarterContent/Blueprints/Assets/M_LightStage_Arrows.uasset" 858
"../../../Engine/Content/MapTemplates/Sky/DaylightAmbientCubemap.uasset" 859
"../../../../../../Rad_Racers_New/Content/StarterContent/Blueprints/Assets/M_LightStage_Skybox_Master.uasset" 860
"../../../../../../Rad_Racers_New/Content/StarterContent/Blueprints/Assets/M_LightStage_Skybox_Black.uasset" 861
"../../../../../../Rad_Racers_New/Content/StarterContent/Blueprints/Assets/M_LightStage_Skybox_HDRI.uasset" 862
"../../../Engine/Content/EditorMaterials/Thumbnails/SkySphereMaterial.uasset" 863
"../../../../../../Rad_Racers_New/Content/StarterContent/Blueprints/Assets/Skybox.uasset" 864
"../../../../../../Rad_Racers_New/Content/StarterContent/Blueprints/Assets/SM_Arrows.uasset" 865
"../../../../../../Rad_Racers_New/Content/StarterContent/HDRI/HDRI_Epic_Courtyard_Daylight.uasset" 866
"../../../../../../Rad_Racers_New/Content/StarterContent/Blueprints/BP_LightStudio.uasset" 867
"../../../../../../Rad_Racers_New/Content/StarterContent/Maps/Advanced_Lighting_BuiltData.uasset" 868
"../../../../../../Rad_Racers_New/Content/StarterContent/Materials/M_AssetPlatform.uasset" 869
"../../../Engine/Content/EditorMeshes/ColorCalibrator/M_ChromeBall.uasset" 870
"../../../Engine/Content/EditorMeshes/ColorCalibrator/M_ClearCoat.uasset" 871
"../../../Engine/Content/EditorMeshes/ColorCalibrator/M_ClearCoatBlack.uasset" 872
"../../../Engine/Content/EditorMeshes/ColorCalibrator/Color_checker.uasset" 873
"../../../Engine/Content/EditorMeshes/ColorCalibrator/M_ColorGrid.uasset" 874
"../../../Engine/Content/EditorMeshes/ColorCalibrator/M_GreyBall.uasset" 875
"../../../Engine/Content/EditorMeshes/ColorCalibrator/SM_ColorCalibrator.uasset" 876
"../../../../../../Rad_Racers_New/Content/StarterContent/Architecture/SM_AssetPlatform.uasset" 877
"../../../../../../Rad_Racers_New/Content/StarterContent/Maps/Advanced_Lighting.umap" 878
"../../../../../../Rad_Racers_New/Content/StarterContent/Maps/Minimal_Default_BuiltData.uasset" 879
"../../../../../../Rad_Racers_New/Content/StarterContent/Textures/T_MacroVariation.uasset" 880
"../../../../../../Rad_Racers_New/Content/StarterContent/Materials/M_Metal_Brushed_Nickel.uasset" 881
"../../../../../../Rad_Racers_New/Content/StarterContent/Textures/T_Metal_Aluminum_D.uasset" 882
"../../../../../../Rad_Racers_New/Content/StarterContent/Textures/T_Metal_Gold_N.uasset" 883
"../../../../../../Rad_Racers_New/Content/StarterContent/Materials/M_Metal_Burnished_Steel.uasset" 884
"../../../../../../Rad_Racers_New/Content/StarterContent/Textures/T_Metal_Copper_D.uasset" 885
"../../../../../../Rad_Racers_New/Content/StarterContent/Materials/M_Metal_Copper.uasset" 886
"../../../../../../Rad_Racers_New/Content/StarterContent/Textures/T_Statue_M.uasset" 887
"../../../../../../Rad_Racers_New/Content/StarterContent/Textures/T_Statue_N.uasset" 888
"../../../../../../Rad_Racers_New/Content/StarterContent/Props/Materials/M_StatueGlass.uasset" 889
"../../../../../../Rad_Racers_New/Content/StarterContent/Architecture/Floor_400x400.uasset" 890
"../../../../../../Rad_Racers_New/Content/StarterContent/Audio/Starter_Background_Cue.uasset" 891
"../../../../../../Rad_Racers_New/Content/StarterContent/Props/SM_Chair.uasset" 892
"../../../../../../Rad_Racers_New/Content/StarterContent/Props/Materials/M_Statue.uasset" 893
"../../../../../../Rad_Racers_New/Content/StarterContent/Props/SM_Statue.uasset" 894
"../../../../../../Rad_Racers_New/Content/StarterContent/Textures/T_TableRound_M.uasset" 895
"../../../../../../Rad_Racers_New/Content/StarterContent/Textures/T_TableRound_N.uasset" 896
"../../../../../../Rad_Racers_New/Content/StarterContent/Props/Materials/M_TableRound.uasset" 897
"../../../../../../Rad_Racers_New/Content/StarterContent/Props/SM_TableRound.uasset" 898
"../../../../../../Rad_Racers_New/Content/StarterContent/Maps/Minimal_Default.umap" 899
"../../../../../../Rad_Racers_New/Content/StarterContent/Audio/Fire01_Cue.uasset" 900
"../../../../../../Rad_Racers_New/Content/StarterContent/Particles/P_Fire.uasset" 901
"../../../../../../Rad_Racers_New/Content/StarterContent/Blueprints/Blueprint_Effect_Fire.uasset" 902
"../../../../../../Rad_Racers_New/Content/StarterContent/Audio/Smoke01_Cue.uasset" 903
"../../../../../../Rad_Racers_New/Content/StarterContent/Particles/P_Smoke.uasset" 904
"../../../../../../Rad_Racers_New/Content/StarterContent/Blueprints/Blueprint_Effect_Smoke.uasset" 905
"../../../../../../Rad_Racers_New/Content/StarterContent/Audio/Fire_Sparks01_Cue.uasset" 906
"../../../../../../Rad_Racers_New/Content/StarterContent/Particles/P_Sparks.uasset" 907
"../../../../../../Rad_Racers_New/Content/StarterContent/Blueprints/Blueprint_Effect_Sparks.uasset" 908
"../../../../../../Rad_Racers_New/Content/StarterContent/Audio/Steam01_Cue.uasset" 909
"../../../../../../Rad_Racers_New/Content/StarterContent/Particles/P_Steam_Lit.uasset" 910
"../../../../../../Rad_Racers_New/Content/StarterContent/Blueprints/Blueprint_Effect_Steam.uasset" 911
"../../../../../../Rad_Racers_New/Content/StarterContent/Textures/T_Lamp_M.uasset" 912
"../../../../../../Rad_Racers_New/Content/StarterContent/Textures/T_Lamp_N.uasset" 913
"../../../../../../Rad_Racers_New/Content/StarterContent/Props/Materials/M_Lamp.uasset" 914
"../../../../../../Rad_Racers_New/Content/StarterContent/Props/SM_Lamp_Ceiling.uasset" 915
"../../../../../../Rad_Racers_New/Content/StarterContent/Blueprints/Blueprint_CeilingLight.uasset" 916
"../../../../../../Rad_Racers_New/Content/StarterContent/Props/SM_Lamp_Wall.uasset" 917
"../../../../../../Rad_Racers_New/Content/StarterContent/Blueprints/Blueprint_WallSconce.uasset" 918
"../../../../../../Rad_Racers_New/Content/StarterContent/Maps/StarterMap_BuiltData.uasset" 919
"../../../Engine/Content/Functions/Engine_MaterialFunctions03/Procedurals/ComputeFilterWidth.uasset" 920
"../../../Engine/Content/EngineMaterials/AntiAliasedTextMaterialTranslucent.uasset" 921
"../../../../../../Rad_Racers_New/Content/StarterContent/Textures/T_Brick_Clay_Beveled_D.uasset" 922
"../../../../../../Rad_Racers_New/Content/StarterContent/Textures/T_Brick_Clay_Beveled_M.uasset" 923
"../../../../../../Rad_Racers_New/Content/StarterContent/Textures/T_Brick_Clay_Beveled_N.uasset" 924
"../../../../../../Rad_Racers_New/Content/StarterContent/Materials/M_Brick_Clay_Beveled.uasset" 925
"../../../../../../Rad_Racers_New/Content/StarterContent/Textures/T_Brick_Clay_New_D.uasset" 926
"../../../../../../Rad_Racers_New/Content/StarterContent/Textures/T_Brick_Clay_New_M.uasset" 927
"../../../../../../Rad_Racers_New/Content/StarterContent/Textures/T_Brick_Clay_New_N.uasset" 928
"../../../../../../Rad_Racers_New/Content/StarterContent/Materials/M_Brick_Clay_New.uasset" 929
"../../../../../../Rad_Racers_New/Content/StarterContent/Textures/T_Brick_Clay_Old_D.uasset" 930
"../../../../../../Rad_Racers_New/Content/StarterContent/Textures/T_Brick_Clay_Old_N.uasset" 931
"../../../../../../Rad_Racers_New/Content/StarterContent/Textures/T_Perlin_Noise_M.uasset" 932
"../../../../../../Rad_Racers_New/Content/StarterContent/Materials/M_Brick_Clay_Old.uasset" 933
"../../../../../../Rad_Racers_New/Content/StarterContent/Textures/T_Brick_Cut_Stone_D.uasset" 934
"../../../../../../Rad_Racers_New/Content/StarterContent/Textures/T_Brick_Cut_Stone_N.uasset" 935
"../../../../../../Rad_Racers_New/Content/StarterContent/Materials/M_Brick_Cut_Stone.uasset" 936
"../../../../../../Rad_Racers_New/Content/StarterContent/Textures/T_Brick_Hewn_Stone_D.uasset" 937
"../../../../../../Rad_Racers_New/Content/StarterContent/Textures/T_Brick_Hewn_Stone_M.uasset" 938
"../../../../../../Rad_Racers_New/Content/StarterContent/Textures/T_Brick_Hewn_Stone_N.uasset" 939
"../../../../../../Rad_Racers_New/Content/StarterContent/Materials/M_Brick_Hewn_Stone.uasset" 940
"../../../../../../Rad_Racers_New/Content/StarterContent/Textures/T_Ceramic_Tile_M.uasset" 941
"../../../../../../Rad_Racers_New/Content/StarterContent/Textures/T_Ceramic_Tile_N.uasset" 942
"../../../../../../Rad_Racers_New/Content/StarterContent/Textures/T_Rock_Marble_Polished_D.uasset" 943
"../../../../../../Rad_Racers_New/Content/StarterContent/Materials/M_Ceramic_Tile_Checker.uasset" 944
"../../../../../../Rad_Racers_New/Content/StarterContent/Textures/T_CobbleStone_Pebble_D.uasset" 945
"../../../../../../Rad_Racers_New/Content/StarterContent/Textures/T_CobbleStone_Pebble_M.uasset" 946
"../../../../../../Rad_Racers_New/Content/StarterContent/Textures/T_CobbleStone_Pebble_N.uasset" 947
"../../../../../../Rad_Racers_New/Content/StarterContent/Materials/M_CobbleStone_Pebble.uasset" 948
"../../../../../../Rad_Racers_New/Content/StarterContent/Textures/T_CobbleStone_Rough_D.uasset" 949
"../../../../../../Rad_Racers_New/Content/StarterContent/Textures/T_CobbleStone_Rough_N.uasset" 950
"../../../../../../Rad_Racers_New/Content/StarterContent/Textures/T_Gradinet_01.uasset" 951
"../../../../../../Rad_Racers_New/Content/StarterContent/Textures/T_Rock_Smooth_Granite_D.uasset" 952
"../../../../../../Rad_Racers_New/Content/StarterContent/Materials/M_CobbleStone_Rough.uasset" 953
"../../../../../../Rad_Racers_New/Content/StarterContent/Textures/T_CobbleStone_Smooth_D.uasset" 954
"../../../../../../Rad_Racers_New/Content/StarterContent/Textures/T_CobbleStone_Smooth_M.uasset" 955
"../../../../../../Rad_Racers_New/Content/StarterContent/Textures/T_CobbleStone_Smooth_N.uasset" 956
"../../../../../../Rad_Racers_New/Content/StarterContent/Materials/M_CobbleStone_Smooth.uasset" 957
"../../../../../../Rad_Racers_New/Content/StarterContent/Textures/T_Concrete_Grime_D.uasset" 958
"../../../../../../Rad_Racers_New/Content/StarterContent/Textures/T_Metal_Rust_N.uasset" 959
"../../../../../../Rad_Racers_New/Content/StarterContent/Materials/M_Concrete_Grime.uasset" 960
"../../../../../../Rad_Racers_New/Content/StarterContent/Textures/T_Concrete_Panels_D.uasset" 961
"../../../../../../Rad_Racers_New/Content/StarterContent/Textures/T_Concrete_Panels_N.uasset" 962
"../../../../../../Rad_Racers_New/Content/StarterContent/Materials/M_Concrete_Panels.uasset" 963
"../../../../../../Rad_Racers_New/Content/StarterContent/Textures/T_Concrete_Poured_D.uasset" 964
"../../../../../../Rad_Racers_New/Content/StarterContent/Textures/T_Concrete_Poured_N.uasset" 965
"../../../../../../Rad_Racers_New/Content/StarterContent/Materials/M_Concrete_Poured.uasset" 966
"../../../../../../Rad_Racers_New/Content/StarterContent/Textures/T_Concrete_Tiles_D.uasset" 967
"../../../../../../Rad_Racers_New/Content/StarterContent/Textures/T_Concrete_Tiles_M.uasset" 968
"../../../../../../Rad_Racers_New/Content/StarterContent/Textures/T_Concrete_Tiles_N.uasset" 969
"../../../../../../Rad_Racers_New/Content/StarterContent/Textures/T_Concrete_Tiles_Variation_M.uasset" 970
"../../../../../../Rad_Racers_New/Content/StarterContent/Materials/M_Concrete_Tiles.uasset" 971
"../../../../../../Rad_Racers_New/Content/StarterContent/Textures/T_Ground_Grass_D.uasset" 972
"../../../../../../Rad_Racers_New/Content/StarterContent/Textures/T_Ground_Grass_N.uasset" 973
"../../../../../../Rad_Racers_New/Content/StarterContent/Materials/M_Ground_Grass.uasset" 974
"../../../../../../Rad_Racers_New/Content/StarterContent/Textures/T_Ground_Gravel_D.uasset" 975
"../../../../../../Rad_Racers_New/Content/StarterContent/Textures/T_Ground_Gravel_N.uasset" 976
"../../../../../../Rad_Racers_New/Content/StarterContent/Materials/M_Ground_Gravel.uasset" 977
"../../../../../../Rad_Racers_New/Content/StarterContent/Textures/T_ground_Moss_D.uasset" 978
"../../../../../../Rad_Racers_New/Content/StarterContent/Textures/T_Ground_Moss_N.uasset" 979
"../../../../../../Rad_Racers_New/Content/StarterContent/Materials/M_Ground_Moss.uasset" 980
"../../../../../../Rad_Racers_New/Content/StarterContent/Materials/M_Metal_Chrome.uasset" 981
"../../../../../../Rad_Racers_New/Content/StarterContent/Textures/T_Metal_Gold_D.uasset" 982
"../../../../../../Rad_Racers_New/Content/StarterContent/Materials/M_Metal_Gold.uasset" 983
"../../../../../../Rad_Racers_New/Content/StarterContent/Textures/T_Metal_Rust_D.uasset" 984
"../../../../../../Rad_Racers_New/Content/StarterContent/Materials/M_Metal_Rust.uasset" 985
"../../../../../../Rad_Racers_New/Content/StarterContent/Textures/T_Metal_Steel_D.uasset" 986
"../../../../../../Rad_Racers_New/Content/StarterContent/Textures/T_Metal_Steel_N.uasset" 987
"../../../../../../Rad_Racers_New/Content/StarterContent/Materials/M_Metal_Steel.uasset" 988
"../../../../../../Rad_Racers_New/Content/StarterContent/Textures/T_Rock_Basalt_N.uasset" 989
"../../../../../../Rad_Racers_New/Content/StarterContent/Materials/M_Rock_Basalt.uasset" 990
"../../../../../../Rad_Racers_New/Content/StarterContent/Materials/M_Rock_Marble_Polished.uasset" 991
"../../../../../../Rad_Racers_New/Content/StarterContent/Textures/T_Rock_Sandstone_D.uasset" 992
"../../../../../../Rad_Racers_New/Content/StarterContent/Textures/T_Rock_Sandstone_N.uasset" 993
"../../../../../../Rad_Racers_New/Content/StarterContent/Materials/M_Rock_Sandstone.uasset" 994
"../../../../../../Rad_Racers_New/Content/StarterContent/Textures/T_Rock_Slate_D.uasset" 995
"../../../../../../Rad_Racers_New/Content/StarterContent/Textures/T_Rock_Slate_N.uasset" 996
"../../../../../../Rad_Racers_New/Content/StarterContent/Materials/M_Rock_Slate.uasset" 997
"../../../../../../Rad_Racers_New/Content/StarterContent/Textures/T_Checker_Noise_M.uasset" 998
"../../../../../../Rad_Racers_New/Content/StarterContent/Textures/T_Single_Tile_N.uasset" 999
"../../../../../../Rad_Racers_New/Content/StarterContent/Textures/T_Tech_Dot_M.uasset" 1000
"../../../../../../Rad_Racers_New/Content/StarterContent/Textures/T_Tech_Dot_N.uasset" 1001
"../../../../../../Rad_Racers_New/Content/StarterContent/Materials/M_Tech_Checker_Dot.uasset" 1002
"../../../../../../Rad_Racers_New/Content/StarterContent/Textures/T_Tech_Hex_Tile_M.uasset" 1003
"../../../../../../Rad_Racers_New/Content/StarterContent/Textures/T_Tech_Hex_Tile_N.uasset" 1004
"../../../../../../Rad_Racers_New/Content/StarterContent/Materials/M_Tech_Hex_Tile.uasset" 1005
"../../../../../../Rad_Racers_New/Content/StarterContent/Materials/M_Tech_Hex_Tile_Pulse.uasset" 1006
"../../../../../../Rad_Racers_New/Content/StarterContent/Textures/T_Tech_Panel_M.uasset" 1007
"../../../../../../Rad_Racers_New/Content/StarterContent/Textures/T_Tech_Panel_N.uasset" 1008
"../../../../../../Rad_Racers_New/Content/StarterContent/Materials/M_Tech_Panel.uasset" 1009
"../../../../../../Rad_Racers_New/Content/StarterContent/Materials/M_Water_Lake.uasset" 1010
"../../../../../../Rad_Racers_New/Content/StarterContent/Textures/T_Water_M.uasset" 1011
"../../../../../../Rad_Racers_New/Content/StarterContent/Materials/M_Water_Ocean.uasset" 1012
"../../../../../../Rad_Racers_New/Content/StarterContent/Textures/T_Wood_Floor_Walnut_D.uasset" 1013
"../../../../../../Rad_Racers_New/Content/StarterContent/Textures/T_Wood_Floor_Walnut_M.uasset" 1014
"../../../../../../Rad_Racers_New/Content/StarterContent/Textures/T_Wood_Floor_Walnut_N.uasset" 1015
"../../../../../../Rad_Racers_New/Content/StarterContent/Materials/M_Wood_Floor_Walnut_Polished.uasset" 1016
"../../../Engine/Content/Functions/Engine_MaterialFunctions01/Opacity/AlphaOffset.uasset" 1017
"../../../../../../Rad_Racers_New/Content/StarterContent/Materials/M_Wood_Floor_Walnut_Worn.uasset" 1018
"../../../../../../Rad_Racers_New/Content/StarterContent/Textures/T_Wood_Oak_D.uasset" 1019
"../../../../../../Rad_Racers_New/Content/StarterContent/Textures/T_Wood_Oak_N.uasset" 1020
"../../../../../../Rad_Racers_New/Content/StarterContent/Materials/M_Wood_Oak.uasset" 1021
"../../../../../../Rad_Racers_New/Content/StarterContent/Textures/T_Wood_Pine_D.uasset" 1022
"../../../../../../Rad_Racers_New/Content/StarterContent/Textures/T_Wood_Pine_N.uasset" 1023
"../../../../../../Rad_Racers_New/Content/StarterContent/Materials/M_Wood_Pine.uasset" 1024
"../../../../../../Rad_Racers_New/Content/StarterContent/Textures/T_Wood_Walnut_D.uasset" 1025
"../../../../../../Rad_Racers_New/Content/StarterContent/Textures/T_Wood_Walnut_N.uasset" 1026
"../../../../../../Rad_Racers_New/Content/StarterContent/Materials/M_Wood_Walnut.uasset" 1027
"../../../../../../Rad_Racers_New/Content/StarterContent/Architecture/Wall_400x200.uasset" 1028
"../../../../../../Rad_Racers_New/Content/StarterContent/Architecture/Wall_Door_400x300.uasset" 1029
"../../../../../../Rad_Racers_New/Content/StarterContent/Architecture/Wall_Window_400x300.uasset" 1030
"../../../../../../Rad_Racers_New/Content/StarterContent/Audio/Collapse_Cue.uasset" 1031
"../../../../../../Rad_Racers_New/Content/StarterContent/Audio/Starter_Music_Cue.uasset" 1032
"../../../../../../Rad_Racers_New/Content/StarterContent/Particles/P_Ambient_Dust.uasset" 1033
"../../../../../../Rad_Racers_New/Content/StarterContent/Props/MaterialSphere.uasset" 1034
"../../../../../../Rad_Racers_New/Content/StarterContent/Textures/T_Frame_M.uasset" 1035
"../../../../../../Rad_Racers_New/Content/StarterContent/Textures/T_Frame_N.uasset" 1036
"../../../../../../Rad_Racers_New/Content/StarterContent/Props/Materials/M_Frame.uasset" 1037
"../../../../../../Rad_Racers_New/Content/StarterContent/Props/SM_CornerFrame.uasset" 1038
"../../../../../../Rad_Racers_New/Content/StarterContent/Props/SM_DoorFrame.uasset" 1039
"../../../../../../Rad_Racers_New/Content/StarterContent/Props/SM_GlassWindow.uasset" 1040
"../../../../../../Rad_Racers_New/Content/StarterContent/Props/SM_PillarFrame.uasset" 1041
"../../../../../../Rad_Racers_New/Content/StarterContent/Props/SM_PillarFrame300.uasset" 1042
"../../../../../../Rad_Racers_New/Content/StarterContent/Props/SM_WindowFrame.uasset" 1043
"../../../../../../Rad_Racers_New/Content/StarterContent/Shapes/Shape_Cube.uasset" 1044
"../../../../../../Rad_Racers_New/Content/StarterContent/Shapes/Shape_QuadPyramid.uasset" 1045
"../../../../../../Rad_Racers_New/Content/StarterContent/Shapes/Shape_Sphere.uasset" 1046
"../../../../../../Rad_Racers_New/Content/StarterContent/Maps/StarterMap.umap" 1047
"../../../Engine/Content/Maps/Entry_BuiltData.uasset" 1048
"../../../Engine/Content/Maps/Entry.umap" 1049
