Log file open, 08/19/19 21:27:50
LogWindows: Failed to load 'aqProf.dll' (GetLastError=126)
LogWindows: File 'aqProf.dll' does not exist
LogWindows: Failed to load 'VtuneApi.dll' (GetLastError=126)
LogWindows: File 'VtuneApi.dll' does not exist
LogWindows: Failed to load 'VtuneApi32e.dll' (GetLastError=126)
LogWindows: File 'VtuneApi32e.dll' does not exist
LogConsoleResponse: Display: Failed to find resolution value strings in scalability ini. Falling back to default.
LogInit: Display: Running engine for game: RadRacers
LogPakFile: Registered encryption key '00000000000000000000000000000000': 0 pak files mounted, 0 remain pending
LogPlatformFile: Not using cached read wrapper
LogTaskGraph: Started task graph with 5 named threads and 35 total threads with 3 sets of task threads.
LogStats: Stats thread started at 0.431422
LogD3D11RHI: Loaded GFSDK_Aftermath_Lib.x64.dll
LogICUInternationalization: ICU TimeZone Detection - Raw Offset: +0:00, Platform Override: ''
LogPluginManager: Mounting plugin Paper2D
LogPluginManager: Mounting plugin AISupport
LogPluginManager: Mounting plugin LightPropagationVolume
LogPluginManager: Mounting plugin ActorLayerUtilities
LogPluginManager: Mounting plugin AnimationSharing
LogPluginManager: Mounting plugin CLionSourceCodeAccess
LogPluginManager: Mounting plugin CodeLiteSourceCodeAccess
LogPluginManager: Mounting plugin GitSourceControl
LogPluginManager: Mounting plugin KDevelopSourceCodeAccess
LogPluginManager: Mounting plugin NullSourceCodeAccess
LogPluginManager: Mounting plugin PerforceSourceControl
LogPluginManager: Mounting plugin SubversionSourceControl
LogPluginManager: Mounting plugin UObjectPlugin
LogPluginManager: Mounting plugin VisualStudioCodeSourceCodeAccess
LogPluginManager: Mounting plugin VisualStudioSourceCodeAccess
LogPluginManager: Mounting plugin XCodeSourceCodeAccess
LogPluginManager: Mounting plugin AssetManagerEditor
LogPluginManager: Mounting plugin CryptoKeys
LogPluginManager: Mounting plugin DataValidation
LogPluginManager: Mounting plugin FacialAnimation
LogPluginManager: Mounting plugin GameplayTagsEditor
LogPluginManager: Mounting plugin MacGraphicsSwitching
LogPluginManager: Mounting plugin MaterialAnalyzer
LogPluginManager: Mounting plugin MobileLauncherProfileWizard
LogPluginManager: Mounting plugin PluginBrowser
LogPluginManager: Mounting plugin SpeedTreeImporter
LogPluginManager: Mounting plugin DatasmithContent
LogPluginManager: Mounting plugin VariantManagerContent
LogPluginManager: Mounting plugin AlembicImporter
LogPluginManager: Mounting plugin AppleImageUtils
LogPluginManager: Mounting plugin AppleVision
LogPluginManager: Mounting plugin BackChannel
LogPluginManager: Mounting plugin CharacterAI
LogPluginManager: Mounting plugin GeometryCache
LogPluginManager: Mounting plugin HTML5Networking
LogPluginManager: Mounting plugin ProxyLODPlugin
LogPluginManager: Mounting plugin SkeletalReduction
LogPluginManager: Mounting plugin MagicLeap
LogPluginManager: Mounting plugin MagicLeapMedia
LogPluginManager: Mounting plugin LowEntryExtStdLib
LogPluginManager: Mounting plugin AndroidMedia
LogPluginManager: Mounting plugin AvfMedia
LogPluginManager: Mounting plugin ImgMedia
LogPluginManager: Mounting plugin LinearTimecode
LogPluginManager: Mounting plugin MediaCompositing
LogPluginManager: Mounting plugin MediaPlayerEditor
LogPluginManager: Mounting plugin WebMMedia
LogPluginManager: Mounting plugin WmfMedia
LogPluginManager: Mounting plugin TcpMessaging
LogPluginManager: Mounting plugin UdpMessaging
LogPluginManager: Mounting plugin ActorSequence
LogPluginManager: Mounting plugin LevelSequenceEditor
LogPluginManager: Mounting plugin MatineeToLevelSequence
LogPluginManager: Mounting plugin NetcodeUnitTest
LogPluginManager: Mounting plugin NUTUnrealEngine4
LogPluginManager: Mounting plugin OnlineSubsystemGooglePlay
LogPluginManager: Mounting plugin OnlineSubsystemIOS
LogPluginManager: Mounting plugin OnlineSubsystem
LogPluginManager: Mounting plugin OnlineSubsystemNull
LogPluginManager: Mounting plugin OnlineSubsystemUtils
LogPluginManager: Mounting plugin LauncherChunkInstaller
LogPluginManager: Mounting plugin AndroidDeviceProfileSelector
LogPluginManager: Mounting plugin AndroidMoviePlayer
LogPluginManager: Mounting plugin AndroidPermission
LogPluginManager: Mounting plugin AppleMoviePlayer
LogPluginManager: Mounting plugin ArchVisCharacter
LogPluginManager: Mounting plugin AudioCapture
LogPluginManager: Mounting plugin CableComponent
LogPluginManager: Mounting plugin CustomMeshComponent
LogPluginManager: Mounting plugin EditableMesh
LogPluginManager: Mounting plugin ExampleDeviceProfileSelector
LogPluginManager: Mounting plugin Firebase
LogPluginManager: Mounting plugin GoogleCloudMessaging
LogPluginManager: Mounting plugin IOSDeviceProfileSelector
LogPluginManager: Mounting plugin LinuxDeviceProfileSelector
LogPluginManager: Mounting plugin LocationServicesBPLibrary
LogPluginManager: Mounting plugin MobilePatchingUtils
LogPluginManager: Mounting plugin OculusVR
LogPluginManager: Mounting plugin PhysXVehicles
LogPluginManager: Mounting plugin ProceduralMeshComponent
LogPluginManager: Mounting plugin RuntimePhysXCooking
LogPluginManager: Mounting plugin SignificanceManager
LogPluginManager: Mounting plugin SteamVR
LogPluginManager: Mounting plugin WebMMoviePlayer
LogPluginManager: Mounting plugin WindowsMoviePlayer
LogInit: Using libcurl 7.55.1-DEV
LogInit:  - built for x86_64-pc-win32
LogInit:  - supports SSL with OpenSSL/1.1.1
LogInit:  - supports HTTP deflate (compression) using libz 1.2.8
LogInit:  - other features:
LogInit:      CURL_VERSION_SSL
LogInit:      CURL_VERSION_LIBZ
LogInit:      CURL_VERSION_IPV6
LogInit:      CURL_VERSION_ASYNCHDNS
LogInit:      CURL_VERSION_LARGEFILE
LogInit:      CURL_VERSION_IDN
LogInit:  CurlRequestOptions (configurable via config and command line):
LogInit:  - bVerifyPeer = true  - Libcurl will verify peer certificate
LogInit:  - bUseHttpProxy = false  - Libcurl will NOT use HTTP proxy
LogInit:  - bDontReuseConnections = false  - Libcurl will reuse connections
LogInit:  - MaxHostConnections = 16  - Libcurl will limit the number of connections to a host
LogInit:  - LocalHostAddr = Default
LogInit:  - BufferSize = 65536
LogInit: WinSock: version 1.1 (2.2), MaxSocks=32767, MaxUdp=65467
LogInit: Build: ++UE4+Release-4.22-CL-7053642
LogInit: Engine Version: 4.22.3-7053642+++UE4+Release-4.22
LogInit: Compatible Engine Version: 4.22.0-5660361+++UE4+Release-4.22
LogInit: Net CL: 5660361
LogInit: OS: Windows 10 (Release 1803) (), CPU: Intel(R) Core(TM) i7-8750H CPU @ 2.20GHz, GPU: Intel(R) UHD Graphics 630
LogInit: Compiled (64-bit): Jun 18 2019 03:09:11
LogInit: Compiled with Visual C++: 19.16.27025.01
LogInit: Build Configuration: Development
LogInit: Branch Name: ++UE4+Release-4.22
LogInit: Command Line: 
LogInit: Base Directory: C:/Program Files/Epic Games/UE_4.22/UE_4.22/Engine/Binaries/Win64/
LogInit: Installed Engine Build: 1
LogDevObjectVersion: Number of dev versions registered: 23
LogDevObjectVersion:   Dev-Blueprints (B0D832E4-1F89-4F0D-ACCF-7EB736FD4AA2): 10
LogDevObjectVersion:   Dev-Build (E1C64328-A22C-4D53-A36C-8E866417BD8C): 0
LogDevObjectVersion:   Dev-Core (375EC13C-06E4-48FB-B500-84F0262A717E): 3
LogDevObjectVersion:   Dev-Editor (E4B068ED-F494-42E9-A231-DA0B2E46BB41): 30
LogDevObjectVersion:   Dev-Framework (CFFC743F-43B0-4480-9391-14DF171D2073): 35
LogDevObjectVersion:   Dev-Mobile (B02B49B5-BB20-44E9-A304-32B752E40360): 2
LogDevObjectVersion:   Dev-Networking (A4E4105C-59A1-49B5-A7C5-40C4547EDFEE): 0
LogDevObjectVersion:   Dev-Online (39C831C9-5AE6-47DC-9A44-9C173E1C8E7C): 0
LogDevObjectVersion:   Dev-Physics (78F01B33-EBEA-4F98-B9B4-84EACCB95AA2): 0
LogDevObjectVersion:   Dev-Platform (6631380F-2D4D-43E0-8009-CF276956A95A): 0
LogDevObjectVersion:   Dev-Rendering (12F88B9F-8875-4AFC-A67C-D90C383ABD29): 28
LogDevObjectVersion:   Dev-Sequencer (7B5AE74C-D270-4C10-A958-57980B212A5A): 11
LogDevObjectVersion:   Dev-VR (D7296918-1DD6-4BDD-9DE2-64A83CC13884): 2
LogDevObjectVersion:   Dev-LoadTimes (C2A15278-BFE7-4AFE-6C17-90FF531DF755): 1
LogDevObjectVersion:   Private-Geometry (6EACA3D4-40EC-4CC1-B786-8BED09428FC5): 3
LogDevObjectVersion:   Dev-AnimPhys (29E575DD-E0A3-4627-9D10-D276232CDCEA): 17
LogDevObjectVersion:   Dev-Anim (AF43A65D-7FD3-4947-9873-3E8ED9C1BB05): 2
LogDevObjectVersion:   Dev-ReflectionCapture (6B266CEC-1EC7-4B8F-A30B-E4D90942FC07): 1
LogDevObjectVersion:   Dev-Automation (0DF73D61-A23F-47EA-B727-89E90C41499A): 1
LogDevObjectVersion:   FortniteMain (601D1886-AC64-4F84-AA16-D3DE0DEAC7D6): 25
LogDevObjectVersion:   Dev-Enterprise (9DFFBCD6-494F-0158-E221-12823C92A888): 6
LogDevObjectVersion:   Dev-Niagara (F2AED0AC-9AFE-416F-8664-AA7FFA26D6FC): 1
LogDevObjectVersion:   Dev-Destruction (174F1F0B-B4C6-45A5-B13F-2EE8D0FB917D): 2
LogInit: Presizing for max 16777216 objects, including 0 objects not considered by GC, pre-allocating 0 bytes for permanent pool.
LogInit: Object subsystem initialized
LogConfig: Setting CVar [[con.DebugEarlyDefault:1]]
LogConfig: Setting CVar [[r.setres:1280x720]]
[2019.08.19-20.27.50:882][  0]LogConfig: Setting CVar [[r.VSync:0]]
[2019.08.19-20.27.50:882][  0]LogConfig: Setting CVar [[r.RHICmdBypass:0]]
[2019.08.19-20.27.50:882][  0]LogConfig: Applying CVar settings from Section [/Script/Engine.RendererSettings] File [C:/Users/Thomas.L-M.ADM/Documents/GitHub/RadRacers/RadRacersFinal/Saved/Config/Windows/Engine.ini]
[2019.08.19-20.27.50:882][  0]LogConfig: Setting CVar [[r.GPUCrashDebugging:0]]
[2019.08.19-20.27.50:882][  0]LogConfig: Setting CVar [[r.DefaultFeature.AutoExposure.ExtendDefaultLuminanceRange:1]]
[2019.08.19-20.27.50:882][  0]LogConfig: Setting CVar [[r.DefaultFeature.MotionBlur:0]]
[2019.08.19-20.27.50:882][  0]LogConfig: Applying CVar settings from Section [/Script/Engine.RendererOverrideSettings] File [C:/Users/Thomas.L-M.ADM/Documents/GitHub/RadRacers/RadRacersFinal/Saved/Config/Windows/Engine.ini]
[2019.08.19-20.27.50:882][  0]LogConfig: Applying CVar settings from Section [/Script/Engine.StreamingSettings] File [C:/Users/Thomas.L-M.ADM/Documents/GitHub/RadRacers/RadRacersFinal/Saved/Config/Windows/Engine.ini]
[2019.08.19-20.27.50:882][  0]LogConfig: Setting CVar [[s.MinBulkDataSizeForAsyncLoading:131072]]
[2019.08.19-20.27.50:882][  0]LogConfig: Setting CVar [[s.AsyncLoadingThreadEnabled:0]]
[2019.08.19-20.27.50:882][  0]LogConfig: Setting CVar [[s.EventDrivenLoaderEnabled:1]]
[2019.08.19-20.27.50:882][  0]LogConfig: Setting CVar [[s.WarnIfTimeLimitExceeded:0]]
[2019.08.19-20.27.50:882][  0]LogConfig: Setting CVar [[s.TimeLimitExceededMultiplier:1.5]]
[2019.08.19-20.27.50:882][  0]LogConfig: Setting CVar [[s.TimeLimitExceededMinTime:0.005]]
[2019.08.19-20.27.50:882][  0]LogConfig: Setting CVar [[s.UseBackgroundLevelStreaming:1]]
[2019.08.19-20.27.50:882][  0]LogConfig: Setting CVar [[s.PriorityAsyncLoadingExtraTime:15.0]]
[2019.08.19-20.27.50:882][  0]LogConfig: Setting CVar [[s.LevelStreamingActorsUpdateTimeLimit:5.0]]
[2019.08.19-20.27.50:882][  0]LogConfig: Setting CVar [[s.PriorityLevelStreamingActorsUpdateExtraTime:5.0]]
[2019.08.19-20.27.50:882][  0]LogConfig: Setting CVar [[s.LevelStreamingComponentsRegistrationGranularity:10]]
[2019.08.19-20.27.50:882][  0]LogConfig: Setting CVar [[s.UnregisterComponentsTimeLimit:1.0]]
[2019.08.19-20.27.50:882][  0]LogConfig: Setting CVar [[s.LevelStreamingComponentsUnregistrationGranularity:5]]
[2019.08.19-20.27.50:882][  0]LogConfig: Applying CVar settings from Section [/Script/Engine.GarbageCollectionSettings] File [C:/Users/Thomas.L-M.ADM/Documents/GitHub/RadRacers/RadRacersFinal/Saved/Config/Windows/Engine.ini]
[2019.08.19-20.27.50:882][  0]LogConfig: Setting CVar [[gc.MaxObjectsNotConsideredByGC:1]]
[2019.08.19-20.27.50:882][  0]LogConfig: Setting CVar [[gc.SizeOfPermanentObjectPool:0]]
[2019.08.19-20.27.50:882][  0]LogConfig: Setting CVar [[gc.FlushStreamingOnGC:0]]
[2019.08.19-20.27.50:883][  0]LogConfig: Setting CVar [[gc.NumRetriesBeforeForcingGC:10]]
[2019.08.19-20.27.50:883][  0]LogConfig: Setting CVar [[gc.AllowParallelGC:1]]
[2019.08.19-20.27.50:883][  0]LogConfig: Setting CVar [[gc.TimeBetweenPurgingPendingKillObjects:61.1]]
[2019.08.19-20.27.50:883][  0]LogConfig: Setting CVar [[gc.MaxObjectsInEditor:16777216]]
[2019.08.19-20.27.50:883][  0]LogConfig: Setting CVar [[gc.IncrementalBeginDestroyEnabled:1]]
[2019.08.19-20.27.50:883][  0]LogConfig: Setting CVar [[gc.CreateGCClusters:1]]
[2019.08.19-20.27.50:883][  0]LogConfig: Setting CVar [[gc.MinGCClusterSize:5]]
[2019.08.19-20.27.50:883][  0]LogConfig: Setting CVar [[gc.ActorClusteringEnabled:0]]
[2019.08.19-20.27.50:883][  0]LogConfig: Setting CVar [[gc.BlueprintClusteringEnabled:0]]
[2019.08.19-20.27.50:883][  0]LogConfig: Setting CVar [[gc.UseDisregardForGCOnDedicatedServers:0]]
[2019.08.19-20.27.50:883][  0]LogConfig: Applying CVar settings from Section [/Script/Engine.NetworkSettings] File [C:/Users/Thomas.L-M.ADM/Documents/GitHub/RadRacers/RadRacersFinal/Saved/Config/Windows/Engine.ini]
[2019.08.19-20.27.50:883][  0]LogConfig: Applying CVar settings from Section [/Script/UnrealEd.CookerSettings] File [C:/Users/Thomas.L-M.ADM/Documents/GitHub/RadRacers/RadRacersFinal/Saved/Config/Windows/Engine.ini]
[2019.08.19-20.27.50:890][  0]LogConfig: Applying CVar settings from Section [ViewDistanceQuality@3] File [C:/Users/Thomas.L-M.ADM/Documents/GitHub/RadRacers/RadRacersFinal/Saved/Config/Windows/Scalability.ini]
[2019.08.19-20.27.50:890][  0]LogConfig: Setting CVar [[r.SkeletalMeshLODBias:0]]
[2019.08.19-20.27.50:890][  0]LogConfig: Setting CVar [[r.ViewDistanceScale:1.0]]
[2019.08.19-20.27.50:890][  0]LogConfig: Applying CVar settings from Section [AntiAliasingQuality@3] File [C:/Users/Thomas.L-M.ADM/Documents/GitHub/RadRacers/RadRacersFinal/Saved/Config/Windows/Scalability.ini]
[2019.08.19-20.27.50:890][  0]LogConfig: Setting CVar [[r.PostProcessAAQuality:4]]
[2019.08.19-20.27.50:890][  0]LogConfig: Applying CVar settings from Section [ShadowQuality@3] File [C:/Users/Thomas.L-M.ADM/Documents/GitHub/RadRacers/RadRacersFinal/Saved/Config/Windows/Scalability.ini]
[2019.08.19-20.27.50:890][  0]LogConfig: Setting CVar [[r.LightFunctionQuality:1]]
[2019.08.19-20.27.50:890][  0]LogConfig: Setting CVar [[r.ShadowQuality:5]]
[2019.08.19-20.27.50:890][  0]LogConfig: Setting CVar [[r.Shadow.CSM.MaxCascades:10]]
[2019.08.19-20.27.50:890][  0]LogConfig: Setting CVar [[r.Shadow.MaxResolution:2048]]
[2019.08.19-20.27.50:890][  0]LogConfig: Setting CVar [[r.Shadow.MaxCSMResolution:2048]]
[2019.08.19-20.27.50:890][  0]LogConfig: Setting CVar [[r.Shadow.RadiusThreshold:0.01]]
[2019.08.19-20.27.50:890][  0]LogConfig: Setting CVar [[r.Shadow.DistanceScale:1.0]]
[2019.08.19-20.27.50:890][  0]LogConfig: Setting CVar [[r.Shadow.CSM.TransitionScale:1.0]]
[2019.08.19-20.27.50:890][  0]LogConfig: Setting CVar [[r.Shadow.PreShadowResolutionFactor:1.0]]
[2019.08.19-20.27.50:890][  0]LogConfig: Setting CVar [[r.DistanceFieldShadowing:1]]
[2019.08.19-20.27.50:890][  0]LogConfig: Setting CVar [[r.DistanceFieldAO:1]]
[2019.08.19-20.27.50:890][  0]LogConfig: Setting CVar [[r.AOQuality:2]]
[2019.08.19-20.27.50:890][  0]LogConfig: Setting CVar [[r.VolumetricFog:1]]
[2019.08.19-20.27.50:890][  0]LogConfig: Setting CVar [[r.VolumetricFog.GridPixelSize:8]]
[2019.08.19-20.27.50:890][  0]LogConfig: Setting CVar [[r.VolumetricFog.GridSizeZ:128]]
[2019.08.19-20.27.50:890][  0]LogConfig: Setting CVar [[r.VolumetricFog.HistoryMissSupersampleCount:4]]
[2019.08.19-20.27.50:890][  0]LogConfig: Setting CVar [[r.LightMaxDrawDistanceScale:1]]
[2019.08.19-20.27.50:890][  0]LogConfig: Setting CVar [[r.CapsuleShadows:1]]
[2019.08.19-20.27.50:890][  0]LogConfig: Applying CVar settings from Section [PostProcessQuality@3] File [C:/Users/Thomas.L-M.ADM/Documents/GitHub/RadRacers/RadRacersFinal/Saved/Config/Windows/Scalability.ini]
[2019.08.19-20.27.50:890][  0]LogConfig: Setting CVar [[r.MotionBlurQuality:4]]
[2019.08.19-20.27.50:890][  0]LogConfig: Setting CVar [[r.AmbientOcclusionMipLevelFactor:0.4]]
[2019.08.19-20.27.50:890][  0]LogConfig: Setting CVar [[r.AmbientOcclusionMaxQuality:100]]
[2019.08.19-20.27.50:890][  0]LogConfig: Setting CVar [[r.AmbientOcclusionLevels:-1]]
[2019.08.19-20.27.50:890][  0]LogConfig: Setting CVar [[r.AmbientOcclusionRadiusScale:1.0]]
[2019.08.19-20.27.50:890][  0]LogConfig: Setting CVar [[r.DepthOfFieldQuality:2]]
[2019.08.19-20.27.50:890][  0]LogConfig: Setting CVar [[r.RenderTargetPoolMin:400]]
[2019.08.19-20.27.50:890][  0]LogConfig: Setting CVar [[r.LensFlareQuality:2]]
[2019.08.19-20.27.50:890][  0]LogConfig: Setting CVar [[r.SceneColorFringeQuality:1]]
[2019.08.19-20.27.50:890][  0]LogConfig: Setting CVar [[r.EyeAdaptationQuality:2]]
[2019.08.19-20.27.50:890][  0]LogConfig: Setting CVar [[r.BloomQuality:5]]
[2019.08.19-20.27.50:890][  0]LogConfig: Setting CVar [[r.FastBlurThreshold:100]]
[2019.08.19-20.27.50:890][  0]LogConfig: Setting CVar [[r.Upscale.Quality:3]]
[2019.08.19-20.27.50:890][  0]LogConfig: Setting CVar [[r.Tonemapper.GrainQuantization:1]]
[2019.08.19-20.27.50:890][  0]LogConfig: Setting CVar [[r.LightShaftQuality:1]]
[2019.08.19-20.27.50:890][  0]LogConfig: Setting CVar [[r.Filter.SizeScale:1]]
[2019.08.19-20.27.50:890][  0]LogConfig: Setting CVar [[r.Tonemapper.Quality:5]]
[2019.08.19-20.27.50:890][  0]LogConfig: Setting CVar [[r.DOF.Gather.AccumulatorQuality:1        ; higher gathering accumulator quality]]
[2019.08.19-20.27.50:890][  0]LogConfig: Setting CVar [[r.DOF.Gather.PostfilterMethod:1          ; Median3x3 postfilering method]]
[2019.08.19-20.27.50:890][  0]LogConfig: Setting CVar [[r.DOF.Gather.EnableBokehSettings:0       ; no bokeh simulation when gathering]]
[2019.08.19-20.27.50:890][  0]LogConfig: Setting CVar [[r.DOF.Gather.RingCount:4                 ; medium number of samples when gathering]]
[2019.08.19-20.27.50:890][  0]LogConfig: Setting CVar [[r.DOF.Scatter.ForegroundCompositing:1    ; additive foreground scattering]]
[2019.08.19-20.27.50:890][  0]LogConfig: Setting CVar [[r.DOF.Scatter.BackgroundCompositing:2    ; additive background scattering]]
[2019.08.19-20.27.50:890][  0]LogConfig: Setting CVar [[r.DOF.Scatter.EnableBokehSettings:1      ; bokeh simulation when scattering]]
[2019.08.19-20.27.50:890][  0]LogConfig: Setting CVar [[r.DOF.Scatter.MaxSpriteRatio:0.1         ; only a maximum of 10% of scattered bokeh]]
[2019.08.19-20.27.50:890][  0]LogConfig: Setting CVar [[r.DOF.Recombine.Quality:1                ; cheap slight out of focus]]
[2019.08.19-20.27.50:890][  0]LogConfig: Setting CVar [[r.DOF.Recombine.EnableBokehSettings:0    ; no bokeh simulation on slight out of focus]]
[2019.08.19-20.27.50:890][  0]LogConfig: Setting CVar [[r.DOF.TemporalAAQuality:1                ; more stable temporal accumulation]]
[2019.08.19-20.27.50:890][  0]LogConfig: Setting CVar [[r.DOF.Kernel.MaxForegroundRadius:0.025]]
[2019.08.19-20.27.50:890][  0]LogConfig: Setting CVar [[r.DOF.Kernel.MaxBackgroundRadius:0.025]]
[2019.08.19-20.27.50:890][  0]LogConfig: Applying CVar settings from Section [TextureQuality@3] File [C:/Users/Thomas.L-M.ADM/Documents/GitHub/RadRacers/RadRacersFinal/Saved/Config/Windows/Scalability.ini]
[2019.08.19-20.27.50:890][  0]LogConfig: Setting CVar [[r.Streaming.MipBias:0]]
[2019.08.19-20.27.50:890][  0]LogConfig: Setting CVar [[r.Streaming.AmortizeCPUToGPUCopy:0]]
[2019.08.19-20.27.50:890][  0]LogConfig: Setting CVar [[r.Streaming.MaxNumTexturesToStreamPerFrame:0]]
[2019.08.19-20.27.50:890][  0]LogConfig: Setting CVar [[r.Streaming.Boost:1]]
[2019.08.19-20.27.50:890][  0]LogConfig: Setting CVar [[r.MaxAnisotropy:8]]
[2019.08.19-20.27.50:890][  0]LogConfig: Setting CVar [[r.Streaming.LimitPoolSizeToVRAM:0]]
[2019.08.19-20.27.50:890][  0]LogConfig: Setting CVar [[r.Streaming.PoolSize:1000]]
[2019.08.19-20.27.50:890][  0]LogConfig: Setting CVar [[r.Streaming.MaxEffectiveScreenSize:0]]
[2019.08.19-20.27.50:890][  0]LogConfig: Applying CVar settings from Section [EffectsQuality@3] File [C:/Users/Thomas.L-M.ADM/Documents/GitHub/RadRacers/RadRacersFinal/Saved/Config/Windows/Scalability.ini]
[2019.08.19-20.27.50:890][  0]LogConfig: Setting CVar [[r.TranslucencyLightingVolumeDim:64]]
[2019.08.19-20.27.50:890][  0]LogConfig: Setting CVar [[r.RefractionQuality:2]]
[2019.08.19-20.27.50:890][  0]LogConfig: Setting CVar [[r.SSR.Quality:3]]
[2019.08.19-20.27.50:890][  0]LogConfig: Setting CVar [[r.SceneColorFormat:4]]
[2019.08.19-20.27.50:890][  0]LogConfig: Setting CVar [[r.DetailMode:2]]
[2019.08.19-20.27.50:890][  0]LogConfig: Setting CVar [[r.TranslucencyVolumeBlur:1]]
[2019.08.19-20.27.50:890][  0]LogConfig: Setting CVar [[r.MaterialQualityLevel:1 ; High quality]]
[2019.08.19-20.27.50:891][  0]LogConfig: Setting CVar [[r.SSS.Scale:1]]
[2019.08.19-20.27.50:891][  0]LogConfig: Setting CVar [[r.SSS.SampleSet:2]]
[2019.08.19-20.27.50:891][  0]LogConfig: Setting CVar [[r.SSS.Quality:1]]
[2019.08.19-20.27.50:891][  0]LogConfig: Setting CVar [[r.SSS.HalfRes:1]]
[2019.08.19-20.27.50:891][  0]LogConfig: Setting CVar [[r.EmitterSpawnRateScale:1.0]]
[2019.08.19-20.27.50:891][  0]LogConfig: Setting CVar [[r.ParticleLightQuality:2]]
[2019.08.19-20.27.50:891][  0]LogConfig: Applying CVar settings from Section [FoliageQuality@3] File [C:/Users/Thomas.L-M.ADM/Documents/GitHub/RadRacers/RadRacersFinal/Saved/Config/Windows/Scalability.ini]
[2019.08.19-20.27.50:891][  0]LogConfig: Setting CVar [[foliage.DensityScale:1.0]]
[2019.08.19-20.27.50:891][  0]LogConfig: Setting CVar [[grass.DensityScale:1.0]]
[2019.08.19-20.27.50:891][  0]LogInit: Selected Device Profile: [Windows]
[2019.08.19-20.27.50:893][  0]LogInit: Applying CVar settings loaded from the selected device profile: [Windows]
[2019.08.19-20.27.50:903][  0]LogHAL: Display: Platform has ~ 16 GB [16918581248 / 17179869184 / 16], which maps to Larger [LargestMinGB=32, LargerMinGB=12, DefaultMinGB=8, SmallerMinGB=6, SmallestMinGB=0)
[2019.08.19-20.27.50:903][  0]LogConfig: Setting CVar [[r.Vulkan.UseRealUBs:0		; Required until we fix HLR fall-out]]
[2019.08.19-20.27.50:903][  0]LogInit: Going up to parent DeviceProfile []
[2019.08.19-20.27.50:905][  0]LogConfig: Applying CVar settings from Section [ViewDistanceQuality@3] File [C:/Users/Thomas.L-M.ADM/Documents/GitHub/RadRacers/RadRacersFinal/Saved/Config/Windows/Scalability.ini]
[2019.08.19-20.27.50:905][  0]LogConfig: Setting CVar [[r.SkeletalMeshLODBias:0]]
[2019.08.19-20.27.50:905][  0]LogConfig: Setting CVar [[r.ViewDistanceScale:1.0]]
[2019.08.19-20.27.50:905][  0]LogConfig: Applying CVar settings from Section [AntiAliasingQuality@3] File [C:/Users/Thomas.L-M.ADM/Documents/GitHub/RadRacers/RadRacersFinal/Saved/Config/Windows/Scalability.ini]
[2019.08.19-20.27.50:905][  0]LogConfig: Setting CVar [[r.PostProcessAAQuality:4]]
[2019.08.19-20.27.50:905][  0]LogConfig: Applying CVar settings from Section [ShadowQuality@3] File [C:/Users/Thomas.L-M.ADM/Documents/GitHub/RadRacers/RadRacersFinal/Saved/Config/Windows/Scalability.ini]
[2019.08.19-20.27.50:905][  0]LogConfig: Setting CVar [[r.LightFunctionQuality:1]]
[2019.08.19-20.27.50:905][  0]LogConfig: Setting CVar [[r.ShadowQuality:5]]
[2019.08.19-20.27.50:905][  0]LogConfig: Setting CVar [[r.Shadow.CSM.MaxCascades:10]]
[2019.08.19-20.27.50:905][  0]LogConfig: Setting CVar [[r.Shadow.MaxResolution:2048]]
[2019.08.19-20.27.50:905][  0]LogConfig: Setting CVar [[r.Shadow.MaxCSMResolution:2048]]
[2019.08.19-20.27.50:905][  0]LogConfig: Setting CVar [[r.Shadow.RadiusThreshold:0.01]]
[2019.08.19-20.27.50:905][  0]LogConfig: Setting CVar [[r.Shadow.DistanceScale:1.0]]
[2019.08.19-20.27.50:905][  0]LogConfig: Setting CVar [[r.Shadow.CSM.TransitionScale:1.0]]
[2019.08.19-20.27.50:905][  0]LogConfig: Setting CVar [[r.Shadow.PreShadowResolutionFactor:1.0]]
[2019.08.19-20.27.50:905][  0]LogConfig: Setting CVar [[r.DistanceFieldShadowing:1]]
[2019.08.19-20.27.50:905][  0]LogConfig: Setting CVar [[r.DistanceFieldAO:1]]
[2019.08.19-20.27.50:905][  0]LogConfig: Setting CVar [[r.AOQuality:2]]
[2019.08.19-20.27.50:905][  0]LogConfig: Setting CVar [[r.VolumetricFog:1]]
[2019.08.19-20.27.50:905][  0]LogConfig: Setting CVar [[r.VolumetricFog.GridPixelSize:8]]
[2019.08.19-20.27.50:905][  0]LogConfig: Setting CVar [[r.VolumetricFog.GridSizeZ:128]]
[2019.08.19-20.27.50:905][  0]LogConfig: Setting CVar [[r.VolumetricFog.HistoryMissSupersampleCount:4]]
[2019.08.19-20.27.50:905][  0]LogConfig: Setting CVar [[r.LightMaxDrawDistanceScale:1]]
[2019.08.19-20.27.50:905][  0]LogConfig: Setting CVar [[r.CapsuleShadows:1]]
[2019.08.19-20.27.50:905][  0]LogConfig: Applying CVar settings from Section [PostProcessQuality@3] File [C:/Users/Thomas.L-M.ADM/Documents/GitHub/RadRacers/RadRacersFinal/Saved/Config/Windows/Scalability.ini]
[2019.08.19-20.27.50:905][  0]LogConfig: Setting CVar [[r.MotionBlurQuality:4]]
[2019.08.19-20.27.50:905][  0]LogConfig: Setting CVar [[r.AmbientOcclusionMipLevelFactor:0.4]]
[2019.08.19-20.27.50:905][  0]LogConfig: Setting CVar [[r.AmbientOcclusionMaxQuality:100]]
[2019.08.19-20.27.50:905][  0]LogConfig: Setting CVar [[r.AmbientOcclusionLevels:-1]]
[2019.08.19-20.27.50:905][  0]LogConfig: Setting CVar [[r.AmbientOcclusionRadiusScale:1.0]]
[2019.08.19-20.27.50:905][  0]LogConfig: Setting CVar [[r.DepthOfFieldQuality:2]]
[2019.08.19-20.27.50:905][  0]LogConfig: Setting CVar [[r.RenderTargetPoolMin:400]]
[2019.08.19-20.27.50:905][  0]LogConfig: Setting CVar [[r.LensFlareQuality:2]]
[2019.08.19-20.27.50:905][  0]LogConfig: Setting CVar [[r.SceneColorFringeQuality:1]]
[2019.08.19-20.27.50:905][  0]LogConfig: Setting CVar [[r.EyeAdaptationQuality:2]]
[2019.08.19-20.27.50:905][  0]LogConfig: Setting CVar [[r.BloomQuality:5]]
[2019.08.19-20.27.50:905][  0]LogConfig: Setting CVar [[r.FastBlurThreshold:100]]
[2019.08.19-20.27.50:905][  0]LogConfig: Setting CVar [[r.Upscale.Quality:3]]
[2019.08.19-20.27.50:905][  0]LogConfig: Setting CVar [[r.Tonemapper.GrainQuantization:1]]
[2019.08.19-20.27.50:905][  0]LogConfig: Setting CVar [[r.LightShaftQuality:1]]
[2019.08.19-20.27.50:905][  0]LogConfig: Setting CVar [[r.Filter.SizeScale:1]]
[2019.08.19-20.27.50:905][  0]LogConfig: Setting CVar [[r.Tonemapper.Quality:5]]
[2019.08.19-20.27.50:905][  0]LogConfig: Setting CVar [[r.DOF.Gather.AccumulatorQuality:1        ; higher gathering accumulator quality]]
[2019.08.19-20.27.50:905][  0]LogConfig: Setting CVar [[r.DOF.Gather.PostfilterMethod:1          ; Median3x3 postfilering method]]
[2019.08.19-20.27.50:905][  0]LogConfig: Setting CVar [[r.DOF.Gather.EnableBokehSettings:0       ; no bokeh simulation when gathering]]
[2019.08.19-20.27.50:905][  0]LogConfig: Setting CVar [[r.DOF.Gather.RingCount:4                 ; medium number of samples when gathering]]
[2019.08.19-20.27.50:905][  0]LogConfig: Setting CVar [[r.DOF.Scatter.ForegroundCompositing:1    ; additive foreground scattering]]
[2019.08.19-20.27.50:905][  0]LogConfig: Setting CVar [[r.DOF.Scatter.BackgroundCompositing:2    ; additive background scattering]]
[2019.08.19-20.27.50:905][  0]LogConfig: Setting CVar [[r.DOF.Scatter.EnableBokehSettings:1      ; bokeh simulation when scattering]]
[2019.08.19-20.27.50:905][  0]LogConfig: Setting CVar [[r.DOF.Scatter.MaxSpriteRatio:0.1         ; only a maximum of 10% of scattered bokeh]]
[2019.08.19-20.27.50:905][  0]LogConfig: Setting CVar [[r.DOF.Recombine.Quality:1                ; cheap slight out of focus]]
[2019.08.19-20.27.50:905][  0]LogConfig: Setting CVar [[r.DOF.Recombine.EnableBokehSettings:0    ; no bokeh simulation on slight out of focus]]
[2019.08.19-20.27.50:905][  0]LogConfig: Setting CVar [[r.DOF.TemporalAAQuality:1                ; more stable temporal accumulation]]
[2019.08.19-20.27.50:905][  0]LogConfig: Setting CVar [[r.DOF.Kernel.MaxForegroundRadius:0.025]]
[2019.08.19-20.27.50:905][  0]LogConfig: Setting CVar [[r.DOF.Kernel.MaxBackgroundRadius:0.025]]
[2019.08.19-20.27.50:905][  0]LogConfig: Applying CVar settings from Section [TextureQuality@3] File [C:/Users/Thomas.L-M.ADM/Documents/GitHub/RadRacers/RadRacersFinal/Saved/Config/Windows/Scalability.ini]
[2019.08.19-20.27.50:905][  0]LogConfig: Setting CVar [[r.Streaming.MipBias:0]]
[2019.08.19-20.27.50:905][  0]LogConfig: Setting CVar [[r.Streaming.AmortizeCPUToGPUCopy:0]]
[2019.08.19-20.27.50:905][  0]LogConfig: Setting CVar [[r.Streaming.MaxNumTexturesToStreamPerFrame:0]]
[2019.08.19-20.27.50:905][  0]LogConfig: Setting CVar [[r.Streaming.Boost:1]]
[2019.08.19-20.27.50:905][  0]LogConfig: Setting CVar [[r.MaxAnisotropy:8]]
[2019.08.19-20.27.50:905][  0]LogConfig: Setting CVar [[r.Streaming.LimitPoolSizeToVRAM:0]]
[2019.08.19-20.27.50:905][  0]LogConfig: Setting CVar [[r.Streaming.PoolSize:1000]]
[2019.08.19-20.27.50:905][  0]LogConfig: Setting CVar [[r.Streaming.MaxEffectiveScreenSize:0]]
[2019.08.19-20.27.50:906][  0]LogConfig: Applying CVar settings from Section [EffectsQuality@3] File [C:/Users/Thomas.L-M.ADM/Documents/GitHub/RadRacers/RadRacersFinal/Saved/Config/Windows/Scalability.ini]
[2019.08.19-20.27.50:906][  0]LogConfig: Setting CVar [[r.TranslucencyLightingVolumeDim:64]]
[2019.08.19-20.27.50:906][  0]LogConfig: Setting CVar [[r.RefractionQuality:2]]
[2019.08.19-20.27.50:906][  0]LogConfig: Setting CVar [[r.SSR.Quality:3]]
[2019.08.19-20.27.50:906][  0]LogConfig: Setting CVar [[r.SceneColorFormat:4]]
[2019.08.19-20.27.50:906][  0]LogConfig: Setting CVar [[r.DetailMode:2]]
[2019.08.19-20.27.50:906][  0]LogConfig: Setting CVar [[r.TranslucencyVolumeBlur:1]]
[2019.08.19-20.27.50:906][  0]LogConfig: Setting CVar [[r.MaterialQualityLevel:1 ; High quality]]
[2019.08.19-20.27.50:906][  0]LogConfig: Setting CVar [[r.SSS.Scale:1]]
[2019.08.19-20.27.50:906][  0]LogConfig: Setting CVar [[r.SSS.SampleSet:2]]
[2019.08.19-20.27.50:906][  0]LogConfig: Setting CVar [[r.SSS.Quality:1]]
[2019.08.19-20.27.50:906][  0]LogConfig: Setting CVar [[r.SSS.HalfRes:1]]
[2019.08.19-20.27.50:906][  0]LogConfig: Setting CVar [[r.EmitterSpawnRateScale:1.0]]
[2019.08.19-20.27.50:906][  0]LogConfig: Setting CVar [[r.ParticleLightQuality:2]]
[2019.08.19-20.27.50:906][  0]LogConfig: Applying CVar settings from Section [FoliageQuality@3] File [C:/Users/Thomas.L-M.ADM/Documents/GitHub/RadRacers/RadRacersFinal/Saved/Config/Windows/Scalability.ini]
[2019.08.19-20.27.50:906][  0]LogConfig: Setting CVar [[foliage.DensityScale:1.0]]
[2019.08.19-20.27.50:906][  0]LogConfig: Setting CVar [[grass.DensityScale:1.0]]
[2019.08.19-20.27.50:906][  0]LogConfig: Applying CVar settings from Section [Startup] File [../../../Engine/Config/ConsoleVariables.ini]
[2019.08.19-20.27.50:907][  0]LogConfig: Setting CVar [[net.UseAdaptiveNetUpdateFrequency:0]]
[2019.08.19-20.27.50:907][  0]LogConfig: Setting CVar [[p.chaos.AllowCreatePhysxBodies:1]]
[2019.08.19-20.27.50:907][  0]LogConfig: Applying CVar settings from Section [ConsoleVariables] File [C:/Users/Thomas.L-M.ADM/Documents/GitHub/RadRacers/RadRacersFinal/Saved/Config/Windows/Engine.ini]
[2019.08.19-20.27.50:908][  0]LogInit: Computer: BCUL2-009017
[2019.08.19-20.27.50:908][  0]LogInit: User: ThomasLMADM
[2019.08.19-20.27.50:908][  0]LogInit: CPU Page size=4096, Cores=6
[2019.08.19-20.27.50:908][  0]LogInit: High frequency timer resolution =10.000000 MHz
[2019.08.19-20.27.50:909][  0]LogMemory: Memory total: Physical=15.8GB (16GB approx)
[2019.08.19-20.27.50:909][  0]LogMemory: Platform Memory Stats for Windows
[2019.08.19-20.27.50:909][  0]LogMemory: Process Physical Memory: 97.91 MB used, 97.91 MB peak
[2019.08.19-20.27.50:909][  0]LogMemory: Process Virtual Memory: 90.82 MB used, 90.82 MB peak
[2019.08.19-20.27.50:909][  0]LogMemory: Physical Memory: 4727.22 MB used,  11407.60 MB free, 16134.82 MB total
[2019.08.19-20.27.50:909][  0]LogMemory: Virtual Memory: 4673.66 MB used,  134213056.00 MB free, 134217728.00 MB total
[2019.08.19-20.27.51:060][  0]LogInit: Using OS detected language (en-GB).
[2019.08.19-20.27.51:060][  0]LogInit: Using OS detected locale (en-GB).
[2019.08.19-20.27.51:065][  0]LogTextLocalizationManager: No specific localization for 'en-GB' exists, so the 'en' localization will be used.
[2019.08.19-20.27.51:323][  0]LogInit: Setting process to per monitor DPI aware
[2019.08.19-20.27.51:391][  0]LogSlate: New Slate User Created.  User Index 0, Is Virtual User: 0
[2019.08.19-20.27.51:391][  0]LogSlate: Slate User Registered.  User Index 0, Is Virtual User: 0
[2019.08.19-20.27.52:106][  0]LogHMD: Failed to initialize OpenVR with code 110
[2019.08.19-20.27.52:106][  0]LogD3D11RHI: D3D11 adapters:
[2019.08.19-20.27.53:110][  0]LogD3D11RHI:    0. 'NVIDIA Quadro P1000' (Feature Level 11_0)
[2019.08.19-20.27.53:110][  0]LogD3D11RHI:       4019/0/8067 MB DedicatedVideo/DedicatedSystem/SharedSystem, Outputs:1, VendorId:0x10de
[2019.08.19-20.27.53:128][  0]LogD3D11RHI:    1. 'Intel(R) UHD Graphics 630' (Feature Level 11_0)
[2019.08.19-20.27.53:128][  0]LogD3D11RHI:       128/0/8067 MB DedicatedVideo/DedicatedSystem/SharedSystem, Outputs:0, VendorId:0x8086
[2019.08.19-20.27.53:130][  0]LogD3D11RHI:    2. 'Microsoft Basic Render Driver' (Feature Level 11_0)
[2019.08.19-20.27.53:130][  0]LogD3D11RHI:       0/0/8067 MB DedicatedVideo/DedicatedSystem/SharedSystem, Outputs:0, VendorId:0x1414
[2019.08.19-20.27.53:130][  0]LogD3D11RHI: Chosen D3D11 Adapter: 0
[2019.08.19-20.27.53:160][  0]LogD3D11RHI: Creating new Direct3DDevice
[2019.08.19-20.27.53:160][  0]LogD3D11RHI:     GPU DeviceId: 0x1cbb (for the marketing name, search the web for "GPU Device Id")
[2019.08.19-20.27.53:160][  0]LogWindows: EnumDisplayDevices:
[2019.08.19-20.27.53:161][  0]LogWindows:    0. 'Intel(R) UHD Graphics 630' (P:1 D:1)
[2019.08.19-20.27.53:161][  0]LogWindows:    1. 'Intel(R) UHD Graphics 630' (P:0 D:0)
[2019.08.19-20.27.53:161][  0]LogWindows:    2. 'Intel(R) UHD Graphics 630' (P:0 D:0)
[2019.08.19-20.27.53:162][  0]LogWindows:    3. 'NVIDIA Quadro P1000' (P:0 D:0)
[2019.08.19-20.27.53:162][  0]LogWindows:    4. 'NVIDIA Quadro P1000' (P:0 D:0)
[2019.08.19-20.27.53:162][  0]LogWindows:    5. 'NVIDIA Quadro P1000' (P:0 D:0)
[2019.08.19-20.27.53:163][  0]LogWindows:    6. 'NVIDIA Quadro P1000' (P:0 D:0)
[2019.08.19-20.27.53:163][  0]LogWindows: DebugString: PrimaryIsNotTheChoosenAdapter PrimaryIsNotTheChoosenAdapter PrimaryIsNotTheChoosenAdapter FoundDriverCount:4 
[2019.08.19-20.27.53:163][  0]LogD3D11RHI:     Adapter Name: NVIDIA Quadro P1000
[2019.08.19-20.27.53:163][  0]LogD3D11RHI:   Driver Version: 399.21 (internal:24.21.13.9921, unified:399.21)
[2019.08.19-20.27.53:163][  0]LogD3D11RHI:      Driver Date: 9-4-2018
[2019.08.19-20.27.53:163][  0]LogRHI: Texture pool is 2813 MB (70% of 4019 MB)
[2019.08.19-20.27.53:251][  0]LogD3D11RHI: Async texture creation enabled
[2019.08.19-20.27.53:266][  0]LogRendererCore: FGlobalReadBuffer::InitRHI
[2019.08.19-20.27.53:268][  0]LogRendererCore: FGlobalReadBuffer::InitRHI
[2019.08.19-20.27.53:268][  0]LogRendererCore: FGlobalReadBuffer::InitRHI
[2019.08.19-20.27.53:284][  0]LogD3D11RHI: GPU Timing Frequency: 1000.000000 (Debug: 2 2)
[2019.08.19-20.27.53:632][  0]LogTemp: Display: Module 'AllDesktopTargetPlatform' loaded TargetPlatform 'AllDesktop'
[2019.08.19-20.27.53:657][  0]LogTemp: Display: Module 'MacClientTargetPlatform' loaded TargetPlatform 'MacClient'
[2019.08.19-20.27.53:671][  0]LogTemp: Display: Module 'MacNoEditorTargetPlatform' loaded TargetPlatform 'MacNoEditor'
[2019.08.19-20.27.53:685][  0]LogTemp: Display: Module 'MacServerTargetPlatform' loaded TargetPlatform 'MacServer'
[2019.08.19-20.27.53:701][  0]LogTemp: Display: Module 'MacTargetPlatform' loaded TargetPlatform 'Mac'
[2019.08.19-20.27.53:716][  0]LogTemp: Display: Module 'WindowsClientTargetPlatform' loaded TargetPlatform 'WindowsClient'
[2019.08.19-20.27.53:743][  0]LogTemp: Display: Module 'WindowsNoEditorTargetPlatform' loaded TargetPlatform 'WindowsNoEditor'
[2019.08.19-20.27.53:758][  0]LogTemp: Display: Module 'WindowsServerTargetPlatform' loaded TargetPlatform 'WindowsServer'
[2019.08.19-20.27.53:767][  0]LogTemp: Display: Module 'WindowsTargetPlatform' loaded TargetPlatform 'Windows'
[2019.08.19-20.27.53:846][  0]LogTemp: Display: Module 'AndroidTargetPlatform' loaded TargetPlatform 'Android'
[2019.08.19-20.27.53:846][  0]LogTemp: Display: Module 'AndroidTargetPlatform' loaded TargetPlatform 'Android_ASTC'
[2019.08.19-20.27.53:846][  0]LogTemp: Display: Module 'AndroidTargetPlatform' loaded TargetPlatform 'Android_ATC'
[2019.08.19-20.27.53:846][  0]LogTemp: Display: Module 'AndroidTargetPlatform' loaded TargetPlatform 'Android_DXT'
[2019.08.19-20.27.53:846][  0]LogTemp: Display: Module 'AndroidTargetPlatform' loaded TargetPlatform 'Android_ETC1'
[2019.08.19-20.27.53:846][  0]LogTemp: Display: Module 'AndroidTargetPlatform' loaded TargetPlatform 'Android_ETC1a'
[2019.08.19-20.27.53:846][  0]LogTemp: Display: Module 'AndroidTargetPlatform' loaded TargetPlatform 'Android_ETC2'
[2019.08.19-20.27.53:846][  0]LogTemp: Display: Module 'AndroidTargetPlatform' loaded TargetPlatform 'Android_PVRTC'
[2019.08.19-20.27.53:846][  0]LogTemp: Display: Module 'AndroidTargetPlatform' loaded TargetPlatform 'AndroidClient'
[2019.08.19-20.27.53:846][  0]LogTemp: Display: Module 'AndroidTargetPlatform' loaded TargetPlatform 'Android_ASTCClient'
[2019.08.19-20.27.53:846][  0]LogTemp: Display: Module 'AndroidTargetPlatform' loaded TargetPlatform 'Android_ATCClient'
[2019.08.19-20.27.53:846][  0]LogTemp: Display: Module 'AndroidTargetPlatform' loaded TargetPlatform 'Android_DXTClient'
[2019.08.19-20.27.53:846][  0]LogTemp: Display: Module 'AndroidTargetPlatform' loaded TargetPlatform 'Android_ETC1Client'
[2019.08.19-20.27.53:846][  0]LogTemp: Display: Module 'AndroidTargetPlatform' loaded TargetPlatform 'Android_ETC1aClient'
[2019.08.19-20.27.53:846][  0]LogTemp: Display: Module 'AndroidTargetPlatform' loaded TargetPlatform 'Android_ETC2Client'
[2019.08.19-20.27.53:846][  0]LogTemp: Display: Module 'AndroidTargetPlatform' loaded TargetPlatform 'Android_PVRTCClient'
[2019.08.19-20.27.53:846][  0]LogTemp: Display: Module 'AndroidTargetPlatform' loaded TargetPlatform 'Android_Multi'
[2019.08.19-20.27.53:846][  0]LogTemp: Display: Module 'AndroidTargetPlatform' loaded TargetPlatform 'Android_MultiClient'
[2019.08.19-20.27.53:851][  0]LogTemp: Display: Module 'HTML5TargetPlatform' loaded TargetPlatform 'HTML5'
[2019.08.19-20.27.53:910][  0]LogTemp: Display: Module 'IOSTargetPlatform' loaded TargetPlatform 'IOSClient'
[2019.08.19-20.27.53:911][  0]LogTemp: Display: Module 'IOSTargetPlatform' loaded TargetPlatform 'IOS'
[2019.08.19-20.27.53:947][  0]LogTemp: Display: Module 'TVOSTargetPlatform' loaded TargetPlatform 'TVOSClient'
[2019.08.19-20.27.53:947][  0]LogTemp: Display: Module 'TVOSTargetPlatform' loaded TargetPlatform 'TVOS'
[2019.08.19-20.27.53:972][  0]LogTemp: Display: Module 'LinuxClientTargetPlatform' loaded TargetPlatform 'LinuxClient'
[2019.08.19-20.27.53:986][  0]LogTemp: Display: Module 'LinuxNoEditorTargetPlatform' loaded TargetPlatform 'LinuxNoEditor'
[2019.08.19-20.27.54:000][  0]LogTemp: Display: Module 'LinuxServerTargetPlatform' loaded TargetPlatform 'LinuxServer'
[2019.08.19-20.27.54:015][  0]LogTemp: Display: Module 'LinuxTargetPlatform' loaded TargetPlatform 'Linux'
[2019.08.19-20.27.54:069][  0]LogTemp: Display: Module 'LuminTargetPlatform' loaded TargetPlatform 'Lumin'
[2019.08.19-20.27.54:069][  0]LogTemp: Display: Module 'LuminTargetPlatform' loaded TargetPlatform 'LuminClient'
[2019.08.19-20.27.54:069][  0]LogTargetPlatformManager: Display: Building Assets For Windows
[2019.08.19-20.27.54:097][  0]LogAudioDebug: Display: Lib vorbis DLL was dynamically loaded.
[2019.08.19-20.27.54:257][  0]LogShaderCompilers: Guid format shader working directory is -29 characters bigger than the processId version (../../../../../../../Users/Thomas.L-M.ADM/Documents/GitHub/RadRacers/RadRacersFinal/Intermediate/Shaders/WorkingDirectory/18448/).
[2019.08.19-20.27.54:257][  0]LogShaderCompilers: Cleaned the shader compiler working directory 'C:/Users/Thomas.L-M.ADM/AppData/Local/Temp/UnrealShaderWorkingDir/EE813F914B609F32F798DBBD80A45EBC/'.
[2019.08.19-20.27.54:261][  0]LogXGEController: Cleaning working directory: C:/Users/Thomas.L-M.ADM/AppData/Local/Temp/UnrealXGEWorkingDir/
[2019.08.19-20.27.54:261][  0]LogXGEController: Cannot use XGE Controller as Incredibuild is not installed on this machine.
[2019.08.19-20.27.54:261][  0]LogShaderCompilers: Cannot use XGE Shader Compiler as Incredibuild is not installed on this machine.
[2019.08.19-20.27.54:261][  0]LogShaderCompilers: Display: Using Local Shader Compiler.
[2019.08.19-20.27.55:247][  0]LogDerivedDataCache: Display: Max Cache Size: 512 MB
[2019.08.19-20.27.55:344][  0]LogDerivedDataCache: Loaded boot cache 0.10s 71MB C:/Users/Thomas.L-M.ADM/AppData/Local/UnrealEngine/4.22/DerivedDataCache/Boot.ddc.
[2019.08.19-20.27.55:344][  0]LogDerivedDataCache: Display: Loaded Boot cache: C:/Users/Thomas.L-M.ADM/AppData/Local/UnrealEngine/4.22/DerivedDataCache/Boot.ddc
[2019.08.19-20.27.55:344][  0]LogDerivedDataCache: FDerivedDataBackendGraph:  Pak pak cache file ../../../../../../../Users/Thomas.L-M.ADM/Documents/GitHub/RadRacers/RadRacersFinal/DerivedDataCache/DDC.ddp not found, will not use a pak cache.
[2019.08.19-20.27.55:344][  0]LogDerivedDataCache: Unable to find inner node Pak for hierarchical cache Hierarchy.
[2019.08.19-20.27.55:344][  0]LogDerivedDataCache: FDerivedDataBackendGraph:  CompressedPak pak cache file ../../../../../../../Users/Thomas.L-M.ADM/Documents/GitHub/RadRacers/RadRacersFinal/DerivedDataCache/Compressed.ddp not found, will not use a pak cache.
[2019.08.19-20.27.55:344][  0]LogDerivedDataCache: Unable to find inner node CompressedPak for hierarchical cache Hierarchy.
[2019.08.19-20.27.55:358][  0]LogDerivedDataCache: Display: Pak cache opened for reading ../../../Engine/DerivedDataCache/Compressed.ddp.
[2019.08.19-20.27.55:359][  0]LogDerivedDataCache: FDerivedDataBackendGraph:  EnterprisePak pak cache file ../../../Enterprise/DerivedDataCache/Compressed.ddp not found, will not use a pak cache.
[2019.08.19-20.27.55:359][  0]LogDerivedDataCache: Unable to find inner node EnterprisePak for hierarchical cache Hierarchy.
[2019.08.19-20.27.55:372][  0]LogDerivedDataCache: Using Local data cache path C:/Users/Thomas.L-M.ADM/AppData/Local/UnrealEngine/Common/DerivedDataCache: Writable
[2019.08.19-20.27.55:372][  0]LogDerivedDataCache: Shared data cache path not found in *engine.ini, will not use an Shared cache.
[2019.08.19-20.27.55:372][  0]LogDerivedDataCache: Unable to find inner node Shared for hierarchical cache Hierarchy.
[2019.08.19-20.27.55:394][  0]LogMaterial: Verifying Global Shaders for PCD3D_SM5
[2019.08.19-20.27.55:401][  0]LogSlate: Using FreeType 2.6.0
[2019.08.19-20.27.55:409][  0]LogSlate: SlateFontServices - WITH_FREETYPE: 1, WITH_HARFBUZZ: 1
[2019.08.19-20.27.55:596][  0]LogAssetRegistry: FAssetRegistry took 0.0357 seconds to start up
[2019.08.19-20.27.56:087][  0]LogInit: Selected Device Profile: [Windows]
[2019.08.19-20.27.56:342][  0]LogMeshReduction: Using QuadricMeshReduction for automatic static mesh reduction
[2019.08.19-20.27.56:342][  0]LogMeshReduction: Using SimplygonMeshReduction for automatic skeletal mesh reduction
[2019.08.19-20.27.56:342][  0]LogMeshReduction: Using ProxyLODMeshReduction for automatic mesh merging
[2019.08.19-20.27.56:342][  0]LogMeshReduction: No distributed automatic mesh merging module available
[2019.08.19-20.27.56:343][  0]LogMeshMerging: No distributed automatic mesh merging module available
[2019.08.19-20.27.56:377][  0]LogNetVersion: RadRacers 1.0.0, NetCL: 5660361, EngineNetVer: 10, GameNetVer: 0 (Checksum: 540001969)
[2019.08.19-20.27.57:181][  0]LogPackageLocalizationCache: Processed 11 localized package path(s) for 1 prioritized culture(s) in 0.072651 seconds
[2019.08.19-20.27.57:187][  0]LogUObjectArray: 42205 objects as part of root set at end of initial load.
[2019.08.19-20.27.57:187][  0]LogUObjectAllocator: 7325032 out of 0 bytes used by permanent object pool.
[2019.08.19-20.27.57:187][  0]LogUObjectArray: CloseDisregardForGC: 0/0 objects in disregard for GC pool
[2019.08.19-20.27.59:512][  0]LogTcpMessaging: Initializing TcpMessaging bridge
[2019.08.19-20.27.59:543][  0]LogUdpMessaging: Initializing bridge on interface 0.0.0.0:0 to multicast group 230.0.0.1:6666.
[2019.08.19-20.27.59:791][  0]SourceControl: Source control is disabled
[2019.08.19-20.27.59:791][  0]SourceControl: Source control is disabled
[2019.08.19-20.27.59:804][  0]SourceControl: Source control is disabled
[2019.08.19-20.27.59:823][  0]SourceControl: Source control is disabled
[2019.08.19-20.28.00:152][  0]LogAndroidPermission: UAndroidPermissionCallbackProxy::GetInstance
[2019.08.19-20.28.00:312][  0]LogOcInput: OculusInput pre-init called
[2019.08.19-20.28.01:177][  0]LogEngine: Initializing Engine...
[2019.08.19-20.28.01:179][  0]LogHMD: Failed to initialize OpenVR with code 110
[2019.08.19-20.28.01:181][  0]LogStats: UGameplayTagsManager::InitializeManager -  0.001 s
[2019.08.19-20.28.01:429][  0]LogInit: Initializing FReadOnlyCVARCache
[2019.08.19-20.28.01:474][  0]LogAIModule: Creating AISystem for world Untitled
[2019.08.19-20.28.01:510][  0]LogInit: XAudio2 using 'Speaker/HP (Realtek(R) Audio)' : 2 channels at 48 kHz using 32 bits per sample (channel mask 0x3)
[2019.08.19-20.28.02:626][  0]LogInit: FAudioDevice initialized.
[2019.08.19-20.28.02:626][  0]LogNetVersion: Set ProjectVersion to 1.0.0.0. Version Checksum will be recalculated on next use.
[2019.08.19-20.28.02:686][  0]LogDerivedDataCache: Saved boot cache 0.06s 71MB C:/Users/Thomas.L-M.ADM/AppData/Local/UnrealEngine/4.22/DerivedDataCache/Boot.ddc.
[2019.08.19-20.28.02:694][  0]LogInit: Texture streaming: Enabled
[2019.08.19-20.28.02:738][  0]LogEngineSessionManager: EngineSessionManager initialized
[2019.08.19-20.28.02:777][  0]LogInit: Transaction tracking system initialized
[2019.08.19-20.28.02:840][  0]BlueprintLog: New page: Editor Load
[2019.08.19-20.28.03:092][  0]LocalizationService: Localization service is disabled
[2019.08.19-20.28.03:546][  0]LogCook: Display: Max memory allowance for cook 16384mb min free memory 0mb
[2019.08.19-20.28.03:546][  0]LogCook: Display: Mobile HDR setting 1
[2019.08.19-20.28.03:932][  0]LogFileCache: Scanning file cache for directory 'C:/Users/Thomas.L-M.ADM/Documents/GitHub/RadRacers/RadRacersFinal/Content/' took 0.04s
[2019.08.19-20.28.03:973][  0]SourceControl: Source control is disabled
[2019.08.19-20.28.03:974][  0]Cmd: MAP LOAD FILE="../../../../../../../Users/Thomas.L-M.ADM/Documents/GitHub/RadRacers/RadRacersFinal/Content/Levels/Menu.umap" TEMPLATE=0 SHOWPROGRESS=1 FEATURELEVEL=3
[2019.08.19-20.28.03:976][  0]LightingResults: New page: Lighting Build
[2019.08.19-20.28.03:985][  0]MapCheck: New page: Map Check
[2019.08.19-20.28.03:985][  0]LightingResults: New page: Lighting Build
[2019.08.19-20.28.04:028][  0]LogUObjectHash: Compacting FUObjectHashTables data took   2.14ms
[2019.08.19-20.28.04:273][  0]LogAIModule: Creating AISystem for world Menu
[2019.08.19-20.28.04:319][  0]LogEditorServer: Finished looking for orphan Actors (0.000 secs)
[2019.08.19-20.28.04:350][  0]LogUObjectHash: Compacting FUObjectHashTables data took   1.88ms
[2019.08.19-20.28.04:350][  0]Cmd: MAP CHECKDEP NOCLEARLOG
[2019.08.19-20.28.04:351][  0]MapCheck: Map check complete: 0 Error(s), 0 Warning(s), took 0.339ms to complete.
[2019.08.19-20.28.04:351][  0]LogFileHelpers: Loading map 'Menu' took 0.377
[2019.08.19-20.28.04:533][  0]LogSlate: Updating window title bar state: overlay mode, drag disabled, window buttons hidden, title bar hidden
[2019.08.19-20.28.04:546][  0]LogSlate: Updating window title bar state: overlay mode, drag disabled, window buttons hidden, title bar hidden
[2019.08.19-20.28.04:554][  0]LogSlate: Updating window title bar state: overlay mode, drag disabled, window buttons hidden, title bar hidden
[2019.08.19-20.28.04:562][  0]LogSlate: Updating window title bar state: overlay mode, drag disabled, window buttons hidden, title bar hidden
[2019.08.19-20.28.04:579][  0]LogCollectionManager: Loaded 0 collections in 0.002130 seconds
[2019.08.19-20.28.04:636][  0]LogFileCache: Scanning file cache for directory 'C:/Users/Thomas.L-M.ADM/Documents/GitHub/RadRacers/RadRacersFinal/Saved/Collections/' took 0.01s
[2019.08.19-20.28.04:636][  0]LogFileCache: Scanning file cache for directory 'C:/Users/Thomas.L-M.ADM/Documents/GitHub/RadRacers/RadRacersFinal/Content/Developers/ThomasLMADM/Collections/' took 0.01s
[2019.08.19-20.28.04:636][  0]LogFileCache: Scanning file cache for directory 'C:/Users/Thomas.L-M.ADM/Documents/GitHub/RadRacers/RadRacersFinal/Content/Collections/' took 0.01s
[2019.08.19-20.28.04:636][  0]LogCollectionManager: Rebuilt the GUID cache for 0 collections in 0.000000 seconds
[2019.08.19-20.28.04:646][  0]LogContentBrowser: Native class hierarchy populated in 0.0082 seconds. Added 2757 classes and 668 folders.
[2019.08.19-20.28.04:659][  0]LogContentBrowser: Native class hierarchy updated for 'WidgetCarousel' in 0.0003 seconds. Added 0 classes and 0 folders.
[2019.08.19-20.28.04:665][  0]LogPakFile: Registered encryption key '00000000000000000000000000000000': 0 pak files mounted, 0 remain pending
[2019.08.19-20.28.04:669][  0]LogPakFile: Registered encryption key '00000000000000000000000000000000': 0 pak files mounted, 0 remain pending
[2019.08.19-20.28.04:671][  0]LogPakFile: Registered encryption key '00000000000000000000000000000000': 0 pak files mounted, 0 remain pending
[2019.08.19-20.28.04:673][  0]LogPakFile: Registered encryption key '00000000000000000000000000000000': 0 pak files mounted, 0 remain pending
[2019.08.19-20.28.04:674][  0]LogPakFile: Registered encryption key '00000000000000000000000000000000': 0 pak files mounted, 0 remain pending
[2019.08.19-20.28.04:676][  0]LogPakFile: Registered encryption key '00000000000000000000000000000000': 0 pak files mounted, 0 remain pending
[2019.08.19-20.28.04:678][  0]LogPakFile: Registered encryption key '00000000000000000000000000000000': 0 pak files mounted, 0 remain pending
[2019.08.19-20.28.04:680][  0]LogPakFile: Registered encryption key '00000000000000000000000000000000': 0 pak files mounted, 0 remain pending
[2019.08.19-20.28.04:684][  0]LogPakFile: Registered encryption key '00000000000000000000000000000000': 0 pak files mounted, 0 remain pending
[2019.08.19-20.28.04:686][  0]LogPakFile: Registered encryption key '00000000000000000000000000000000': 0 pak files mounted, 0 remain pending
[2019.08.19-20.28.04:688][  0]LogPakFile: Registered encryption key '00000000000000000000000000000000': 0 pak files mounted, 0 remain pending
[2019.08.19-20.28.04:690][  0]LogPakFile: Registered encryption key '00000000000000000000000000000000': 0 pak files mounted, 0 remain pending
[2019.08.19-20.28.04:692][  0]LogPakFile: Registered encryption key '00000000000000000000000000000000': 0 pak files mounted, 0 remain pending
[2019.08.19-20.28.04:695][  0]LogPakFile: Registered encryption key '00000000000000000000000000000000': 0 pak files mounted, 0 remain pending
[2019.08.19-20.28.04:697][  0]LogPakFile: Registered encryption key '00000000000000000000000000000000': 0 pak files mounted, 0 remain pending
[2019.08.19-20.28.04:702][  0]LogPakFile: Registered encryption key '00000000000000000000000000000000': 0 pak files mounted, 0 remain pending
[2019.08.19-20.28.04:703][  0]LogPakFile: Registered encryption key '00000000000000000000000000000000': 0 pak files mounted, 0 remain pending
[2019.08.19-20.28.04:705][  0]LogPakFile: Registered encryption key '00000000000000000000000000000000': 0 pak files mounted, 0 remain pending
[2019.08.19-20.28.04:707][  0]LogPakFile: Registered encryption key '00000000000000000000000000000000': 0 pak files mounted, 0 remain pending
[2019.08.19-20.28.04:709][  0]LogPakFile: Registered encryption key '00000000000000000000000000000000': 0 pak files mounted, 0 remain pending
[2019.08.19-20.28.04:711][  0]LogPakFile: Registered encryption key '00000000000000000000000000000000': 0 pak files mounted, 0 remain pending
[2019.08.19-20.28.04:714][  0]LogPakFile: Registered encryption key '00000000000000000000000000000000': 0 pak files mounted, 0 remain pending
[2019.08.19-20.28.04:716][  0]LogPakFile: Registered encryption key '00000000000000000000000000000000': 0 pak files mounted, 0 remain pending
[2019.08.19-20.28.04:718][  0]LogPakFile: Registered encryption key '00000000000000000000000000000000': 0 pak files mounted, 0 remain pending
[2019.08.19-20.28.04:720][  0]LogPakFile: Registered encryption key '00000000000000000000000000000000': 0 pak files mounted, 0 remain pending
[2019.08.19-20.28.04:721][  0]LogPakFile: Registered encryption key '00000000000000000000000000000000': 0 pak files mounted, 0 remain pending
[2019.08.19-20.28.04:833][  0]LogContentBrowser: Native class hierarchy updated for 'AddContentDialog' in 0.0003 seconds. Added 0 classes and 0 folders.
[2019.08.19-20.28.04:863][  0]LogContentBrowser: Native class hierarchy updated for 'SceneOutliner' in 0.0003 seconds. Added 1 classes and 2 folders.
[2019.08.19-20.28.05:004][  0]LogSlate: Took 0.001124 seconds to synchronously load lazily loaded font '../../../Engine/Content/Slate/Fonts/Roboto-Regular.ttf' (155K)
[2019.08.19-20.28.05:008][  0]LogSlate: Took 0.000854 seconds to synchronously load lazily loaded font '../../../Engine/Content/Slate/Fonts/Roboto-Bold.ttf' (160K)
[2019.08.19-20.28.05:015][  0]LogSlate: Took 0.000817 seconds to synchronously load lazily loaded font '../../../Engine/Content/Editor/Slate/Fonts/FontAwesome.ttf' (139K)
[2019.08.19-20.28.05:098][  0]LogRenderer: Reallocating scene render targets to support 964x436 Format 10 NumSamples 1 (Frame:1).
[2019.08.19-20.28.05:272][  0]LogContentBrowser: Native class hierarchy updated for 'HierarchicalLODOutliner' in 0.0003 seconds. Added 0 classes and 0 folders.
[2019.08.19-20.28.05:272][  0]LogLoad: (Engine Initialization) Total time: 18.22 seconds
[2019.08.19-20.28.05:272][  0]LogLoad: (Engine Initialization) Total Blueprint compile time: 0.00 seconds
[2019.08.19-20.28.05:292][  0]LogWindowsTextInputMethodSystem: Display: IME system now deactivated.
[2019.08.19-20.28.05:329][  0]LogAssetRegistry: Asset discovery search completed in 9.7570 seconds
[2019.08.19-20.28.05:332][  0]LogCollectionManager: Rebuilt the object cache for 0 collections in 0.000001 seconds (found 0 objects)
[2019.08.19-20.28.05:332][  0]LogCollectionManager: Fixed up redirectors for 0 collections in 0.000053 seconds (updated 0 objects)
[2019.08.19-20.28.05:336][  0]LogContentStreaming: Texture pool size now 1000 MB
[2019.08.19-20.28.05:363][  0]LogSlate: Took 0.000785 seconds to synchronously load lazily loaded font '../../../Engine/Content/Slate/Fonts/Roboto-Light.ttf' (167K)
[2019.08.19-20.28.06:454][ 61]LogSlate: Took 0.000315 seconds to synchronously load lazily loaded font '../../../Engine/Content/Slate/Fonts/Roboto-Light.ttf' (167K)
[2019.08.19-20.28.08:288][171]LogSlate: FSceneViewport::OnFocusLost() reason 0
[2019.08.19-20.28.08:421][179]LogTemp: Repeating last play command: New Editor Window (PIE)
[2019.08.19-20.28.08:427][179]LogBlueprintUserMessages: Early PlayInEditor Detection: Level '/Game/Levels/Menu.Menu:PersistentLevel' has LevelScriptBlueprint '/Game/Levels/Menu.Menu:PersistentLevel.Menu' with GeneratedClass '/Game/Levels/Menu.Menu_C' with ClassGeneratedBy '/Game/Levels/Menu.Menu:PersistentLevel.Menu'
[2019.08.19-20.28.08:428][179]LogPlayLevel: PlayLevel: No blueprints needed recompiling
[2019.08.19-20.28.08:429][179]PIE: New page: PIE session: Menu (19 Aug 2019 22:28:08)
[2019.08.19-20.28.08:442][179]LogPlayLevel: Creating play world package: /Game/Levels/UEDPIE_0_Menu
[2019.08.19-20.28.08:444][179]LogPlayLevel: PIE: StaticDuplicateObject took: (0.001255s)
[2019.08.19-20.28.08:444][179]LogAIModule: Creating AISystem for world Menu
[2019.08.19-20.28.08:444][179]LogPlayLevel: PIE: World Init took: (0.000577s)
[2019.08.19-20.28.08:444][179]LogPlayLevel: PIE: Created PIE world by copying editor world from /Game/Levels/Menu.Menu to /Game/Levels/UEDPIE_0_Menu.Menu (0.002118s)
[2019.08.19-20.28.08:468][179]LogUObjectHash: Compacting FUObjectHashTables data took   0.98ms
[2019.08.19-20.28.08:473][179]LogInit: XAudio2 using 'Speaker/HP (Realtek(R) Audio)' : 2 channels at 48 kHz using 32 bits per sample (channel mask 0x3)
[2019.08.19-20.28.08:484][179]LogInit: FAudioDevice initialized.
[2019.08.19-20.28.08:491][179]LogSlate: Updating window title bar state: overlay mode, drag disabled, window buttons hidden, title bar hidden
[2019.08.19-20.28.08:538][179]LogLoad: Game class is 'GameModeBase'
[2019.08.19-20.28.08:542][179]LogWorld: Bringing World /Game/Levels/UEDPIE_0_Menu.Menu up for play (max tick rate 60) at 2019.08.19-21.28.08
[2019.08.19-20.28.08:542][179]LogWorld: Bringing up level for play took: 0.000778
[2019.08.19-20.28.08:566][179]LogContentBrowser: Native class hierarchy updated for 'MovieSceneCapture' in 0.0003 seconds. Added 20 classes and 0 folders.
[2019.08.19-20.28.08:574][179]LogPlayerController: Error: InputMode:UIOnly - Attempting to focus Non-Focusable widget SObjectWidget [Widget.cpp(710)]!
[2019.08.19-20.28.08:576][179]PIE: Play in editor start time for /Game/Levels/UEDPIE_0_Menu 0.786
[2019.08.19-20.28.08:577][179]LogBlueprintUserMessages: Late PlayInEditor Detection: Level '/Game/Levels/Menu.Menu:PersistentLevel' has LevelScriptBlueprint '/Game/Levels/Menu.Menu:PersistentLevel.Menu' with GeneratedClass '/Game/Levels/Menu.Menu_C' with ClassGeneratedBy '/Game/Levels/Menu.Menu:PersistentLevel.Menu'
[2019.08.19-20.28.08:602][180]LogRenderer: Reallocating scene render targets to support 1016x544 Format 10 NumSamples 1 (Frame:1).
[2019.08.19-20.28.11:286][341]LogSlate: FSceneViewport::OnFocusLost() reason 0
[2019.08.19-20.28.11:837][374]LogNet: Browse: /Game/Levels/Level_1
[2019.08.19-20.28.11:837][374]LogLoad: LoadMap: /Game/Levels/Level_1
[2019.08.19-20.28.11:866][374]LogUObjectHash: Compacting FUObjectHashTables data took   1.45ms
[2019.08.19-20.28.13:465][374]LogStaticMesh: Building static mesh Track_Tunnel_Low...
[2019.08.19-20.28.13:521][374]LogStaticMesh: Built static mesh [0.06s] /Game/Art/Tracks/Tunnels/Track_Tunnel_Low.Track_Tunnel_Low
[2019.08.19-20.28.14:362][374]LogAIModule: Creating AISystem for world Level_1
[2019.08.19-20.28.14:362][374]LogLoad: Game class is 'Game_Mode_1_C'
[2019.08.19-20.28.15:017][374]LogWorld: Bringing World /Game/Levels/UEDPIE_0_Level_1.Level_1 up for play (max tick rate 60) at 2019.08.19-21.28.15
[2019.08.19-20.28.15:021][374]LogWorld: Bringing up level for play took: 0.657146
[2019.08.19-20.28.15:032][374]LogLoad: Took 3.194822 seconds to LoadMap(/Game/Levels/Level_1)
[2019.08.19-20.28.55:533][779]LogBlueprintUserMessages: Early EndPlayMap Detection: Level '/Game/Levels/Menu.Menu:PersistentLevel' has LevelScriptBlueprint '/Game/Levels/Menu.Menu:PersistentLevel.Menu' with GeneratedClass '/Game/Levels/Menu.Menu_C' with ClassGeneratedBy '/Game/Levels/Menu.Menu:PersistentLevel.Menu'
[2019.08.19-20.28.55:534][779]LogSlate: Updating window title bar state: overlay mode, drag disabled, window buttons hidden, title bar hidden
[2019.08.19-20.28.55:541][779]LogSlate: Window 'RadRacers Game Preview Standalone (64-bit/PCD3D_SM5)' being destroyed
[2019.08.19-20.28.55:588][779]LogPlayLevel: Display: Shutting down PIE online subsystems
[2019.08.19-20.28.55:588][779]LogBlueprintUserMessages: Late EndPlayMap Detection: Level '/Game/Levels/Menu.Menu:PersistentLevel' has LevelScriptBlueprint '/Game/Levels/Menu.Menu:PersistentLevel.Menu' with GeneratedClass '/Game/Levels/Menu.Menu_C' with ClassGeneratedBy '/Game/Levels/Menu.Menu:PersistentLevel.Menu'
[2019.08.19-20.28.55:638][779]LogUObjectHash: Compacting FUObjectHashTables data took   4.03ms
[2019.08.19-20.28.55:759][786]LogPlayLevel: Display: Destroying online subsystem :Context_1
[2019.08.19-20.28.58:857][971]LogAssetEditorManager: Opening Asset editor for Blueprint /Game/Blueprints/Main_Vehicle_BP/HoverFriction.BP_HoverVehicle
[2019.08.19-20.28.59:150][971]LogContentBrowser: Native class hierarchy updated for 'BlueprintGraph' in 0.0006 seconds. Added 121 classes and 0 folders.
[2019.08.19-20.28.59:955][971]LogSlate: Took 0.000832 seconds to synchronously load lazily loaded font '../../../Engine/Content/Slate/Fonts/Roboto-BoldCondensed.ttf' (158K)
[2019.08.19-20.29.00:859][972]LogSlate: Took 0.000888 seconds to synchronously load lazily loaded font '../../../Engine/Content/Slate/Fonts/Roboto-Italic.ttf' (157K)
[2019.08.19-20.29.42:655][951]LogAssetEditorManager: Opening Asset editor for Blueprint /Game/Blueprints/Game_Master_BP/GameMaster.GameMaster
[2019.08.19-20.29.56:273][736]LogTemp: Repeating last play command: New Editor Window (PIE)
[2019.08.19-20.29.56:288][736]LogBlueprintUserMessages: Early PlayInEditor Detection: Level '/Game/Levels/Menu.Menu:PersistentLevel' has LevelScriptBlueprint '/Game/Levels/Menu.Menu:PersistentLevel.Menu' with GeneratedClass '/Game/Levels/Menu.Menu_C' with ClassGeneratedBy '/Game/Levels/Menu.Menu:PersistentLevel.Menu'
[2019.08.19-20.29.56:288][736]BlueprintLog: New page: Pre-Play auto-recompile
[2019.08.19-20.29.56:319][736]LogPlayLevel: [PlayLevel] Compiling BP_HoverVehicle before play...
[2019.08.19-20.29.56:586][736]LogScript: Warning: Accessed None trying to read property ControllerReference
	BP_HoverVehicle_C /Engine/Transient.World_1:PersistentLevel.BP_HoverVehicle_C_0
	Function /Game/Blueprints/Main_Vehicle_BP/HoverFriction.BP_HoverVehicle_C:ExecuteUbergraph_BP_HoverVehicle:38D3
[2019.08.19-20.29.56:691][736]LogPlayLevel: [PlayLevel] Compiling GameMaster before play...
[2019.08.19-20.29.56:901][736]LogUObjectHash: Compacting FUObjectHashTables data took   3.78ms
[2019.08.19-20.29.56:901][736]LogPlayLevel: PlayLevel: Blueprint regeneration took 613 ms (2 blueprints)
[2019.08.19-20.29.56:901][736]PIE: New page: PIE session: Menu (19 Aug 2019 22:29:56)
[2019.08.19-20.29.56:902][736]LogPlayLevel: Creating play world package: /Game/Levels/UEDPIE_0_Menu
[2019.08.19-20.29.56:904][736]LogPlayLevel: PIE: StaticDuplicateObject took: (0.001334s)
[2019.08.19-20.29.56:905][736]LogAIModule: Creating AISystem for world Menu
[2019.08.19-20.29.56:905][736]LogPlayLevel: PIE: World Init took: (0.000477s)
[2019.08.19-20.29.56:905][736]LogPlayLevel: PIE: Created PIE world by copying editor world from /Game/Levels/Menu.Menu to /Game/Levels/UEDPIE_0_Menu.Menu (0.002795s)
[2019.08.19-20.29.56:934][736]LogUObjectHash: Compacting FUObjectHashTables data took   1.62ms
[2019.08.19-20.29.56:939][736]LogInit: XAudio2 using 'Speaker/HP (Realtek(R) Audio)' : 2 channels at 48 kHz using 32 bits per sample (channel mask 0x3)
[2019.08.19-20.29.56:949][736]LogInit: FAudioDevice initialized.
[2019.08.19-20.29.56:956][736]LogSlate: Updating window title bar state: overlay mode, drag disabled, window buttons hidden, title bar hidden
[2019.08.19-20.29.56:997][736]LogLoad: Game class is 'GameModeBase'
[2019.08.19-20.29.57:001][736]LogWorld: Bringing World /Game/Levels/UEDPIE_0_Menu.Menu up for play (max tick rate 60) at 2019.08.19-21.29.57
[2019.08.19-20.29.57:002][736]LogWorld: Bringing up level for play took: 0.001499
[2019.08.19-20.29.57:018][736]LogPlayerController: Error: InputMode:UIOnly - Attempting to focus Non-Focusable widget SObjectWidget [Widget.cpp(710)]!
[2019.08.19-20.29.57:022][736]PIE: Play in editor start time for /Game/Levels/UEDPIE_0_Menu 1.232
[2019.08.19-20.29.57:022][736]LogBlueprintUserMessages: Late PlayInEditor Detection: Level '/Game/Levels/Menu.Menu:PersistentLevel' has LevelScriptBlueprint '/Game/Levels/Menu.Menu:PersistentLevel.Menu' with GeneratedClass '/Game/Levels/Menu.Menu_C' with ClassGeneratedBy '/Game/Levels/Menu.Menu:PersistentLevel.Menu'
[2019.08.19-20.29.57:843][782]LogSlate: FSceneViewport::OnFocusLost() reason 0
[2019.08.19-20.29.58:160][801]LogNet: Browse: /Game/Levels/Level_1
[2019.08.19-20.29.58:160][801]LogLoad: LoadMap: /Game/Levels/Level_1
[2019.08.19-20.29.58:200][801]LogUObjectHash: Compacting FUObjectHashTables data took   2.18ms
[2019.08.19-20.29.58:430][801]LogAIModule: Creating AISystem for world Level_1
[2019.08.19-20.29.58:430][801]LogLoad: Game class is 'Game_Mode_1_C'
[2019.08.19-20.29.58:830][801]LogWorld: Bringing World /Game/Levels/UEDPIE_0_Level_1.Level_1 up for play (max tick rate 60) at 2019.08.19-21.29.58
[2019.08.19-20.29.58:832][801]LogWorld: Bringing up level for play took: 0.401297
[2019.08.19-20.29.58:839][801]LogLoad: Took 0.678362 seconds to LoadMap(/Game/Levels/Level_1)
[2019.08.19-20.30.51:046][922]LogBlueprintUserMessages: Early EndPlayMap Detection: Level '/Game/Levels/Menu.Menu:PersistentLevel' has LevelScriptBlueprint '/Game/Levels/Menu.Menu:PersistentLevel.Menu' with GeneratedClass '/Game/Levels/Menu.Menu_C' with ClassGeneratedBy '/Game/Levels/Menu.Menu:PersistentLevel.Menu'
[2019.08.19-20.30.51:046][922]LogSlate: Updating window title bar state: overlay mode, drag disabled, window buttons hidden, title bar hidden
[2019.08.19-20.30.51:053][922]LogSlate: Window 'RadRacers Game Preview Standalone (64-bit/PCD3D_SM5)' being destroyed
[2019.08.19-20.30.51:093][922]LogPlayLevel: Display: Shutting down PIE online subsystems
[2019.08.19-20.30.51:093][922]LogBlueprintUserMessages: Late EndPlayMap Detection: Level '/Game/Levels/Menu.Menu:PersistentLevel' has LevelScriptBlueprint '/Game/Levels/Menu.Menu:PersistentLevel.Menu' with GeneratedClass '/Game/Levels/Menu.Menu_C' with ClassGeneratedBy '/Game/Levels/Menu.Menu:PersistentLevel.Menu'
[2019.08.19-20.30.51:143][922]LogUObjectHash: Compacting FUObjectHashTables data took   2.73ms
[2019.08.19-20.30.51:263][929]LogPlayLevel: Display: Destroying online subsystem :Context_6
[2019.08.19-20.31.16:469][999]LogRenderer: Reallocating scene render targets to support 1016x548 Format 10 NumSamples 1 (Frame:1).
[2019.08.19-20.31.39:846][365]LogSlate: FSceneViewport::OnFocusLost() reason 0
[2019.08.19-20.31.39:928][370]LogTemp: Repeating last play command: New Editor Window (PIE)
[2019.08.19-20.31.39:942][370]LogBlueprintUserMessages: Early PlayInEditor Detection: Level '/Game/Levels/Menu.Menu:PersistentLevel' has LevelScriptBlueprint '/Game/Levels/Menu.Menu:PersistentLevel.Menu' with GeneratedClass '/Game/Levels/Menu.Menu_C' with ClassGeneratedBy '/Game/Levels/Menu.Menu:PersistentLevel.Menu'
[2019.08.19-20.31.39:942][370]BlueprintLog: New page: Pre-Play auto-recompile
[2019.08.19-20.31.39:965][370]LogPlayLevel: [PlayLevel] Compiling BP_HoverVehicle before play...
[2019.08.19-20.31.40:256][370]LogScript: Warning: Accessed None trying to read property ControllerReference
	BP_HoverVehicle_C /Engine/Transient.World_1:PersistentLevel.BP_HoverVehicle_C_1
	Function /Game/Blueprints/Main_Vehicle_BP/HoverFriction.BP_HoverVehicle_C:ExecuteUbergraph_BP_HoverVehicle:38BA
[2019.08.19-20.31.40:421][370]LogUObjectHash: Compacting FUObjectHashTables data took   4.89ms
[2019.08.19-20.31.40:421][370]LogPlayLevel: PlayLevel: Blueprint regeneration took 479 ms (1 blueprints)
[2019.08.19-20.31.40:422][370]PIE: New page: PIE session: Menu (19 Aug 2019 22:31:40)
[2019.08.19-20.31.40:422][370]LogPlayLevel: Creating play world package: /Game/Levels/UEDPIE_0_Menu
[2019.08.19-20.31.40:424][370]LogPlayLevel: PIE: StaticDuplicateObject took: (0.001671s)
[2019.08.19-20.31.40:425][370]LogAIModule: Creating AISystem for world Menu
[2019.08.19-20.31.40:425][370]LogPlayLevel: PIE: World Init took: (0.000497s)
[2019.08.19-20.31.40:425][370]LogPlayLevel: PIE: Created PIE world by copying editor world from /Game/Levels/Menu.Menu to /Game/Levels/UEDPIE_0_Menu.Menu (0.002617s)
[2019.08.19-20.31.40:460][370]LogUObjectHash: Compacting FUObjectHashTables data took   1.78ms
[2019.08.19-20.31.40:465][370]LogInit: XAudio2 using 'Speaker/HP (Realtek(R) Audio)' : 2 channels at 48 kHz using 32 bits per sample (channel mask 0x3)
[2019.08.19-20.31.40:476][370]LogInit: FAudioDevice initialized.
[2019.08.19-20.31.40:486][370]LogSlate: Updating window title bar state: overlay mode, drag disabled, window buttons hidden, title bar hidden
[2019.08.19-20.31.40:522][370]LogLoad: Game class is 'GameModeBase'
[2019.08.19-20.31.40:523][370]LogWorld: Bringing World /Game/Levels/UEDPIE_0_Menu.Menu up for play (max tick rate 60) at 2019.08.19-21.31.40
[2019.08.19-20.31.40:523][370]LogWorld: Bringing up level for play took: 0.000449
[2019.08.19-20.31.40:536][370]LogPlayerController: Error: InputMode:UIOnly - Attempting to focus Non-Focusable widget SObjectWidget [Widget.cpp(710)]!
[2019.08.19-20.31.40:539][370]PIE: Play in editor start time for /Game/Levels/UEDPIE_0_Menu 0.749
[2019.08.19-20.31.40:539][370]LogBlueprintUserMessages: Late PlayInEditor Detection: Level '/Game/Levels/Menu.Menu:PersistentLevel' has LevelScriptBlueprint '/Game/Levels/Menu.Menu:PersistentLevel.Menu' with GeneratedClass '/Game/Levels/Menu.Menu_C' with ClassGeneratedBy '/Game/Levels/Menu.Menu:PersistentLevel.Menu'
[2019.08.19-20.31.41:457][412]LogSlate: FSceneViewport::OnFocusLost() reason 0
[2019.08.19-20.31.41:767][427]LogNet: Browse: /Game/Levels/Level_1
[2019.08.19-20.31.41:769][427]LogLoad: LoadMap: /Game/Levels/Level_1
[2019.08.19-20.31.41:816][427]LogUObjectHash: Compacting FUObjectHashTables data took   2.21ms
[2019.08.19-20.31.42:102][427]LogAIModule: Creating AISystem for world Level_1
[2019.08.19-20.31.42:102][427]LogLoad: Game class is 'Game_Mode_1_C'
[2019.08.19-20.31.42:548][427]LogWorld: Bringing World /Game/Levels/UEDPIE_0_Level_1.Level_1 up for play (max tick rate 60) at 2019.08.19-21.31.42
[2019.08.19-20.31.42:550][427]LogWorld: Bringing up level for play took: 0.447044
[2019.08.19-20.31.42:557][427]LogLoad: Took 0.787384 seconds to LoadMap(/Game/Levels/Level_1)
[2019.08.19-20.32.15:137][927]LogBlueprintUserMessages: Early EndPlayMap Detection: Level '/Game/Levels/Menu.Menu:PersistentLevel' has LevelScriptBlueprint '/Game/Levels/Menu.Menu:PersistentLevel.Menu' with GeneratedClass '/Game/Levels/Menu.Menu_C' with ClassGeneratedBy '/Game/Levels/Menu.Menu:PersistentLevel.Menu'
[2019.08.19-20.32.15:138][927]LogSlate: Updating window title bar state: overlay mode, drag disabled, window buttons hidden, title bar hidden
[2019.08.19-20.32.15:148][927]LogSlate: Window 'RadRacers Game Preview Standalone (64-bit/PCD3D_SM5)' being destroyed
[2019.08.19-20.32.15:210][927]LogPlayLevel: Display: Shutting down PIE online subsystems
[2019.08.19-20.32.15:210][927]LogBlueprintUserMessages: Late EndPlayMap Detection: Level '/Game/Levels/Menu.Menu:PersistentLevel' has LevelScriptBlueprint '/Game/Levels/Menu.Menu:PersistentLevel.Menu' with GeneratedClass '/Game/Levels/Menu.Menu_C' with ClassGeneratedBy '/Game/Levels/Menu.Menu:PersistentLevel.Menu'
[2019.08.19-20.32.15:263][927]LogUObjectHash: Compacting FUObjectHashTables data took   2.23ms
[2019.08.19-20.32.15:402][934]LogPlayLevel: Display: Destroying online subsystem :Context_8
[2019.08.19-20.32.58:729][ 19]LogTemp: Repeating last play command: New Editor Window (PIE)
[2019.08.19-20.32.58:745][ 19]LogBlueprintUserMessages: Early PlayInEditor Detection: Level '/Game/Levels/Menu.Menu:PersistentLevel' has LevelScriptBlueprint '/Game/Levels/Menu.Menu:PersistentLevel.Menu' with GeneratedClass '/Game/Levels/Menu.Menu_C' with ClassGeneratedBy '/Game/Levels/Menu.Menu:PersistentLevel.Menu'
[2019.08.19-20.32.58:745][ 19]BlueprintLog: New page: Pre-Play auto-recompile
[2019.08.19-20.32.58:769][ 19]LogPlayLevel: [PlayLevel] Compiling BP_HoverVehicle before play...
[2019.08.19-20.32.59:071][ 19]LogScript: Warning: Accessed None trying to read property ControllerReference
	BP_HoverVehicle_C /Engine/Transient.World_1:PersistentLevel.BP_HoverVehicle_C_2
	Function /Game/Blueprints/Main_Vehicle_BP/HoverFriction.BP_HoverVehicle_C:ExecuteUbergraph_BP_HoverVehicle:38BA
[2019.08.19-20.32.59:221][ 19]LogUObjectHash: Compacting FUObjectHashTables data took   3.36ms
[2019.08.19-20.32.59:221][ 19]LogPlayLevel: PlayLevel: Blueprint regeneration took 476 ms (1 blueprints)
[2019.08.19-20.32.59:221][ 19]PIE: New page: PIE session: Menu (19 Aug 2019 22:32:59)
[2019.08.19-20.32.59:222][ 19]LogPlayLevel: Creating play world package: /Game/Levels/UEDPIE_0_Menu
[2019.08.19-20.32.59:223][ 19]LogPlayLevel: PIE: StaticDuplicateObject took: (0.001363s)
[2019.08.19-20.32.59:224][ 19]LogAIModule: Creating AISystem for world Menu
[2019.08.19-20.32.59:224][ 19]LogPlayLevel: PIE: World Init took: (0.000661s)
[2019.08.19-20.32.59:224][ 19]LogPlayLevel: PIE: Created PIE world by copying editor world from /Game/Levels/Menu.Menu to /Game/Levels/UEDPIE_0_Menu.Menu (0.002131s)
[2019.08.19-20.32.59:257][ 19]LogUObjectHash: Compacting FUObjectHashTables data took   1.76ms
[2019.08.19-20.32.59:262][ 19]LogInit: XAudio2 using 'Speaker/HP (Realtek(R) Audio)' : 2 channels at 48 kHz using 32 bits per sample (channel mask 0x3)
[2019.08.19-20.32.59:274][ 19]LogInit: FAudioDevice initialized.
[2019.08.19-20.32.59:282][ 19]LogSlate: Updating window title bar state: overlay mode, drag disabled, window buttons hidden, title bar hidden
[2019.08.19-20.32.59:314][ 19]LogLoad: Game class is 'GameModeBase'
[2019.08.19-20.32.59:316][ 19]LogWorld: Bringing World /Game/Levels/UEDPIE_0_Menu.Menu up for play (max tick rate 60) at 2019.08.19-21.32.59
[2019.08.19-20.32.59:316][ 19]LogWorld: Bringing up level for play took: 0.000393
[2019.08.19-20.32.59:330][ 19]LogPlayerController: Error: InputMode:UIOnly - Attempting to focus Non-Focusable widget SObjectWidget [Widget.cpp(710)]!
[2019.08.19-20.32.59:333][ 19]PIE: Play in editor start time for /Game/Levels/UEDPIE_0_Menu 1.543
[2019.08.19-20.32.59:333][ 19]LogBlueprintUserMessages: Late PlayInEditor Detection: Level '/Game/Levels/Menu.Menu:PersistentLevel' has LevelScriptBlueprint '/Game/Levels/Menu.Menu:PersistentLevel.Menu' with GeneratedClass '/Game/Levels/Menu.Menu_C' with ClassGeneratedBy '/Game/Levels/Menu.Menu:PersistentLevel.Menu'
[2019.08.19-20.33.00:267][ 65]LogSlate: FSceneViewport::OnFocusLost() reason 0
[2019.08.19-20.33.00:542][ 81]LogNet: Browse: /Game/Levels/Level_1
[2019.08.19-20.33.00:545][ 81]LogLoad: LoadMap: /Game/Levels/Level_1
[2019.08.19-20.33.00:586][ 81]LogUObjectHash: Compacting FUObjectHashTables data took   2.19ms
[2019.08.19-20.33.01:153][ 81]LogAIModule: Creating AISystem for world Level_1
[2019.08.19-20.33.01:154][ 81]LogLoad: Game class is 'Game_Mode_1_C'
[2019.08.19-20.33.02:119][ 81]LogWorld: Bringing World /Game/Levels/UEDPIE_0_Level_1.Level_1 up for play (max tick rate 60) at 2019.08.19-21.33.02
[2019.08.19-20.33.02:122][ 81]LogWorld: Bringing up level for play took: 0.967136
[2019.08.19-20.33.02:131][ 81]LogLoad: Took 1.586140 seconds to LoadMap(/Game/Levels/Level_1)
[2019.08.19-20.33.48:813][216]LogBlueprintUserMessages: Early EndPlayMap Detection: Level '/Game/Levels/Menu.Menu:PersistentLevel' has LevelScriptBlueprint '/Game/Levels/Menu.Menu:PersistentLevel.Menu' with GeneratedClass '/Game/Levels/Menu.Menu_C' with ClassGeneratedBy '/Game/Levels/Menu.Menu:PersistentLevel.Menu'
[2019.08.19-20.33.48:813][216]LogSlate: Updating window title bar state: overlay mode, drag disabled, window buttons hidden, title bar hidden
[2019.08.19-20.33.48:823][216]LogSlate: Window 'RadRacers Game Preview Standalone (64-bit/PCD3D_SM5)' being destroyed
[2019.08.19-20.33.48:862][216]LogPlayLevel: Display: Shutting down PIE online subsystems
[2019.08.19-20.33.48:863][216]LogBlueprintUserMessages: Late EndPlayMap Detection: Level '/Game/Levels/Menu.Menu:PersistentLevel' has LevelScriptBlueprint '/Game/Levels/Menu.Menu:PersistentLevel.Menu' with GeneratedClass '/Game/Levels/Menu.Menu_C' with ClassGeneratedBy '/Game/Levels/Menu.Menu:PersistentLevel.Menu'
[2019.08.19-20.33.48:912][216]LogUObjectHash: Compacting FUObjectHashTables data took   2.13ms
[2019.08.19-20.33.49:050][223]LogPlayLevel: Display: Destroying online subsystem :Context_9
[2019.08.19-20.33.54:334][525]LogSlate: FSceneViewport::OnFocusLost() reason 0
[2019.08.19-20.35.14:581][959]LogSelectionDetails: Warning: NavigateToFunctionSource:  Unable to find symbols for 'USceneComponent::ToggleVisibility' [Element not found.]
[2019.08.19-20.35.52:401][ 33]LogTemp: Repeating last play command: New Editor Window (PIE)
[2019.08.19-20.35.52:416][ 33]LogBlueprintUserMessages: Early PlayInEditor Detection: Level '/Game/Levels/Menu.Menu:PersistentLevel' has LevelScriptBlueprint '/Game/Levels/Menu.Menu:PersistentLevel.Menu' with GeneratedClass '/Game/Levels/Menu.Menu_C' with ClassGeneratedBy '/Game/Levels/Menu.Menu:PersistentLevel.Menu'
[2019.08.19-20.35.52:416][ 33]BlueprintLog: New page: Pre-Play auto-recompile
[2019.08.19-20.35.52:439][ 33]LogPlayLevel: [PlayLevel] Compiling BP_HoverVehicle before play...
[2019.08.19-20.35.52:773][ 33]LogScript: Warning: Accessed None trying to read property ControllerReference
	BP_HoverVehicle_C /Engine/Transient.World_1:PersistentLevel.BP_HoverVehicle_C_3
	Function /Game/Blueprints/Main_Vehicle_BP/HoverFriction.BP_HoverVehicle_C:ExecuteUbergraph_BP_HoverVehicle:38BA
[2019.08.19-20.35.52:940][ 33]LogUObjectHash: Compacting FUObjectHashTables data took   3.73ms
[2019.08.19-20.35.52:940][ 33]LogPlayLevel: PlayLevel: Blueprint regeneration took 523 ms (1 blueprints)
[2019.08.19-20.35.52:940][ 33]PIE: New page: PIE session: Menu (19 Aug 2019 22:35:52)
[2019.08.19-20.35.52:941][ 33]LogPlayLevel: Creating play world package: /Game/Levels/UEDPIE_0_Menu
[2019.08.19-20.35.52:942][ 33]LogPlayLevel: PIE: StaticDuplicateObject took: (0.001299s)
[2019.08.19-20.35.52:943][ 33]LogAIModule: Creating AISystem for world Menu
[2019.08.19-20.35.52:943][ 33]LogPlayLevel: PIE: World Init took: (0.000503s)
[2019.08.19-20.35.52:943][ 33]LogPlayLevel: PIE: Created PIE world by copying editor world from /Game/Levels/Menu.Menu to /Game/Levels/UEDPIE_0_Menu.Menu (0.001908s)
[2019.08.19-20.35.52:973][ 33]LogUObjectHash: Compacting FUObjectHashTables data took   1.64ms
[2019.08.19-20.35.52:979][ 33]LogInit: XAudio2 using 'Speaker/HP (Realtek(R) Audio)' : 2 channels at 48 kHz using 32 bits per sample (channel mask 0x3)
[2019.08.19-20.35.52:990][ 33]LogInit: FAudioDevice initialized.
[2019.08.19-20.35.52:997][ 33]LogSlate: Updating window title bar state: overlay mode, drag disabled, window buttons hidden, title bar hidden
[2019.08.19-20.35.53:033][ 33]LogLoad: Game class is 'GameModeBase'
[2019.08.19-20.35.53:034][ 33]LogWorld: Bringing World /Game/Levels/UEDPIE_0_Menu.Menu up for play (max tick rate 60) at 2019.08.19-21.35.53
[2019.08.19-20.35.53:034][ 33]LogWorld: Bringing up level for play took: 0.000426
[2019.08.19-20.35.53:048][ 33]LogPlayerController: Error: InputMode:UIOnly - Attempting to focus Non-Focusable widget SObjectWidget [Widget.cpp(710)]!
[2019.08.19-20.35.53:051][ 33]PIE: Play in editor start time for /Game/Levels/UEDPIE_0_Menu 1.261
[2019.08.19-20.35.53:051][ 33]LogBlueprintUserMessages: Late PlayInEditor Detection: Level '/Game/Levels/Menu.Menu:PersistentLevel' has LevelScriptBlueprint '/Game/Levels/Menu.Menu:PersistentLevel.Menu' with GeneratedClass '/Game/Levels/Menu.Menu_C' with ClassGeneratedBy '/Game/Levels/Menu.Menu:PersistentLevel.Menu'
[2019.08.19-20.35.53:599][ 66]LogSlate: FSceneViewport::OnFocusLost() reason 0
[2019.08.19-20.35.53:800][ 78]LogNet: Browse: /Game/Levels/Level_1
[2019.08.19-20.35.53:800][ 78]LogLoad: LoadMap: /Game/Levels/Level_1
[2019.08.19-20.35.53:837][ 78]LogUObjectHash: Compacting FUObjectHashTables data took   2.16ms
[2019.08.19-20.35.54:063][ 78]LogAIModule: Creating AISystem for world Level_1
[2019.08.19-20.35.54:063][ 78]LogLoad: Game class is 'Game_Mode_1_C'
[2019.08.19-20.35.54:455][ 78]LogWorld: Bringing World /Game/Levels/UEDPIE_0_Level_1.Level_1 up for play (max tick rate 60) at 2019.08.19-21.35.54
[2019.08.19-20.35.54:458][ 78]LogWorld: Bringing up level for play took: 0.394294
[2019.08.19-20.35.54:465][ 78]LogLoad: Took 0.664943 seconds to LoadMap(/Game/Levels/Level_1)
[2019.08.19-20.36.09:089][952]LogBlueprintUserMessages: Early EndPlayMap Detection: Level '/Game/Levels/Menu.Menu:PersistentLevel' has LevelScriptBlueprint '/Game/Levels/Menu.Menu:PersistentLevel.Menu' with GeneratedClass '/Game/Levels/Menu.Menu_C' with ClassGeneratedBy '/Game/Levels/Menu.Menu:PersistentLevel.Menu'
[2019.08.19-20.36.09:090][952]LogSlate: Updating window title bar state: overlay mode, drag disabled, window buttons hidden, title bar hidden
[2019.08.19-20.36.09:098][952]LogSlate: Window 'RadRacers Game Preview Standalone (64-bit/PCD3D_SM5)' being destroyed
[2019.08.19-20.36.09:148][952]LogPlayLevel: Display: Shutting down PIE online subsystems
[2019.08.19-20.36.09:148][952]LogBlueprintUserMessages: Late EndPlayMap Detection: Level '/Game/Levels/Menu.Menu:PersistentLevel' has LevelScriptBlueprint '/Game/Levels/Menu.Menu:PersistentLevel.Menu' with GeneratedClass '/Game/Levels/Menu.Menu_C' with ClassGeneratedBy '/Game/Levels/Menu.Menu:PersistentLevel.Menu'
[2019.08.19-20.36.09:216][952]LogUObjectHash: Compacting FUObjectHashTables data took   1.81ms
[2019.08.19-20.36.09:338][959]LogPlayLevel: Display: Destroying online subsystem :Context_10
[2019.08.19-20.37.39:589][521]LogSlate: FSceneViewport::OnFocusLost() reason 0
[2019.08.19-20.38.00:454][639]LogSlate: FSceneViewport::OnFocusLost() reason 0
[2019.08.19-20.42.58:410][500]LogTemp: Repeating last play command: New Editor Window (PIE)
[2019.08.19-20.42.58:428][500]LogBlueprintUserMessages: Early PlayInEditor Detection: Level '/Game/Levels/Menu.Menu:PersistentLevel' has LevelScriptBlueprint '/Game/Levels/Menu.Menu:PersistentLevel.Menu' with GeneratedClass '/Game/Levels/Menu.Menu_C' with ClassGeneratedBy '/Game/Levels/Menu.Menu:PersistentLevel.Menu'
[2019.08.19-20.42.58:428][500]BlueprintLog: New page: Pre-Play auto-recompile
[2019.08.19-20.42.58:459][500]LogPlayLevel: [PlayLevel] Compiling BP_HoverVehicle before play...
[2019.08.19-20.42.58:775][500]LogScript: Warning: Accessed None trying to read property ControllerReference
	BP_HoverVehicle_C /Engine/Transient.World_1:PersistentLevel.BP_HoverVehicle_C_4
	Function /Game/Blueprints/Main_Vehicle_BP/HoverFriction.BP_HoverVehicle_C:ExecuteUbergraph_BP_HoverVehicle:38BA
[2019.08.19-20.42.58:953][500]LogUObjectHash: Compacting FUObjectHashTables data took   3.87ms
[2019.08.19-20.42.58:954][500]LogPlayLevel: PlayLevel: Blueprint regeneration took 525 ms (1 blueprints)
[2019.08.19-20.42.58:954][500]PIE: New page: PIE session: Menu (19 Aug 2019 22:42:58)
[2019.08.19-20.42.58:954][500]LogPlayLevel: Creating play world package: /Game/Levels/UEDPIE_0_Menu
[2019.08.19-20.42.58:956][500]LogPlayLevel: PIE: StaticDuplicateObject took: (0.001452s)
[2019.08.19-20.42.58:957][500]LogAIModule: Creating AISystem for world Menu
[2019.08.19-20.42.58:957][500]LogPlayLevel: PIE: World Init took: (0.000634s)
[2019.08.19-20.42.58:957][500]LogPlayLevel: PIE: Created PIE world by copying editor world from /Game/Levels/Menu.Menu to /Game/Levels/UEDPIE_0_Menu.Menu (0.002497s)
[2019.08.19-20.42.58:993][500]LogUObjectHash: Compacting FUObjectHashTables data took   1.74ms
[2019.08.19-20.42.58:998][500]LogInit: XAudio2 using 'Speaker/HP (Realtek(R) Audio)' : 2 channels at 48 kHz using 32 bits per sample (channel mask 0x3)
[2019.08.19-20.42.59:009][500]LogInit: FAudioDevice initialized.
[2019.08.19-20.42.59:017][500]LogSlate: Updating window title bar state: overlay mode, drag disabled, window buttons hidden, title bar hidden
[2019.08.19-20.42.59:050][500]LogLoad: Game class is 'GameModeBase'
[2019.08.19-20.42.59:052][500]LogWorld: Bringing World /Game/Levels/UEDPIE_0_Menu.Menu up for play (max tick rate 60) at 2019.08.19-21.42.59
[2019.08.19-20.42.59:052][500]LogWorld: Bringing up level for play took: 0.000527
[2019.08.19-20.42.59:066][500]LogPlayerController: Error: InputMode:UIOnly - Attempting to focus Non-Focusable widget SObjectWidget [Widget.cpp(710)]!
[2019.08.19-20.42.59:070][500]PIE: Play in editor start time for /Game/Levels/UEDPIE_0_Menu 1.28
[2019.08.19-20.42.59:070][500]LogBlueprintUserMessages: Late PlayInEditor Detection: Level '/Game/Levels/Menu.Menu:PersistentLevel' has LevelScriptBlueprint '/Game/Levels/Menu.Menu:PersistentLevel.Menu' with GeneratedClass '/Game/Levels/Menu.Menu_C' with ClassGeneratedBy '/Game/Levels/Menu.Menu:PersistentLevel.Menu'
[2019.08.19-20.42.59:876][547]LogSlate: FSceneViewport::OnFocusLost() reason 0
[2019.08.19-20.43.03:357][755]LogNet: Browse: /Game/Levels/Level_1
[2019.08.19-20.43.03:357][755]LogLoad: LoadMap: /Game/Levels/Level_1
[2019.08.19-20.43.03:403][755]LogUObjectHash: Compacting FUObjectHashTables data took   2.39ms
[2019.08.19-20.43.03:621][755]LogAIModule: Creating AISystem for world Level_1
[2019.08.19-20.43.03:621][755]LogLoad: Game class is 'Game_Mode_1_C'
[2019.08.19-20.43.04:037][755]LogWorld: Bringing World /Game/Levels/UEDPIE_0_Level_1.Level_1 up for play (max tick rate 60) at 2019.08.19-21.43.04
[2019.08.19-20.43.04:040][755]LogWorld: Bringing up level for play took: 0.417174
[2019.08.19-20.43.04:048][755]LogLoad: Took 0.690434 seconds to LoadMap(/Game/Levels/Level_1)
[2019.08.19-20.43.21:192][720]LogBlueprintUserMessages: Early EndPlayMap Detection: Level '/Game/Levels/Menu.Menu:PersistentLevel' has LevelScriptBlueprint '/Game/Levels/Menu.Menu:PersistentLevel.Menu' with GeneratedClass '/Game/Levels/Menu.Menu_C' with ClassGeneratedBy '/Game/Levels/Menu.Menu:PersistentLevel.Menu'
[2019.08.19-20.43.21:193][720]LogSlate: Updating window title bar state: overlay mode, drag disabled, window buttons hidden, title bar hidden
[2019.08.19-20.43.21:201][720]LogSlate: Window 'RadRacers Game Preview Standalone (64-bit/PCD3D_SM5)' being destroyed
[2019.08.19-20.43.21:250][720]LogPlayLevel: Display: Shutting down PIE online subsystems
[2019.08.19-20.43.21:250][720]LogBlueprintUserMessages: Late EndPlayMap Detection: Level '/Game/Levels/Menu.Menu:PersistentLevel' has LevelScriptBlueprint '/Game/Levels/Menu.Menu:PersistentLevel.Menu' with GeneratedClass '/Game/Levels/Menu.Menu_C' with ClassGeneratedBy '/Game/Levels/Menu.Menu:PersistentLevel.Menu'
[2019.08.19-20.43.21:306][720]LogUObjectHash: Compacting FUObjectHashTables data took   1.87ms
[2019.08.19-20.43.21:416][727]LogPlayLevel: Display: Destroying online subsystem :Context_11
[2019.08.19-20.43.24:723][925]LogSlate: Warning: Legacy localized fallback font '../../../Engine/Content/Slate/Fonts/DroidSansFallback.ttf' was requested. Font: '/Game/UI/Rafttel_Script_DEMO.Rafttel_Script_DEMO', Character: '_ (U+005f)'
Legacy localized fallback fonts were deprecated in 4.22 and will be removed in a future version!
Please update your composite fonts to use localized sub-font families: https://docs.unrealengine.com/en-US/Engine/UMG/UserGuide/Fonts/Overview
[2019.08.19-20.43.24:735][925]LogSlate: Took 0.011525 seconds to synchronously load lazily loaded font '../../../Engine/Content/Slate/Fonts/DroidSansFallback.ttf' (3848K)
[2019.08.19-20.43.29:765][225]LogAssetEditorManager: Opening Asset editor for SoundWave /Game/Sound/Explosion.Explosion
[2019.08.19-20.43.34:216][481]LogSlate: Window 'Explosion' being destroyed
[2019.08.19-20.43.34:223][481]LogSlate: Window 'Explosion' being destroyed
[2019.08.19-20.43.34:224][481]LogScript: Warning: Accessed None trying to read property ControllerReference
	BP_HoverVehicle_C /Engine/Transient.World_2:PersistentLevel.BP_HoverVehicle_C_0
	Function /Game/Blueprints/Main_Vehicle_BP/HoverFriction.BP_HoverVehicle_C:ExecuteUbergraph_BP_HoverVehicle:38BA
[2019.08.19-20.43.34:306][481]LogActorComponent: UnregisterComponent: (/Engine/Transient.EditorFloorComp) Not registered. Aborting.
[2019.08.19-20.43.36:854][628]LogAssetEditorManager: Opening Asset editor for SoundWave /Game/Sound/Shunt.Shunt
[2019.08.19-20.43.39:562][783]LogSlate: Window 'Shunt' being destroyed
[2019.08.19-20.43.39:578][783]LogSlate: Window 'Shunt' being destroyed
[2019.08.19-20.43.44:520][ 79]LogTemp: Repeating last play command: New Editor Window (PIE)
[2019.08.19-20.43.44:529][ 79]LogBlueprintUserMessages: Early PlayInEditor Detection: Level '/Game/Levels/Menu.Menu:PersistentLevel' has LevelScriptBlueprint '/Game/Levels/Menu.Menu:PersistentLevel.Menu' with GeneratedClass '/Game/Levels/Menu.Menu_C' with ClassGeneratedBy '/Game/Levels/Menu.Menu:PersistentLevel.Menu'
[2019.08.19-20.43.44:529][ 79]LogPlayLevel: PlayLevel: No blueprints needed recompiling
[2019.08.19-20.43.44:530][ 79]PIE: New page: PIE session: Menu (19 Aug 2019 22:43:44)
[2019.08.19-20.43.44:530][ 79]LogPlayLevel: Creating play world package: /Game/Levels/UEDPIE_0_Menu
[2019.08.19-20.43.44:531][ 79]LogPlayLevel: PIE: StaticDuplicateObject took: (0.001212s)
[2019.08.19-20.43.44:531][ 79]LogAIModule: Creating AISystem for world Menu
[2019.08.19-20.43.44:532][ 79]LogPlayLevel: PIE: World Init took: (0.000667s)
[2019.08.19-20.43.44:532][ 79]LogPlayLevel: PIE: Created PIE world by copying editor world from /Game/Levels/Menu.Menu to /Game/Levels/UEDPIE_0_Menu.Menu (0.001985s)
[2019.08.19-20.43.44:572][ 79]LogUObjectHash: Compacting FUObjectHashTables data took   3.94ms
[2019.08.19-20.43.44:579][ 79]LogInit: XAudio2 using 'Speaker/HP (Realtek(R) Audio)' : 2 channels at 48 kHz using 32 bits per sample (channel mask 0x3)
[2019.08.19-20.43.44:590][ 79]LogInit: FAudioDevice initialized.
[2019.08.19-20.43.44:598][ 79]LogSlate: Updating window title bar state: overlay mode, drag disabled, window buttons hidden, title bar hidden
[2019.08.19-20.43.44:629][ 79]LogLoad: Game class is 'GameModeBase'
[2019.08.19-20.43.44:630][ 79]LogWorld: Bringing World /Game/Levels/UEDPIE_0_Menu.Menu up for play (max tick rate 60) at 2019.08.19-21.43.44
[2019.08.19-20.43.44:630][ 79]LogWorld: Bringing up level for play took: 0.000417
[2019.08.19-20.43.44:646][ 79]LogPlayerController: Error: InputMode:UIOnly - Attempting to focus Non-Focusable widget SObjectWidget [Widget.cpp(710)]!
[2019.08.19-20.43.44:647][ 79]PIE: Play in editor start time for /Game/Levels/UEDPIE_0_Menu 0.857
[2019.08.19-20.43.44:648][ 79]LogBlueprintUserMessages: Late PlayInEditor Detection: Level '/Game/Levels/Menu.Menu:PersistentLevel' has LevelScriptBlueprint '/Game/Levels/Menu.Menu:PersistentLevel.Menu' with GeneratedClass '/Game/Levels/Menu.Menu_C' with ClassGeneratedBy '/Game/Levels/Menu.Menu:PersistentLevel.Menu'
[2019.08.19-20.43.45:418][125]LogSlate: FSceneViewport::OnFocusLost() reason 0
[2019.08.19-20.43.50:186][411]LogNet: Browse: /Game/Levels/Level_1
[2019.08.19-20.43.50:187][411]LogLoad: LoadMap: /Game/Levels/Level_1
[2019.08.19-20.43.50:224][411]LogUObjectHash: Compacting FUObjectHashTables data took   2.29ms
[2019.08.19-20.43.50:408][411]LogAIModule: Creating AISystem for world Level_1
[2019.08.19-20.43.50:409][411]LogLoad: Game class is 'Game_Mode_1_C'
[2019.08.19-20.43.50:830][411]LogWorld: Bringing World /Game/Levels/UEDPIE_0_Level_1.Level_1 up for play (max tick rate 60) at 2019.08.19-21.43.50
[2019.08.19-20.43.50:832][411]LogWorld: Bringing up level for play took: 0.422050
[2019.08.19-20.43.50:842][411]LogLoad: Took 0.655438 seconds to LoadMap(/Game/Levels/Level_1)
[2019.08.19-20.44.16:687][878]LogBlueprintUserMessages: Early EndPlayMap Detection: Level '/Game/Levels/Menu.Menu:PersistentLevel' has LevelScriptBlueprint '/Game/Levels/Menu.Menu:PersistentLevel.Menu' with GeneratedClass '/Game/Levels/Menu.Menu_C' with ClassGeneratedBy '/Game/Levels/Menu.Menu:PersistentLevel.Menu'
[2019.08.19-20.44.16:688][878]LogSlate: Updating window title bar state: overlay mode, drag disabled, window buttons hidden, title bar hidden
[2019.08.19-20.44.16:698][878]LogSlate: Window 'RadRacers Game Preview Standalone (64-bit/PCD3D_SM5)' being destroyed
[2019.08.19-20.44.16:745][878]LogPlayLevel: Display: Shutting down PIE online subsystems
[2019.08.19-20.44.16:745][878]LogBlueprintUserMessages: Late EndPlayMap Detection: Level '/Game/Levels/Menu.Menu:PersistentLevel' has LevelScriptBlueprint '/Game/Levels/Menu.Menu:PersistentLevel.Menu' with GeneratedClass '/Game/Levels/Menu.Menu_C' with ClassGeneratedBy '/Game/Levels/Menu.Menu:PersistentLevel.Menu'
[2019.08.19-20.44.16:801][878]LogUObjectHash: Compacting FUObjectHashTables data took   2.36ms
[2019.08.19-20.44.16:919][885]LogPlayLevel: Display: Destroying online subsystem :Context_12
[2019.08.19-20.44.45:135][464]LogUObjectHash: Compacting FUObjectHashTables data took   0.84ms
[2019.08.19-20.44.45:135][464]LogFileHelpers: Editor autosave (incl. sublevels) for '/Game/Levels/Menu' took 0.034
[2019.08.19-20.44.45:137][464]OBJ SavePackage: Generating thumbnails for [1] asset(s) in package [/Game/Blueprints/Main_Vehicle_BP/HoverFriction] ([1] browsable assets)...
[2019.08.19-20.44.45:177][464]OBJ SavePackage:     Rendered thumbnail for [Blueprint /Game/Blueprints/Main_Vehicle_BP/HoverFriction.BP_HoverVehicle]
[2019.08.19-20.44.45:177][464]OBJ SavePackage: Finished generating thumbnails for package [/Game/Blueprints/Main_Vehicle_BP/HoverFriction]
[2019.08.19-20.44.45:617][464]LogSavePackage: Moving '../../../../../../../Users/Thomas.L-M.ADM/Documents/GitHub/RadRacers/RadRacersFinal/Saved/HoverFriction_Auto11FBFACAB41B142734FCB7C9FB66C324D.tmp' to '../../../../../../../Users/Thomas.L-M.ADM/Documents/GitHub/RadRacers/RadRacersFinal/Saved/Autosaves/Game/Blueprints/Main_Vehicle_BP/HoverFriction_Auto1.uasset'
[2019.08.19-20.44.45:626][464]OBJ SavePackage: Generating thumbnails for [1] asset(s) in package [/Game/Sound/Explosion] ([1] browsable assets)...
[2019.08.19-20.44.45:631][464]OBJ SavePackage:     Rendered thumbnail for [SoundWave /Game/Sound/Explosion.Explosion]
[2019.08.19-20.44.45:631][464]OBJ SavePackage: Finished generating thumbnails for package [/Game/Sound/Explosion]
[2019.08.19-20.44.45:639][464]LogSavePackage: Moving '../../../../../../../Users/Thomas.L-M.ADM/Documents/GitHub/RadRacers/RadRacersFinal/Saved/Explosion_Auto161AB085C4F3EF524F1EB8CA4D961EDAE.tmp' to '../../../../../../../Users/Thomas.L-M.ADM/Documents/GitHub/RadRacers/RadRacersFinal/Saved/Autosaves/Game/Sound/Explosion_Auto1.uasset'
[2019.08.19-20.44.45:643][464]OBJ SavePackage: Generating thumbnails for [1] asset(s) in package [/Game/Sound/Shunt] ([1] browsable assets)...
[2019.08.19-20.44.45:648][464]OBJ SavePackage:     Rendered thumbnail for [SoundWave /Game/Sound/Shunt.Shunt]
[2019.08.19-20.44.45:648][464]OBJ SavePackage: Finished generating thumbnails for package [/Game/Sound/Shunt]
[2019.08.19-20.44.45:655][464]LogSavePackage: Moving '../../../../../../../Users/Thomas.L-M.ADM/Documents/GitHub/RadRacers/RadRacersFinal/Saved/Shunt_Auto168021F18472BE8F063D6B0AF65871608.tmp' to '../../../../../../../Users/Thomas.L-M.ADM/Documents/GitHub/RadRacers/RadRacersFinal/Saved/Autosaves/Game/Sound/Shunt_Auto1.uasset'
[2019.08.19-20.44.45:659][464]OBJ SavePackage: Generating thumbnails for [0] asset(s) in package [/Game/Blueprints/Game_Master_BP/GameMaster] ([1] browsable assets)...
[2019.08.19-20.44.45:659][464]OBJ SavePackage: Finished generating thumbnails for package [/Game/Blueprints/Game_Master_BP/GameMaster]
[2019.08.19-20.44.45:698][464]LogSavePackage: Moving '../../../../../../../Users/Thomas.L-M.ADM/Documents/GitHub/RadRacers/RadRacersFinal/Saved/GameMaster_Auto1013F27B84F191388B5DEB7B6CFA81FA6.tmp' to '../../../../../../../Users/Thomas.L-M.ADM/Documents/GitHub/RadRacers/RadRacersFinal/Saved/Autosaves/Game/Blueprints/Game_Master_BP/GameMaster_Auto1.uasset'
[2019.08.19-20.44.45:702][464]LogFileHelpers: Auto-saving content packages took 0.567
[2019.08.19-20.54.12:308][985]LogUObjectHash: Compacting FUObjectHashTables data took   2.20ms
[2019.08.19-20.54.12:752][985]LogSavePackage: Moving '../../../../../../../Users/Thomas.L-M.ADM/Documents/GitHub/RadRacers/RadRacersFinal/Saved/HoverFriction6FD09013425BDACCA3FBD8A749DD3EFE.tmp' to '../../../../../../../Users/Thomas.L-M.ADM/Documents/GitHub/RadRacers/RadRacersFinal/Content/Blueprints/Main_Vehicle_BP/HoverFriction.uasset'
[2019.08.19-20.54.12:761][985]Cmd: OBJ SAVEPACKAGE PACKAGE="/Game/Sound/Explosion" FILE="../../../../../../../Users/Thomas.L-M.ADM/Documents/GitHub/RadRacers/RadRacersFinal/Content/Sound/Explosion.uasset" SILENT=true
[2019.08.19-20.54.12:769][985]LogSavePackage: Moving '../../../../../../../Users/Thomas.L-M.ADM/Documents/GitHub/RadRacers/RadRacersFinal/Saved/Explosion4D8F8DF54613B60D183C598213E91120.tmp' to '../../../../../../../Users/Thomas.L-M.ADM/Documents/GitHub/RadRacers/RadRacersFinal/Content/Sound/Explosion.uasset'
[2019.08.19-20.54.12:777][985]Cmd: OBJ SAVEPACKAGE PACKAGE="/Game/Sound/Shunt" FILE="../../../../../../../Users/Thomas.L-M.ADM/Documents/GitHub/RadRacers/RadRacersFinal/Content/Sound/Shunt.uasset" SILENT=true
[2019.08.19-20.54.12:787][985]LogSavePackage: Moving '../../../../../../../Users/Thomas.L-M.ADM/Documents/GitHub/RadRacers/RadRacersFinal/Saved/Shunt9AA22B23482782363EAE92A8E09CB183.tmp' to '../../../../../../../Users/Thomas.L-M.ADM/Documents/GitHub/RadRacers/RadRacersFinal/Content/Sound/Shunt.uasset'
[2019.08.19-20.54.12:831][985]LogSavePackage: Moving '../../../../../../../Users/Thomas.L-M.ADM/Documents/GitHub/RadRacers/RadRacersFinal/Saved/GameMasterE145F8ED48E37939F44C26ABE42B360D.tmp' to '../../../../../../../Users/Thomas.L-M.ADM/Documents/GitHub/RadRacers/RadRacersFinal/Content/Blueprints/Game_Master_BP/GameMaster.uasset'
